<?xml version="1.0" encoding="UTF-8"?>
<coverage generated="1707378795723" clover="3.2.0">
  <project timestamp="1707378795724" name="All files">
    <metrics statements="631" coveredstatements="333" conditionals="195" coveredconditionals="113" methods="172" coveredmethods="100" elements="998" coveredelements="546" complexity="0" loc="631" ncloc="631" packages="23" files="42" classes="42"/>
    <package name="src">
      <metrics statements="29" coveredstatements="0" conditionals="0" coveredconditionals="0" methods="6" coveredmethods="0"/>
      <file name="App.tsx" path="C:\wamp64\www\DWWM\Stage Whis\AppLogin\client\src\App.tsx">
        <metrics statements="23" coveredstatements="0" conditionals="0" coveredconditionals="0" methods="6" coveredmethods="0"/>
        <line num="1" count="0" type="stmt"/>
        <line num="2" count="0" type="stmt"/>
        <line num="3" count="0" type="stmt"/>
        <line num="4" count="0" type="stmt"/>
        <line num="5" count="0" type="stmt"/>
        <line num="6" count="0" type="stmt"/>
        <line num="7" count="0" type="stmt"/>
        <line num="8" count="0" type="stmt"/>
        <line num="9" count="0" type="stmt"/>
        <line num="10" count="0" type="stmt"/>
        <line num="11" count="0" type="stmt"/>
        <line num="12" count="0" type="stmt"/>
        <line num="15" count="0" type="stmt"/>
        <line num="16" count="0" type="stmt"/>
        <line num="17" count="0" type="stmt"/>
        <line num="20" count="0" type="stmt"/>
        <line num="21" count="0" type="stmt"/>
        <line num="22" count="0" type="stmt"/>
        <line num="23" count="0" type="stmt"/>
        <line num="24" count="0" type="stmt"/>
        <line num="27" count="0" type="stmt"/>
        <line num="30" count="0" type="stmt"/>
        <line num="57" count="0" type="stmt"/>
      </file>
      <file name="index.tsx" path="C:\wamp64\www\DWWM\Stage Whis\AppLogin\client\src\index.tsx">
        <metrics statements="6" coveredstatements="0" conditionals="0" coveredconditionals="0" methods="0" coveredmethods="0"/>
        <line num="1" count="0" type="stmt"/>
        <line num="2" count="0" type="stmt"/>
        <line num="3" count="0" type="stmt"/>
        <line num="5" count="0" type="stmt"/>
        <line num="6" count="0" type="stmt"/>
        <line num="8" count="0" type="stmt"/>
      </file>
      <file name="react-app-env.d.ts" path="C:\wamp64\www\DWWM\Stage Whis\AppLogin\client\src\react-app-env.d.ts">
        <metrics statements="0" coveredstatements="0" conditionals="0" coveredconditionals="0" methods="0" coveredmethods="0"/>
      </file>
    </package>
    <package name="src.components.Body">
      <metrics statements="27" coveredstatements="0" conditionals="8" coveredconditionals="0" methods="8" coveredmethods="0"/>
      <file name="body.style.ts" path="C:\wamp64\www\DWWM\Stage Whis\AppLogin\client\src\components\Body\body.style.ts">
        <metrics statements="5" coveredstatements="0" conditionals="0" coveredconditionals="0" methods="2" coveredmethods="0"/>
        <line num="1" count="0" type="stmt"/>
        <line num="7" count="0" type="stmt"/>
        <line num="8" count="0" type="stmt"/>
        <line num="15" count="0" type="stmt"/>
        <line num="18" count="0" type="stmt"/>
      </file>
      <file name="index.tsx" path="C:\wamp64\www\DWWM\Stage Whis\AppLogin\client\src\components\Body\index.tsx">
        <metrics statements="22" coveredstatements="0" conditionals="8" coveredconditionals="0" methods="6" coveredmethods="0"/>
        <line num="1" count="0" type="stmt"/>
        <line num="2" count="0" type="stmt"/>
        <line num="3" count="0" type="stmt"/>
        <line num="4" count="0" type="stmt"/>
        <line num="5" count="0" type="stmt"/>
        <line num="6" count="0" type="stmt"/>
        <line num="7" count="0" type="stmt"/>
        <line num="9" count="0" type="stmt"/>
        <line num="16" count="0" type="stmt"/>
        <line num="17" count="0" type="stmt"/>
        <line num="18" count="0" type="stmt"/>
        <line num="20" count="0" type="cond" truecount="0" falsecount="2"/>
        <line num="22" count="0" type="stmt"/>
        <line num="23" count="0" type="stmt"/>
        <line num="24" count="0" type="stmt"/>
        <line num="25" count="0" type="cond" truecount="0" falsecount="6"/>
        <line num="26" count="0" type="stmt"/>
        <line num="32" count="0" type="stmt"/>
        <line num="35" count="0" type="stmt"/>
        <line num="36" count="0" type="stmt"/>
        <line num="39" count="0" type="stmt"/>
        <line num="48" count="0" type="stmt"/>
      </file>
    </package>
    <package name="src.components.Footer">
      <metrics statements="16" coveredstatements="0" conditionals="4" coveredconditionals="0" methods="2" coveredmethods="0"/>
      <file name="footer.style.ts" path="C:\wamp64\www\DWWM\Stage Whis\AppLogin\client\src\components\Footer\footer.style.ts">
        <metrics statements="4" coveredstatements="0" conditionals="0" coveredconditionals="0" methods="1" coveredmethods="0"/>
        <line num="1" count="0" type="stmt"/>
        <line num="7" count="0" type="stmt"/>
        <line num="14" count="0" type="stmt"/>
        <line num="20" count="0" type="stmt"/>
      </file>
      <file name="index.tsx" path="C:\wamp64\www\DWWM\Stage Whis\AppLogin\client\src\components\Footer\index.tsx">
        <metrics statements="12" coveredstatements="0" conditionals="4" coveredconditionals="0" methods="1" coveredmethods="0"/>
        <line num="1" count="0" type="stmt"/>
        <line num="2" count="0" type="stmt"/>
        <line num="3" count="0" type="stmt"/>
        <line num="4" count="0" type="stmt"/>
        <line num="5" count="0" type="stmt"/>
        <line num="9" count="0" type="stmt"/>
        <line num="10" count="0" type="stmt"/>
        <line num="11" count="0" type="stmt"/>
        <line num="13" count="0" type="stmt"/>
        <line num="14" count="0" type="cond" truecount="0" falsecount="4"/>
        <line num="16" count="0" type="stmt"/>
        <line num="24" count="0" type="stmt"/>
      </file>
    </package>
    <package name="src.components.Header">
      <metrics statements="20" coveredstatements="0" conditionals="11" coveredconditionals="0" methods="5" coveredmethods="0"/>
      <file name="header.style.ts" path="C:\wamp64\www\DWWM\Stage Whis\AppLogin\client\src\components\Header\header.style.ts">
        <metrics statements="10" coveredstatements="0" conditionals="4" coveredconditionals="0" methods="4" coveredmethods="0"/>
        <line num="1" count="0" type="stmt"/>
        <line num="3" count="0" type="stmt"/>
        <line num="4" count="0" type="stmt"/>
        <line num="11" count="0" type="stmt"/>
        <line num="17" count="0" type="stmt"/>
        <line num="18" count="0" type="cond" truecount="0" falsecount="2"/>
        <line num="22" count="0" type="stmt"/>
        <line num="34" count="0" type="stmt"/>
        <line num="35" count="0" type="cond" truecount="0" falsecount="2"/>
        <line num="36" count="0" type="stmt"/>
      </file>
      <file name="index.tsx" path="C:\wamp64\www\DWWM\Stage Whis\AppLogin\client\src\components\Header\index.tsx">
        <metrics statements="10" coveredstatements="0" conditionals="7" coveredconditionals="0" methods="1" coveredmethods="0"/>
        <line num="1" count="0" type="stmt"/>
        <line num="2" count="0" type="stmt"/>
        <line num="3" count="0" type="stmt"/>
        <line num="4" count="0" type="stmt"/>
        <line num="8" count="0" type="stmt"/>
        <line num="9" count="0" type="stmt"/>
        <line num="11" count="0" type="cond" truecount="0" falsecount="3"/>
        <line num="13" count="0" type="stmt"/>
        <line num="47" count="0" type="stmt"/>
        <line num="49" count="0" type="stmt"/>
      </file>
    </package>
    <package name="src.components.Input">
      <metrics statements="14" coveredstatements="14" conditionals="5" coveredconditionals="5" methods="6" coveredmethods="6"/>
      <file name="index.tsx" path="C:\wamp64\www\DWWM\Stage Whis\AppLogin\client\src\components\Input\index.tsx">
        <metrics statements="7" coveredstatements="7" conditionals="1" coveredconditionals="1" methods="3" coveredmethods="3"/>
        <line num="1" count="4" type="stmt"/>
        <line num="2" count="4" type="stmt"/>
        <line num="16" count="4" type="stmt"/>
        <line num="27" count="1728" type="stmt"/>
        <line num="37" count="45" type="stmt"/>
        <line num="39" count="213" type="stmt"/>
        <line num="46" count="4" type="stmt"/>
      </file>
      <file name="input.style.ts" path="C:\wamp64\www\DWWM\Stage Whis\AppLogin\client\src\components\Input\input.style.ts">
        <metrics statements="7" coveredstatements="7" conditionals="4" coveredconditionals="4" methods="3" coveredmethods="3"/>
        <line num="1" count="4" type="stmt"/>
        <line num="3" count="4" type="stmt"/>
        <line num="4" count="1728" type="stmt"/>
        <line num="10" count="4" type="stmt"/>
        <line num="15" count="1728" type="cond" truecount="2" falsecount="0"/>
        <line num="18" count="4" type="stmt"/>
        <line num="24" count="1728" type="cond" truecount="2" falsecount="0"/>
      </file>
    </package>
    <package name="src.components.ToggleButton">
      <metrics statements="43" coveredstatements="0" conditionals="14" coveredconditionals="0" methods="10" coveredmethods="0"/>
      <file name="DarkmodeToggle.tsx" path="C:\wamp64\www\DWWM\Stage Whis\AppLogin\client\src\components\ToggleButton\DarkmodeToggle.tsx">
        <metrics statements="13" coveredstatements="0" conditionals="2" coveredconditionals="0" methods="2" coveredmethods="0"/>
        <line num="1" count="0" type="stmt"/>
        <line num="2" count="0" type="stmt"/>
        <line num="3" count="0" type="stmt"/>
        <line num="4" count="0" type="stmt"/>
        <line num="5" count="0" type="stmt"/>
        <line num="11" count="0" type="stmt"/>
        <line num="12" count="0" type="stmt"/>
        <line num="14" count="0" type="stmt"/>
        <line num="16" count="0" type="stmt"/>
        <line num="17" count="0" type="stmt"/>
        <line num="18" count="0" type="cond" truecount="0" falsecount="2"/>
        <line num="21" count="0" type="stmt"/>
        <line num="33" count="0" type="stmt"/>
      </file>
      <file name="LanguageToggle.tsx" path="C:\wamp64\www\DWWM\Stage Whis\AppLogin\client\src\components\ToggleButton\LanguageToggle.tsx">
        <metrics statements="18" coveredstatements="0" conditionals="10" coveredconditionals="0" methods="6" coveredmethods="0"/>
        <line num="1" count="0" type="stmt"/>
        <line num="2" count="0" type="stmt"/>
        <line num="3" count="0" type="stmt"/>
        <line num="4" count="0" type="stmt"/>
        <line num="5" count="0" type="stmt"/>
        <line num="6" count="0" type="stmt"/>
        <line num="12" count="0" type="stmt"/>
        <line num="13" count="0" type="stmt"/>
        <line num="14" count="0" type="stmt"/>
        <line num="21" count="0" type="stmt"/>
        <line num="22" count="0" type="stmt"/>
        <line num="27" count="0" type="cond" truecount="0" falsecount="2"/>
        <line num="29" count="0" type="stmt"/>
        <line num="35" count="0" type="stmt"/>
        <line num="36" count="0" type="stmt"/>
        <line num="37" count="0" type="cond" truecount="0" falsecount="8"/>
        <line num="40" count="0" type="stmt"/>
        <line num="52" count="0" type="stmt"/>
      </file>
      <file name="index.tsx" path="C:\wamp64\www\DWWM\Stage Whis\AppLogin\client\src\components\ToggleButton\index.tsx">
        <metrics statements="3" coveredstatements="0" conditionals="0" coveredconditionals="0" methods="0" coveredmethods="0"/>
        <line num="1" count="0" type="stmt"/>
        <line num="2" count="0" type="stmt"/>
        <line num="4" count="0" type="stmt"/>
      </file>
      <file name="toggleButton.style.ts" path="C:\wamp64\www\DWWM\Stage Whis\AppLogin\client\src\components\ToggleButton\toggleButton.style.ts">
        <metrics statements="9" coveredstatements="0" conditionals="2" coveredconditionals="0" methods="2" coveredmethods="0"/>
        <line num="1" count="0" type="stmt"/>
        <line num="3" count="0" type="stmt"/>
        <line num="4" count="0" type="stmt"/>
        <line num="9" count="0" type="stmt"/>
        <line num="16" count="0" type="stmt"/>
        <line num="40" count="0" type="stmt"/>
        <line num="54" count="0" type="stmt"/>
        <line num="57" count="0" type="cond" truecount="0" falsecount="2"/>
        <line num="60" count="0" type="stmt"/>
      </file>
    </package>
    <package name="src.containers.EditInfosForm">
      <metrics statements="59" coveredstatements="56" conditionals="27" coveredconditionals="22" methods="20" coveredmethods="16"/>
      <file name="form.style.ts" path="C:\wamp64\www\DWWM\Stage Whis\AppLogin\client\src\containers\EditInfosForm\form.style.ts">
        <metrics statements="16" coveredstatements="13" conditionals="13" coveredconditionals="8" methods="8" coveredmethods="5"/>
        <line num="1" count="1" type="stmt"/>
        <line num="3" count="1" type="stmt"/>
        <line num="4" count="0" type="stmt"/>
        <line num="8" count="0" type="cond" truecount="0" falsecount="2"/>
        <line num="9" count="0" type="cond" truecount="0" falsecount="2"/>
        <line num="15" count="1" type="stmt"/>
        <line num="22" count="1" type="stmt"/>
        <line num="32" count="126" type="stmt"/>
        <line num="37" count="1" type="stmt"/>
        <line num="38" count="126" type="stmt"/>
        <line num="49" count="1" type="stmt"/>
        <line num="50" count="126" type="cond" truecount="1" falsecount="1"/>
        <line num="51" count="126" type="cond" truecount="5" falsecount="0"/>
        <line num="54" count="126" type="cond" truecount="2" falsecount="0"/>
        <line num="60" count="1" type="stmt"/>
        <line num="65" count="1" type="stmt"/>
      </file>
      <file name="index.tsx" path="C:\wamp64\www\DWWM\Stage Whis\AppLogin\client\src\containers\EditInfosForm\index.tsx">
        <metrics statements="43" coveredstatements="43" conditionals="14" coveredconditionals="14" methods="12" coveredmethods="11"/>
        <line num="1" count="1" type="stmt"/>
        <line num="4" count="1" type="stmt"/>
        <line num="5" count="1" type="stmt"/>
        <line num="6" count="1" type="stmt"/>
        <line num="8" count="1" type="stmt"/>
        <line num="9" count="1" type="stmt"/>
        <line num="10" count="1" type="stmt"/>
        <line num="11" count="1" type="stmt"/>
        <line num="13" count="1" type="stmt"/>
        <line num="14" count="126" type="stmt"/>
        <line num="15" count="126" type="stmt"/>
        <line num="19" count="126" type="stmt"/>
        <line num="42" count="126" type="stmt"/>
        <line num="43" count="126" type="stmt"/>
        <line num="46" count="126" type="stmt"/>
        <line num="47" count="16" type="cond" truecount="2" falsecount="0"/>
        <line num="48" count="16" type="cond" truecount="4" falsecount="0"/>
        <line num="49" count="16" type="cond" truecount="2" falsecount="0"/>
        <line num="50" count="16" type="stmt"/>
        <line num="54" count="126" type="stmt"/>
        <line num="55" count="34" type="stmt"/>
        <line num="59" count="126" type="stmt"/>
        <line num="60" count="16" type="stmt"/>
        <line num="61" count="16" type="stmt"/>
        <line num="62" count="16" type="stmt"/>
        <line num="73" count="126" type="stmt"/>
        <line num="75" count="1" type="stmt"/>
        <line num="81" count="1" type="stmt"/>
        <line num="84" count="1" type="stmt"/>
        <line num="87" count="126" type="stmt"/>
        <line num="88" count="3" type="stmt"/>
        <line num="89" count="3" type="stmt"/>
        <line num="90" count="3" type="stmt"/>
        <line num="97" count="3" type="stmt"/>
        <line num="98" count="15" type="stmt"/>
        <line num="99" count="15" type="cond" truecount="2" falsecount="0"/>
        <line num="100" count="15" type="cond" truecount="3" falsecount="0"/>
        <line num="102" count="3" type="cond" truecount="1" falsecount="0"/>
        <line num="103" count="2" type="stmt"/>
        <line num="104" count="1" type="stmt"/>
        <line num="105" count="1" type="stmt"/>
        <line num="109" count="126" type="stmt"/>
        <line num="165" count="1" type="stmt"/>
      </file>
    </package>
    <package name="src.containers.EditPasswordForm">
      <metrics statements="58" coveredstatements="53" conditionals="27" coveredconditionals="22" methods="19" coveredmethods="14"/>
      <file name="form.style.ts" path="C:\wamp64\www\DWWM\Stage Whis\AppLogin\client\src\containers\EditPasswordForm\form.style.ts">
        <metrics statements="16" coveredstatements="13" conditionals="13" coveredconditionals="8" methods="8" coveredmethods="5"/>
        <line num="1" count="1" type="stmt"/>
        <line num="3" count="1" type="stmt"/>
        <line num="4" count="0" type="stmt"/>
        <line num="8" count="0" type="cond" truecount="0" falsecount="2"/>
        <line num="9" count="0" type="cond" truecount="0" falsecount="2"/>
        <line num="15" count="1" type="stmt"/>
        <line num="22" count="1" type="stmt"/>
        <line num="32" count="66" type="stmt"/>
        <line num="37" count="1" type="stmt"/>
        <line num="38" count="66" type="stmt"/>
        <line num="49" count="1" type="stmt"/>
        <line num="50" count="66" type="cond" truecount="1" falsecount="1"/>
        <line num="51" count="66" type="cond" truecount="5" falsecount="0"/>
        <line num="54" count="66" type="cond" truecount="2" falsecount="0"/>
        <line num="60" count="1" type="stmt"/>
        <line num="65" count="1" type="stmt"/>
      </file>
      <file name="index.tsx" path="C:\wamp64\www\DWWM\Stage Whis\AppLogin\client\src\containers\EditPasswordForm\index.tsx">
        <metrics statements="42" coveredstatements="40" conditionals="14" coveredconditionals="14" methods="11" coveredmethods="9"/>
        <line num="1" count="1" type="stmt"/>
        <line num="4" count="1" type="stmt"/>
        <line num="5" count="1" type="stmt"/>
        <line num="7" count="1" type="stmt"/>
        <line num="8" count="1" type="stmt"/>
        <line num="9" count="1" type="stmt"/>
        <line num="10" count="1" type="stmt"/>
        <line num="11" count="1" type="stmt"/>
        <line num="13" count="1" type="stmt"/>
        <line num="14" count="66" type="stmt"/>
        <line num="15" count="66" type="stmt"/>
        <line num="16" count="66" type="stmt"/>
        <line num="17" count="66" type="stmt"/>
        <line num="21" count="66" type="stmt"/>
        <line num="41" count="66" type="stmt"/>
        <line num="42" count="6" type="cond" truecount="2" falsecount="0"/>
        <line num="43" count="6" type="cond" truecount="4" falsecount="0"/>
        <line num="44" count="6" type="cond" truecount="2" falsecount="0"/>
        <line num="45" count="6" type="stmt"/>
        <line num="49" count="66" type="stmt"/>
        <line num="50" count="20" type="stmt"/>
        <line num="54" count="66" type="stmt"/>
        <line num="55" count="6" type="stmt"/>
        <line num="56" count="6" type="stmt"/>
        <line num="57" count="6" type="stmt"/>
        <line num="68" count="66" type="stmt"/>
        <line num="69" count="1" type="stmt"/>
        <line num="71" count="0" type="stmt"/>
        <line num="74" count="66" type="stmt"/>
        <line num="75" count="2" type="stmt"/>
        <line num="76" count="2" type="stmt"/>
        <line num="77" count="2" type="stmt"/>
        <line num="83" count="2" type="stmt"/>
        <line num="84" count="8" type="stmt"/>
        <line num="85" count="8" type="cond" truecount="2" falsecount="0"/>
        <line num="86" count="8" type="cond" truecount="3" falsecount="0"/>
        <line num="88" count="2" type="cond" truecount="1" falsecount="0"/>
        <line num="89" count="1" type="stmt"/>
        <line num="90" count="1" type="stmt"/>
        <line num="91" count="0" type="stmt"/>
        <line num="95" count="66" type="stmt"/>
        <line num="131" count="1" type="stmt"/>
      </file>
    </package>
    <package name="src.containers.LoginForm">
      <metrics statements="72" coveredstatements="65" conditionals="38" coveredconditionals="30" methods="18" coveredmethods="17"/>
      <file name="form.style.ts" path="C:\wamp64\www\DWWM\Stage Whis\AppLogin\client\src\containers\LoginForm\form.style.ts">
        <metrics statements="16" coveredstatements="16" conditionals="13" coveredconditionals="9" methods="8" coveredmethods="8"/>
        <line num="1" count="1" type="stmt"/>
        <line num="3" count="1" type="stmt"/>
        <line num="4" count="254" type="stmt"/>
        <line num="8" count="254" type="cond" truecount="1" falsecount="1"/>
        <line num="9" count="254" type="cond" truecount="1" falsecount="1"/>
        <line num="15" count="1" type="stmt"/>
        <line num="22" count="1" type="stmt"/>
        <line num="32" count="254" type="stmt"/>
        <line num="37" count="1" type="stmt"/>
        <line num="38" count="254" type="stmt"/>
        <line num="49" count="1" type="stmt"/>
        <line num="50" count="254" type="cond" truecount="1" falsecount="1"/>
        <line num="51" count="254" type="cond" truecount="4" falsecount="1"/>
        <line num="54" count="254" type="cond" truecount="2" falsecount="0"/>
        <line num="60" count="1" type="stmt"/>
        <line num="65" count="1" type="stmt"/>
      </file>
      <file name="index.tsx" path="C:\wamp64\www\DWWM\Stage Whis\AppLogin\client\src\containers\LoginForm\index.tsx">
        <metrics statements="56" coveredstatements="49" conditionals="25" coveredconditionals="21" methods="10" coveredmethods="9"/>
        <line num="1" count="1" type="stmt"/>
        <line num="4" count="1" type="stmt"/>
        <line num="5" count="1" type="stmt"/>
        <line num="8" count="1" type="stmt"/>
        <line num="9" count="1" type="stmt"/>
        <line num="11" count="1" type="stmt"/>
        <line num="12" count="1" type="stmt"/>
        <line num="13" count="1" type="stmt"/>
        <line num="14" count="1" type="stmt"/>
        <line num="21" count="1" type="stmt"/>
        <line num="25" count="254" type="stmt"/>
        <line num="26" count="254" type="stmt"/>
        <line num="30" count="254" type="stmt"/>
        <line num="41" count="254" type="stmt"/>
        <line num="42" count="254" type="stmt"/>
        <line num="43" count="254" type="stmt"/>
        <line num="44" count="254" type="cond" truecount="1" falsecount="2"/>
        <line num="45" count="0" type="stmt"/>
        <line num="48" count="254" type="stmt"/>
        <line num="51" count="254" type="stmt"/>
        <line num="52" count="11" type="cond" truecount="2" falsecount="0"/>
        <line num="53" count="11" type="cond" truecount="4" falsecount="0"/>
        <line num="54" count="11" type="cond" truecount="2" falsecount="0"/>
        <line num="55" count="11" type="stmt"/>
        <line num="59" count="254" type="stmt"/>
        <line num="60" count="105" type="stmt"/>
        <line num="64" count="254" type="stmt"/>
        <line num="65" count="11" type="stmt"/>
        <line num="66" count="11" type="stmt"/>
        <line num="67" count="11" type="stmt"/>
        <line num="87" count="254" type="stmt"/>
        <line num="88" count="2" type="stmt"/>
        <line num="89" count="2" type="stmt"/>
        <line num="90" count="1" type="stmt"/>
        <line num="91" count="1" type="stmt"/>
        <line num="98" count="0" type="stmt"/>
        <line num="99" count="0" type="stmt"/>
        <line num="100" count="0" type="stmt"/>
        <line num="101" count="0" type="stmt"/>
        <line num="102" count="0" type="stmt"/>
        <line num="104" count="2" type="cond" truecount="4" falsecount="0"/>
        <line num="105" count="2" type="cond" truecount="2" falsecount="0"/>
        <line num="109" count="254" type="stmt"/>
        <line num="110" count="3" type="stmt"/>
        <line num="111" count="3" type="stmt"/>
        <line num="112" count="3" type="stmt"/>
        <line num="117" count="3" type="stmt"/>
        <line num="118" count="6" type="stmt"/>
        <line num="119" count="6" type="cond" truecount="2" falsecount="0"/>
        <line num="120" count="6" type="cond" truecount="3" falsecount="0"/>
        <line num="123" count="3" type="cond" truecount="1" falsecount="0"/>
        <line num="124" count="2" type="stmt"/>
        <line num="126" count="0" type="cond" truecount="0" falsecount="2"/>
        <line num="129" count="2" type="stmt"/>
        <line num="134" count="254" type="stmt"/>
        <line num="177" count="1" type="stmt"/>
      </file>
    </package>
    <package name="src.containers.RegisterForm">
      <metrics statements="61" coveredstatements="58" conditionals="33" coveredconditionals="26" methods="18" coveredmethods="18"/>
      <file name="form.style.ts" path="C:\wamp64\www\DWWM\Stage Whis\AppLogin\client\src\containers\RegisterForm\form.style.ts">
        <metrics statements="16" coveredstatements="16" conditionals="13" coveredconditionals="9" methods="8" coveredmethods="8"/>
        <line num="1" count="1" type="stmt"/>
        <line num="3" count="1" type="stmt"/>
        <line num="4" count="146" type="stmt"/>
        <line num="8" count="146" type="cond" truecount="1" falsecount="1"/>
        <line num="9" count="146" type="cond" truecount="1" falsecount="1"/>
        <line num="15" count="1" type="stmt"/>
        <line num="22" count="1" type="stmt"/>
        <line num="32" count="146" type="stmt"/>
        <line num="37" count="1" type="stmt"/>
        <line num="38" count="146" type="stmt"/>
        <line num="49" count="1" type="stmt"/>
        <line num="50" count="146" type="cond" truecount="1" falsecount="1"/>
        <line num="51" count="146" type="cond" truecount="4" falsecount="1"/>
        <line num="54" count="146" type="cond" truecount="2" falsecount="0"/>
        <line num="60" count="1" type="stmt"/>
        <line num="65" count="1" type="stmt"/>
      </file>
      <file name="index.tsx" path="C:\wamp64\www\DWWM\Stage Whis\AppLogin\client\src\containers\RegisterForm\index.tsx">
        <metrics statements="45" coveredstatements="42" conditionals="20" coveredconditionals="17" methods="10" coveredmethods="10"/>
        <line num="1" count="1" type="stmt"/>
        <line num="4" count="1" type="stmt"/>
        <line num="5" count="1" type="stmt"/>
        <line num="7" count="1" type="stmt"/>
        <line num="9" count="1" type="stmt"/>
        <line num="10" count="1" type="stmt"/>
        <line num="11" count="1" type="stmt"/>
        <line num="12" count="1" type="stmt"/>
        <line num="18" count="1" type="stmt"/>
        <line num="19" count="146" type="stmt"/>
        <line num="20" count="146" type="stmt"/>
        <line num="24" count="146" type="stmt"/>
        <line num="43" count="146" type="stmt"/>
        <line num="44" count="146" type="stmt"/>
        <line num="47" count="146" type="stmt"/>
        <line num="48" count="12" type="cond" truecount="2" falsecount="0"/>
        <line num="49" count="12" type="cond" truecount="4" falsecount="0"/>
        <line num="50" count="12" type="cond" truecount="2" falsecount="0"/>
        <line num="51" count="12" type="stmt"/>
        <line num="55" count="146" type="stmt"/>
        <line num="56" count="54" type="stmt"/>
        <line num="60" count="146" type="stmt"/>
        <line num="61" count="12" type="stmt"/>
        <line num="62" count="12" type="stmt"/>
        <line num="63" count="12" type="stmt"/>
        <line num="74" count="146" type="stmt"/>
        <line num="76" count="1" type="cond" truecount="0" falsecount="1"/>
        <line num="77" count="0" type="stmt"/>
        <line num="78" count="0" type="stmt"/>
        <line num="80" count="1" type="stmt"/>
        <line num="83" count="1" type="cond" truecount="3" falsecount="2"/>
        <line num="84" count="0" type="stmt"/>
        <line num="86" count="1" type="stmt"/>
        <line num="89" count="146" type="stmt"/>
        <line num="90" count="2" type="stmt"/>
        <line num="91" count="2" type="stmt"/>
        <line num="92" count="2" type="stmt"/>
        <line num="98" count="2" type="stmt"/>
        <line num="99" count="8" type="stmt"/>
        <line num="100" count="8" type="cond" truecount="2" falsecount="0"/>
        <line num="101" count="8" type="cond" truecount="3" falsecount="0"/>
        <line num="103" count="2" type="cond" truecount="1" falsecount="0"/>
        <line num="104" count="1" type="stmt"/>
        <line num="108" count="146" type="stmt"/>
        <line num="169" count="1" type="stmt"/>
      </file>
    </package>
    <package name="src.containers.UserPage">
      <metrics statements="28" coveredstatements="0" conditionals="4" coveredconditionals="0" methods="9" coveredmethods="0"/>
      <file name="index.tsx" path="C:\wamp64\www\DWWM\Stage Whis\AppLogin\client\src\containers\UserPage\index.tsx">
        <metrics statements="13" coveredstatements="0" conditionals="0" coveredconditionals="0" methods="4" coveredmethods="0"/>
        <line num="1" count="0" type="stmt"/>
        <line num="2" count="0" type="stmt"/>
        <line num="3" count="0" type="stmt"/>
        <line num="4" count="0" type="stmt"/>
        <line num="5" count="0" type="stmt"/>
        <line num="14" count="0" type="stmt"/>
        <line num="20" count="0" type="stmt"/>
        <line num="21" count="0" type="stmt"/>
        <line num="22" count="0" type="stmt"/>
        <line num="34" count="0" type="stmt"/>
        <line num="37" count="0" type="stmt"/>
        <line num="49" count="0" type="stmt"/>
        <line num="66" count="0" type="stmt"/>
      </file>
      <file name="userPage.style.ts" path="C:\wamp64\www\DWWM\Stage Whis\AppLogin\client\src\containers\UserPage\userPage.style.ts">
        <metrics statements="15" coveredstatements="0" conditionals="4" coveredconditionals="0" methods="5" coveredmethods="0"/>
        <line num="1" count="0" type="stmt"/>
        <line num="3" count="0" type="stmt"/>
        <line num="9" count="0" type="stmt"/>
        <line num="14" count="0" type="stmt"/>
        <line num="23" count="0" type="stmt"/>
        <line num="32" count="0" type="stmt"/>
        <line num="36" count="0" type="stmt"/>
        <line num="44" count="0" type="stmt"/>
        <line num="45" count="0" type="stmt"/>
        <line num="46" count="0" type="stmt"/>
        <line num="54" count="0" type="stmt"/>
        <line num="58" count="0" type="stmt"/>
        <line num="60" count="0" type="cond" truecount="0" falsecount="2"/>
        <line num="63" count="0" type="stmt"/>
        <line num="64" count="0" type="cond" truecount="0" falsecount="2"/>
      </file>
    </package>
    <package name="src.context">
      <metrics statements="34" coveredstatements="21" conditionals="10" coveredconditionals="2" methods="10" coveredmethods="4"/>
      <file name="style-context.tsx" path="C:\wamp64\www\DWWM\Stage Whis\AppLogin\client\src\context\style-context.tsx">
        <metrics statements="16" coveredstatements="12" conditionals="3" coveredconditionals="2" methods="4" coveredmethods="3"/>
        <line num="1" count="4" type="stmt"/>
        <line num="18" count="4" type="stmt"/>
        <line num="20" count="4" type="stmt"/>
        <line num="21" count="0" type="stmt"/>
        <line num="22" count="0" type="cond" truecount="0" falsecount="1"/>
        <line num="23" count="0" type="stmt"/>
        <line num="27" count="0" type="stmt"/>
        <line num="34" count="4" type="stmt"/>
        <line num="35" count="42" type="cond" truecount="2" falsecount="0"/>
        <line num="38" count="42" type="stmt"/>
        <line num="40" count="42" type="stmt"/>
        <line num="41" count="42" type="stmt"/>
        <line num="45" count="42" type="stmt"/>
        <line num="46" count="42" type="stmt"/>
        <line num="49" count="42" type="stmt"/>
        <line num="56" count="4" type="stmt"/>
      </file>
      <file name="user-context.tsx" path="C:\wamp64\www\DWWM\Stage Whis\AppLogin\client\src\context\user-context.tsx">
        <metrics statements="18" coveredstatements="9" conditionals="7" coveredconditionals="0" methods="6" coveredmethods="1"/>
        <line num="1" count="4" type="stmt"/>
        <line num="26" count="4" type="stmt"/>
        <line num="37" count="4" type="stmt"/>
        <line num="38" count="446" type="stmt"/>
        <line num="39" count="446" type="cond" truecount="0" falsecount="1"/>
        <line num="40" count="0" type="stmt"/>
        <line num="42" count="446" type="stmt"/>
        <line num="45" count="4" type="stmt"/>
        <line num="46" count="0" type="stmt"/>
        <line num="47" count="0" type="cond" truecount="0" falsecount="4"/>
        <line num="54" count="4" type="stmt"/>
        <line num="55" count="0" type="cond" truecount="0" falsecount="2"/>
        <line num="56" count="0" type="stmt"/>
        <line num="57" count="0" type="stmt"/>
        <line num="59" count="0" type="stmt"/>
        <line num="60" count="0" type="stmt"/>
        <line num="63" count="0" type="stmt"/>
        <line num="68" count="4" type="stmt"/>
      </file>
    </package>
    <package name="src.hooks">
      <metrics statements="16" coveredstatements="15" conditionals="5" coveredconditionals="3" methods="6" coveredmethods="6"/>
      <file name="useFormValues.ts" path="C:\wamp64\www\DWWM\Stage Whis\AppLogin\client\src\hooks\useFormValues.ts">
        <metrics statements="16" coveredstatements="15" conditionals="5" coveredconditionals="3" methods="6" coveredmethods="6"/>
        <line num="1" count="4" type="stmt"/>
        <line num="32" count="4" type="stmt"/>
        <line num="34" count="4" type="stmt"/>
        <line num="35" count="682" type="cond" truecount="3" falsecount="1"/>
        <line num="37" count="516" type="stmt"/>
        <line num="45" count="164" type="stmt"/>
        <line num="53" count="2" type="stmt"/>
        <line num="55" count="0" type="stmt"/>
        <line num="60" count="592" type="stmt"/>
        <line num="61" count="592" type="stmt"/>
        <line num="63" count="42" type="stmt"/>
        <line num="65" count="592" type="stmt"/>
        <line num="67" count="258" type="stmt"/>
        <line num="68" count="82" type="stmt"/>
        <line num="69" count="1" type="stmt"/>
        <line num="73" count="4" type="stmt"/>
      </file>
    </package>
    <package name="src.locale">
      <metrics statements="9" coveredstatements="0" conditionals="0" coveredconditionals="0" methods="3" coveredmethods="0"/>
      <file name="i18n.ts" path="C:\wamp64\www\DWWM\Stage Whis\AppLogin\client\src\locale\i18n.ts">
        <metrics statements="9" coveredstatements="0" conditionals="0" coveredconditionals="0" methods="3" coveredmethods="0"/>
        <line num="1" count="0" type="stmt"/>
        <line num="2" count="0" type="stmt"/>
        <line num="3" count="0" type="stmt"/>
        <line num="4" count="0" type="stmt"/>
        <line num="5" count="0" type="stmt"/>
        <line num="7" count="0" type="stmt"/>
        <line num="28" count="0" type="stmt"/>
        <line num="29" count="0" type="stmt"/>
        <line num="32" count="0" type="stmt"/>
      </file>
    </package>
    <package name="src.pages.Index">
      <metrics statements="13" coveredstatements="0" conditionals="0" coveredconditionals="0" methods="1" coveredmethods="0"/>
      <file name="index.style.ts" path="C:\wamp64\www\DWWM\Stage Whis\AppLogin\client\src\pages\Index\index.style.ts">
        <metrics statements="3" coveredstatements="0" conditionals="0" coveredconditionals="0" methods="0" coveredmethods="0"/>
        <line num="1" count="0" type="stmt"/>
        <line num="3" count="0" type="stmt"/>
        <line num="9" count="0" type="stmt"/>
      </file>
      <file name="index.tsx" path="C:\wamp64\www\DWWM\Stage Whis\AppLogin\client\src\pages\Index\index.tsx">
        <metrics statements="10" coveredstatements="0" conditionals="0" coveredconditionals="0" methods="1" coveredmethods="0"/>
        <line num="1" count="0" type="stmt"/>
        <line num="2" count="0" type="stmt"/>
        <line num="3" count="0" type="stmt"/>
        <line num="4" count="0" type="stmt"/>
        <line num="5" count="0" type="stmt"/>
        <line num="6" count="0" type="stmt"/>
        <line num="10" count="0" type="stmt"/>
        <line num="11" count="0" type="stmt"/>
        <line num="20" count="0" type="stmt"/>
        <line num="22" count="0" type="stmt"/>
      </file>
    </package>
    <package name="src.pages.Inscription">
      <metrics statements="9" coveredstatements="0" conditionals="0" coveredconditionals="0" methods="1" coveredmethods="0"/>
      <file name="index.tsx" path="C:\wamp64\www\DWWM\Stage Whis\AppLogin\client\src\pages\Inscription\index.tsx">
        <metrics statements="9" coveredstatements="0" conditionals="0" coveredconditionals="0" methods="1" coveredmethods="0"/>
        <line num="1" count="0" type="stmt"/>
        <line num="3" count="0" type="stmt"/>
        <line num="5" count="0" type="stmt"/>
        <line num="6" count="0" type="stmt"/>
        <line num="7" count="0" type="stmt"/>
        <line num="9" count="0" type="stmt"/>
        <line num="10" count="0" type="stmt"/>
        <line num="12" count="0" type="stmt"/>
        <line num="23" count="0" type="stmt"/>
      </file>
    </package>
    <package name="src.pages.Login">
      <metrics statements="10" coveredstatements="0" conditionals="0" coveredconditionals="0" methods="1" coveredmethods="0"/>
      <file name="index.tsx" path="C:\wamp64\www\DWWM\Stage Whis\AppLogin\client\src\pages\Login\index.tsx">
        <metrics statements="10" coveredstatements="0" conditionals="0" coveredconditionals="0" methods="1" coveredmethods="0"/>
        <line num="1" count="0" type="stmt"/>
        <line num="2" count="0" type="stmt"/>
        <line num="3" count="0" type="stmt"/>
        <line num="5" count="0" type="stmt"/>
        <line num="6" count="0" type="stmt"/>
        <line num="7" count="0" type="stmt"/>
        <line num="9" count="0" type="stmt"/>
        <line num="10" count="0" type="stmt"/>
        <line num="12" count="0" type="stmt"/>
        <line num="23" count="0" type="stmt"/>
      </file>
    </package>
    <package name="src.pages.Logout">
      <metrics statements="23" coveredstatements="0" conditionals="0" coveredconditionals="0" methods="4" coveredmethods="0"/>
      <file name="index.tsx" path="C:\wamp64\www\DWWM\Stage Whis\AppLogin\client\src\pages\Logout\index.tsx">
        <metrics statements="20" coveredstatements="0" conditionals="0" coveredconditionals="0" methods="4" coveredmethods="0"/>
        <line num="1" count="0" type="stmt"/>
        <line num="2" count="0" type="stmt"/>
        <line num="3" count="0" type="stmt"/>
        <line num="4" count="0" type="stmt"/>
        <line num="5" count="0" type="stmt"/>
        <line num="6" count="0" type="stmt"/>
        <line num="7" count="0" type="stmt"/>
        <line num="9" count="0" type="stmt"/>
        <line num="10" count="0" type="stmt"/>
        <line num="11" count="0" type="stmt"/>
        <line num="12" count="0" type="stmt"/>
        <line num="14" count="0" type="stmt"/>
        <line num="15" count="0" type="stmt"/>
        <line num="16" count="0" type="stmt"/>
        <line num="23" count="0" type="stmt"/>
        <line num="24" count="0" type="stmt"/>
        <line num="25" count="0" type="stmt"/>
        <line num="29" count="0" type="stmt"/>
        <line num="32" count="0" type="stmt"/>
        <line num="42" count="0" type="stmt"/>
      </file>
      <file name="logout.style.ts" path="C:\wamp64\www\DWWM\Stage Whis\AppLogin\client\src\pages\Logout\logout.style.ts">
        <metrics statements="3" coveredstatements="0" conditionals="0" coveredconditionals="0" methods="0" coveredmethods="0"/>
        <line num="1" count="0" type="stmt"/>
        <line num="3" count="0" type="stmt"/>
        <line num="14" count="0" type="stmt"/>
      </file>
    </package>
    <package name="src.pages.UserPage">
      <metrics statements="15" coveredstatements="0" conditionals="1" coveredconditionals="0" methods="1" coveredmethods="0"/>
      <file name="index.tsx" path="C:\wamp64\www\DWWM\Stage Whis\AppLogin\client\src\pages\UserPage\index.tsx">
        <metrics statements="15" coveredstatements="0" conditionals="1" coveredconditionals="0" methods="1" coveredmethods="0"/>
        <line num="1" count="0" type="stmt"/>
        <line num="2" count="0" type="stmt"/>
        <line num="3" count="0" type="stmt"/>
        <line num="5" count="0" type="stmt"/>
        <line num="6" count="0" type="stmt"/>
        <line num="7" count="0" type="stmt"/>
        <line num="8" count="0" type="stmt"/>
        <line num="9" count="0" type="stmt"/>
        <line num="11" count="0" type="stmt"/>
        <line num="12" count="0" type="stmt"/>
        <line num="13" count="0" type="stmt"/>
        <line num="15" count="0" type="cond" truecount="0" falsecount="1"/>
        <line num="16" count="0" type="stmt"/>
        <line num="19" count="0" type="stmt"/>
        <line num="35" count="0" type="stmt"/>
      </file>
    </package>
    <package name="src.services">
      <metrics statements="39" coveredstatements="28" conditionals="4" coveredconditionals="3" methods="16" coveredmethods="13"/>
      <file name="axios.service.tsx" path="C:\wamp64\www\DWWM\Stage Whis\AppLogin\client\src\services\axios.service.tsx">
        <metrics statements="39" coveredstatements="28" conditionals="4" coveredconditionals="3" methods="16" coveredmethods="13"/>
        <line num="1" count="4" type="stmt"/>
        <line num="3" count="4" type="stmt"/>
        <line num="5" count="5" type="stmt"/>
        <line num="7" count="3" type="stmt"/>
        <line num="8" count="2" type="stmt"/>
        <line num="10" count="4" type="stmt"/>
        <line num="12" count="1" type="stmt"/>
        <line num="13" count="0" type="stmt"/>
        <line num="15" count="4" type="stmt"/>
        <line num="16" count="2" type="stmt"/>
        <line num="17" count="2" type="stmt"/>
        <line num="18" count="2" type="stmt"/>
        <line num="19" count="2" type="stmt"/>
        <line num="21" count="0" type="stmt"/>
        <line num="25" count="4" type="stmt"/>
        <line num="26" count="0" type="stmt"/>
        <line num="27" count="0" type="stmt"/>
        <line num="28" count="0" type="cond" truecount="0" falsecount="1"/>
        <line num="29" count="0" type="stmt"/>
        <line num="30" count="0" type="stmt"/>
        <line num="32" count="0" type="stmt"/>
        <line num="48" count="4" type="stmt"/>
        <line num="49" count="3" type="stmt"/>
        <line num="50" count="3" type="stmt"/>
        <line num="51" count="2" type="cond" truecount="1" falsecount="0"/>
        <line num="52" count="2" type="stmt"/>
        <line num="53" count="2" type="stmt"/>
        <line num="55" count="0" type="stmt"/>
        <line num="58" count="4" type="stmt"/>
        <line num="59" count="2" type="cond" truecount="1" falsecount="0"/>
        <line num="60" count="1" type="stmt"/>
        <line num="61" count="1" type="stmt"/>
        <line num="63" count="0" type="stmt"/>
        <line num="66" count="4" type="stmt"/>
        <line num="71" count="1" type="stmt"/>
        <line num="72" count="1" type="cond" truecount="1" falsecount="0"/>
        <line num="73" count="1" type="stmt"/>
        <line num="74" count="1" type="stmt"/>
        <line num="76" count="0" type="stmt"/>
      </file>
    </package>
    <package name="src.themes">
      <metrics statements="5" coveredstatements="0" conditionals="0" coveredconditionals="0" methods="0" coveredmethods="0"/>
      <file name="Theme.tsx" path="C:\wamp64\www\DWWM\Stage Whis\AppLogin\client\src\themes\Theme.tsx">
        <metrics statements="5" coveredstatements="0" conditionals="0" coveredconditionals="0" methods="0" coveredmethods="0"/>
        <line num="1" count="0" type="stmt"/>
        <line num="2" count="0" type="stmt"/>
        <line num="11" count="0" type="stmt"/>
        <line num="15" count="0" type="stmt"/>
        <line num="22" count="0" type="stmt"/>
      </file>
    </package>
    <package name="src.utils">
      <metrics statements="16" coveredstatements="8" conditionals="4" coveredconditionals="0" methods="3" coveredmethods="1"/>
      <file name="PrivateRoutes.tsx" path="C:\wamp64\www\DWWM\Stage Whis\AppLogin\client\src\utils\PrivateRoutes.tsx">
        <metrics statements="4" coveredstatements="0" conditionals="2" coveredconditionals="0" methods="1" coveredmethods="0"/>
        <line num="1" count="0" type="stmt"/>
        <line num="2" count="0" type="stmt"/>
        <line num="8" count="0" type="cond" truecount="0" falsecount="2"/>
        <line num="10" count="0" type="stmt"/>
      </file>
      <file name="PublicOnlyRoutes.tsx" path="C:\wamp64\www\DWWM\Stage Whis\AppLogin\client\src\utils\PublicOnlyRoutes.tsx">
        <metrics statements="4" coveredstatements="0" conditionals="2" coveredconditionals="0" methods="1" coveredmethods="0"/>
        <line num="1" count="0" type="stmt"/>
        <line num="2" count="0" type="stmt"/>
        <line num="8" count="0" type="cond" truecount="0" falsecount="2"/>
        <line num="10" count="0" type="stmt"/>
      </file>
      <file name="formUtils.tsx" path="C:\wamp64\www\DWWM\Stage Whis\AppLogin\client\src\utils\formUtils.tsx">
        <metrics statements="8" coveredstatements="8" conditionals="0" coveredconditionals="0" methods="1" coveredmethods="1"/>
        <line num="1" count="4" type="stmt"/>
        <line num="18" count="4" type="stmt"/>
        <line num="19" count="592" type="stmt"/>
        <line num="22" count="592" type="stmt"/>
        <line num="31" count="592" type="stmt"/>
        <line num="43" count="592" type="stmt"/>
        <line num="53" count="592" type="stmt"/>
        <line num="60" count="4" type="stmt"/>
      </file>
    </package>
    <package name="src.utils.test-utils">
      <metrics statements="15" coveredstatements="15" conditionals="0" coveredconditionals="0" methods="5" coveredmethods="5"/>
      <file name="index.tsx" path="C:\wamp64\www\DWWM\Stage Whis\AppLogin\client\src\utils\test-utils\index.tsx">
        <metrics statements="15" coveredstatements="15" conditionals="0" coveredconditionals="0" methods="5" coveredmethods="5"/>
        <line num="1" count="4" type="stmt"/>
        <line num="2" count="4" type="stmt"/>
        <line num="3" count="4" type="stmt"/>
        <line num="4" count="4" type="stmt"/>
        <line num="5" count="4" type="stmt"/>
        <line num="7" count="4" type="stmt"/>
        <line num="15" count="4" type="stmt"/>
        <line num="16" count="21" type="stmt"/>
        <line num="17" count="21" type="stmt"/>
        <line num="20" count="4" type="stmt"/>
        <line num="21" count="21" type="stmt"/>
        <line num="32" count="4" type="stmt"/>
        <line num="35" count="21" type="stmt"/>
        <line num="37" count="4" type="stmt"/>
        <line num="38" count="4" type="stmt"/>
      </file>
    </package>
  </project>
</coverage>
