{"C:\\wamp64\\www\\DWWM\\Stage Whis\\AppLogin\\client\\src\\App.tsx": {"path":"C:\\wamp64\\www\\DWWM\\Stage Whis\\AppLogin\\client\\src\\App.tsx","statementMap":{"0":{"start":{"line":1,"column":0},"end":{"line":1,"column":63}},"1":{"start":{"line":2,"column":0},"end":{"line":2,"column":74}},"2":{"start":{"line":3,"column":0},"end":{"line":3,"column":40}},"3":{"start":{"line":4,"column":0},"end":{"line":4,"column":52}},"4":{"start":{"line":5,"column":0},"end":{"line":5,"column":40}},"5":{"start":{"line":6,"column":0},"end":{"line":6,"column":46}},"6":{"start":{"line":7,"column":0},"end":{"line":7,"column":42}},"7":{"start":{"line":8,"column":0},"end":{"line":8,"column":54}},"8":{"start":{"line":9,"column":0},"end":{"line":9,"column":61}},"9":{"start":{"line":10,"column":0},"end":{"line":10,"column":50}},"10":{"start":{"line":11,"column":0},"end":{"line":11,"column":56}},"11":{"start":{"line":12,"column":0},"end":{"line":12,"column":51}},"12":{"start":{"line":15,"column":48},"end":{"line":15,"column":63}},"13":{"start":{"line":16,"column":48},"end":{"line":18,"column":3}},"14":{"start":{"line":17,"column":4},"end":{"line":17,"column":30}},"15":{"start":{"line":20,"column":2},"end":{"line":28,"column":9}},"16":{"start":{"line":21,"column":24},"end":{"line":25,"column":6}},"17":{"start":{"line":21,"column":35},"end":{"line":25,"column":6}},"18":{"start":{"line":22,"column":20},"end":{"line":22,"column":99}},"19":{"start":{"line":23,"column":23},"end":{"line":23,"column":54}},"20":{"start":{"line":24,"column":6},"end":{"line":24,"column":35}},"21":{"start":{"line":27,"column":4},"end":{"line":27,"column":36}},"22":{"start":{"line":27,"column":30},"end":{"line":27,"column":34}},"23":{"start":{"line":30,"column":2},"end":{"line":54,"column":4}},"24":{"start":{"line":57,"column":0},"end":{"line":57,"column":19}}},"fnMap":{"0":{"name":"App","decl":{"start":{"line":14,"column":9},"end":{"line":14,"column":12}},"loc":{"start":{"line":14,"column":12},"end":{"line":55,"column":1}}},"1":{"name":"(anonymous_15)","decl":{"start":{"line":16,"column":48},"end":{"line":16,"column":49}},"loc":{"start":{"line":16,"column":58},"end":{"line":18,"column":3}}},"2":{"name":"(anonymous_16)","decl":{"start":{"line":20,"column":12},"end":{"line":20,"column":15}},"loc":{"start":{"line":20,"column":17},"end":{"line":28,"column":3}}},"3":{"name":"(anonymous_17)","decl":{"start":{"line":21,"column":24},"end":{"line":21,"column":33}},"loc":{"start":{"line":21,"column":35},"end":{"line":25,"column":6}}},"4":{"name":"(anonymous_18)","decl":{"start":{"line":21,"column":35},"end":{"line":21,"column":null}},"loc":{"start":{"line":21,"column":35},"end":{"line":25,"column":5}}},"5":{"name":"(anonymous_19)","decl":{"start":{"line":27,"column":24},"end":{"line":27,"column":27}},"loc":{"start":{"line":27,"column":30},"end":{"line":27,"column":34}}}},"branchMap":{},"s":{"0":0,"1":0,"2":0,"3":0,"4":0,"5":0,"6":0,"7":0,"8":0,"9":0,"10":0,"11":0,"12":0,"13":0,"14":0,"15":0,"16":0,"17":0,"18":0,"19":0,"20":0,"21":0,"22":0,"23":0,"24":0},"f":{"0":0,"1":0,"2":0,"3":0,"4":0,"5":0},"b":{}}
,"C:\\wamp64\\www\\DWWM\\Stage Whis\\AppLogin\\client\\src\\index.tsx": {"path":"C:\\wamp64\\www\\DWWM\\Stage Whis\\AppLogin\\client\\src\\index.tsx","statementMap":{"0":{"start":{"line":1,"column":0},"end":{"line":1,"column":26}},"1":{"start":{"line":2,"column":0},"end":{"line":2,"column":46}},"2":{"start":{"line":3,"column":0},"end":{"line":3,"column":24}},"3":{"start":{"line":5,"column":18},"end":{"line":5,"column":64}},"4":{"start":{"line":6,"column":13},"end":{"line":6,"column":49}},"5":{"start":{"line":8,"column":0},"end":{"line":12,"column":2}}},"fnMap":{},"branchMap":{},"s":{"0":0,"1":0,"2":0,"3":0,"4":0,"5":0},"f":{},"b":{}}
,"C:\\wamp64\\www\\DWWM\\Stage Whis\\AppLogin\\client\\src\\react-app-env.d.ts": {"path":"C:\\wamp64\\www\\DWWM\\Stage Whis\\AppLogin\\client\\src\\react-app-env.d.ts","statementMap":{},"fnMap":{},"branchMap":{},"s":{},"f":{},"b":{}}
,"C:\\wamp64\\www\\DWWM\\Stage Whis\\AppLogin\\client\\src\\components\\Body\\body.style.ts": {"path":"C:\\wamp64\\www\\DWWM\\Stage Whis\\AppLogin\\client\\src\\components\\Body\\body.style.ts","statementMap":{"0":{"start":{"line":1,"column":0},"end":{"line":1,"column":57}},"1":{"start":{"line":7,"column":13},"end":{"line":16,"column":2}},"2":{"start":{"line":8,"column":27},"end":{"line":8,"column":56}},"3":{"start":{"line":15,"column":28},"end":{"line":15,"column":60}},"4":{"start":{"line":18,"column":13},"end":{"line":21,"column":2}}},"fnMap":{"0":{"name":"(anonymous_1)","decl":{"start":{"line":8,"column":16},"end":{"line":8,"column":17}},"loc":{"start":{"line":8,"column":27},"end":{"line":8,"column":56}}},"1":{"name":"(anonymous_2)","decl":{"start":{"line":15,"column":17},"end":{"line":15,"column":18}},"loc":{"start":{"line":15,"column":28},"end":{"line":15,"column":60}}}},"branchMap":{},"s":{"0":0,"1":0,"2":0,"3":0,"4":0},"f":{"0":0,"1":0},"b":{}}
,"C:\\wamp64\\www\\DWWM\\Stage Whis\\AppLogin\\client\\src\\components\\Body\\index.tsx": {"path":"C:\\wamp64\\www\\DWWM\\Stage Whis\\AppLogin\\client\\src\\components\\Body\\index.tsx","statementMap":{"0":{"start":{"line":1,"column":0},"end":{"line":1,"column":56}},"1":{"start":{"line":2,"column":0},"end":{"line":2,"column":50}},"2":{"start":{"line":3,"column":0},"end":{"line":3,"column":48}},"3":{"start":{"line":4,"column":0},"end":{"line":4,"column":35}},"4":{"start":{"line":5,"column":0},"end":{"line":5,"column":59}},"5":{"start":{"line":6,"column":0},"end":{"line":6,"column":67}},"6":{"start":{"line":7,"column":0},"end":{"line":7,"column":60}},"7":{"start":{"line":9,"column":0},"end":{"line":9,"column":37}},"8":{"start":{"line":16,"column":50},"end":{"line":46,"column":1}},"9":{"start":{"line":17,"column":25},"end":{"line":17,"column":47}},"10":{"start":{"line":18,"column":19},"end":{"line":18,"column":35}},"11":{"start":{"line":20,"column":23},"end":{"line":20,"column":75}},"12":{"start":{"line":22,"column":2},"end":{"line":33,"column":13}},"13":{"start":{"line":23,"column":27},"end":{"line":30,"column":6}},"14":{"start":{"line":23,"column":38},"end":{"line":30,"column":6}},"15":{"start":{"line":24,"column":6},"end":{"line":29,"column":7}},"16":{"start":{"line":25,"column":29},"end":{"line":25,"column":57}},"17":{"start":{"line":26,"column":8},"end":{"line":26,"column":48}},"18":{"start":{"line":32,"column":4},"end":{"line":32,"column":39}},"19":{"start":{"line":32,"column":33},"end":{"line":32,"column":37}},"20":{"start":{"line":35,"column":2},"end":{"line":37,"column":17}},"21":{"start":{"line":36,"column":4},"end":{"line":36,"column":30}},"22":{"start":{"line":39,"column":2},"end":{"line":45,"column":4}},"23":{"start":{"line":48,"column":0},"end":{"line":48,"column":33}}},"fnMap":{"0":{"name":"(anonymous_14)","decl":{"start":{"line":16,"column":50},"end":{"line":16,"column":51}},"loc":{"start":{"line":16,"column":97},"end":{"line":46,"column":1}}},"1":{"name":"(anonymous_15)","decl":{"start":{"line":22,"column":12},"end":{"line":22,"column":15}},"loc":{"start":{"line":22,"column":17},"end":{"line":33,"column":3}}},"2":{"name":"(anonymous_16)","decl":{"start":{"line":23,"column":27},"end":{"line":23,"column":36}},"loc":{"start":{"line":23,"column":38},"end":{"line":30,"column":6}}},"3":{"name":"(anonymous_17)","decl":{"start":{"line":23,"column":38},"end":{"line":23,"column":null}},"loc":{"start":{"line":23,"column":38},"end":{"line":30,"column":5}}},"4":{"name":"(anonymous_18)","decl":{"start":{"line":32,"column":27},"end":{"line":32,"column":30}},"loc":{"start":{"line":32,"column":33},"end":{"line":32,"column":37}}},"5":{"name":"(anonymous_19)","decl":{"start":{"line":35,"column":12},"end":{"line":35,"column":15}},"loc":{"start":{"line":35,"column":17},"end":{"line":37,"column":3}}}},"branchMap":{"0":{"loc":{"start":{"line":20,"column":23},"end":{"line":20,"column":75}},"type":"cond-expr","locations":[{"start":{"line":20,"column":53},"end":{"line":20,"column":63}},{"start":{"line":20,"column":66},"end":{"line":20,"column":75}}]},"1":{"loc":{"start":{"line":25,"column":29},"end":{"line":25,"column":57}},"type":"binary-expr","locations":[{"start":{"line":25,"column":29},"end":{"line":25,"column":47}},{"start":{"line":25,"column":51},"end":{"line":25,"column":57}}]},"2":{"loc":{"start":{"line":25,"column":29},"end":{"line":25,"column":47}},"type":"cond-expr","locations":[{"start":{"line":25,"column":33},"end":{"line":25,"column":35}},{"start":{"line":25,"column":29},"end":{"line":25,"column":47}}]},"3":{"loc":{"start":{"line":25,"column":29},"end":{"line":25,"column":35}},"type":"binary-expr","locations":[{"start":{"line":25,"column":29},"end":{"line":25,"column":35}},{"start":{"line":25,"column":29},"end":{"line":25,"column":35}}]}},"s":{"0":0,"1":0,"2":0,"3":0,"4":0,"5":0,"6":0,"7":0,"8":0,"9":0,"10":0,"11":0,"12":0,"13":0,"14":0,"15":0,"16":0,"17":0,"18":0,"19":0,"20":0,"21":0,"22":0,"23":0},"f":{"0":0,"1":0,"2":0,"3":0,"4":0,"5":0},"b":{"0":[0,0],"1":[0,0],"2":[0,0],"3":[0,0]}}
,"C:\\wamp64\\www\\DWWM\\Stage Whis\\AppLogin\\client\\src\\components\\Footer\\footer.style.ts": {"path":"C:\\wamp64\\www\\DWWM\\Stage Whis\\AppLogin\\client\\src\\components\\Footer\\footer.style.ts","statementMap":{"0":{"start":{"line":1,"column":0},"end":{"line":1,"column":57}},"1":{"start":{"line":7,"column":19},"end":{"line":18,"column":2}},"2":{"start":{"line":14,"column":22},"end":{"line":14,"column":47}},"3":{"start":{"line":20,"column":0},"end":{"line":20,"column":26}}},"fnMap":{"0":{"name":"(anonymous_1)","decl":{"start":{"line":14,"column":11},"end":{"line":14,"column":12}},"loc":{"start":{"line":14,"column":22},"end":{"line":14,"column":47}}}},"branchMap":{},"s":{"0":0,"1":0,"2":0,"3":0},"f":{"0":0},"b":{}}
,"C:\\wamp64\\www\\DWWM\\Stage Whis\\AppLogin\\client\\src\\components\\Footer\\index.tsx": {"path":"C:\\wamp64\\www\\DWWM\\Stage Whis\\AppLogin\\client\\src\\components\\Footer\\index.tsx","statementMap":{"0":{"start":{"line":1,"column":0},"end":{"line":1,"column":26}},"1":{"start":{"line":2,"column":0},"end":{"line":2,"column":40}},"2":{"start":{"line":3,"column":0},"end":{"line":3,"column":77}},"3":{"start":{"line":4,"column":0},"end":{"line":4,"column":67}},"4":{"start":{"line":5,"column":0},"end":{"line":5,"column":60}},"5":{"start":{"line":9,"column":60},"end":{"line":22,"column":1}},"6":{"start":{"line":10,"column":25},"end":{"line":10,"column":47}},"7":{"start":{"line":11,"column":19},"end":{"line":11,"column":35}},"8":{"start":{"line":13,"column":28},"end":{"line":13,"column":54}},"9":{"start":{"line":14,"column":28},"end":{"line":14,"column":57}},"10":{"start":{"line":16,"column":2},"end":{"line":21,"column":4}},"11":{"start":{"line":24,"column":0},"end":{"line":24,"column":35}}},"fnMap":{"0":{"name":"(anonymous_1)","decl":{"start":{"line":9,"column":60},"end":{"line":9,"column":63}},"loc":{"start":{"line":9,"column":65},"end":{"line":22,"column":1}}}},"branchMap":{"0":{"loc":{"start":{"line":14,"column":28},"end":{"line":14,"column":46}},"type":"cond-expr","locations":[{"start":{"line":14,"column":32},"end":{"line":14,"column":34}},{"start":{"line":14,"column":28},"end":{"line":14,"column":46}}]},"1":{"loc":{"start":{"line":14,"column":28},"end":{"line":14,"column":34}},"type":"binary-expr","locations":[{"start":{"line":14,"column":28},"end":{"line":14,"column":34}},{"start":{"line":14,"column":28},"end":{"line":14,"column":34}}]}},"s":{"0":0,"1":0,"2":0,"3":0,"4":0,"5":0,"6":0,"7":0,"8":0,"9":0,"10":0,"11":0},"f":{"0":0},"b":{"0":[0,0],"1":[0,0]}}
,"C:\\wamp64\\www\\DWWM\\Stage Whis\\AppLogin\\client\\src\\components\\Header\\header.style.ts": {"path":"C:\\wamp64\\www\\DWWM\\Stage Whis\\AppLogin\\client\\src\\components\\Header\\header.style.ts","statementMap":{"0":{"start":{"line":1,"column":0},"end":{"line":1,"column":43}},"1":{"start":{"line":3,"column":13},"end":{"line":9,"column":2}},"2":{"start":{"line":4,"column":33},"end":{"line":4,"column":58}},"3":{"start":{"line":11,"column":13},"end":{"line":15,"column":2}},"4":{"start":{"line":17,"column":13},"end":{"line":20,"column":2}},"5":{"start":{"line":18,"column":25},"end":{"line":18,"column":69}},"6":{"start":{"line":22,"column":13},"end":{"line":32,"column":2}},"7":{"start":{"line":34,"column":13},"end":{"line":39,"column":2}},"8":{"start":{"line":35,"column":25},"end":{"line":35,"column":67}},"9":{"start":{"line":36,"column":22},"end":{"line":36,"column":54}}},"fnMap":{"0":{"name":"(anonymous_0)","decl":{"start":{"line":4,"column":22},"end":{"line":4,"column":23}},"loc":{"start":{"line":4,"column":33},"end":{"line":4,"column":58}}},"1":{"name":"(anonymous_1)","decl":{"start":{"line":18,"column":13},"end":{"line":18,"column":14}},"loc":{"start":{"line":18,"column":25},"end":{"line":18,"column":69}}},"2":{"name":"(anonymous_2)","decl":{"start":{"line":35,"column":13},"end":{"line":35,"column":14}},"loc":{"start":{"line":35,"column":25},"end":{"line":35,"column":67}}},"3":{"name":"(anonymous_3)","decl":{"start":{"line":36,"column":11},"end":{"line":36,"column":12}},"loc":{"start":{"line":36,"column":22},"end":{"line":36,"column":54}}}},"branchMap":{"0":{"loc":{"start":{"line":18,"column":25},"end":{"line":18,"column":69}},"type":"cond-expr","locations":[{"start":{"line":18,"column":52},"end":{"line":18,"column":58}},{"start":{"line":18,"column":61},"end":{"line":18,"column":69}}]},"1":{"loc":{"start":{"line":35,"column":25},"end":{"line":35,"column":67}},"type":"cond-expr","locations":[{"start":{"line":35,"column":52},"end":{"line":35,"column":58}},{"start":{"line":35,"column":61},"end":{"line":35,"column":67}}]}},"s":{"0":0,"1":0,"2":0,"3":0,"4":0,"5":0,"6":0,"7":0,"8":0,"9":0},"f":{"0":0,"1":0,"2":0,"3":0},"b":{"0":[0,0],"1":[0,0]}}
,"C:\\wamp64\\www\\DWWM\\Stage Whis\\AppLogin\\client\\src\\components\\Header\\index.tsx": {"path":"C:\\wamp64\\www\\DWWM\\Stage Whis\\AppLogin\\client\\src\\components\\Header\\index.tsx","statementMap":{"0":{"start":{"line":1,"column":0},"end":{"line":1,"column":34}},"1":{"start":{"line":2,"column":0},"end":{"line":2,"column":65}},"2":{"start":{"line":3,"column":0},"end":{"line":3,"column":37}},"3":{"start":{"line":4,"column":0},"end":{"line":4,"column":60}},"4":{"start":{"line":8,"column":54},"end":{"line":45,"column":1}},"5":{"start":{"line":9,"column":19},"end":{"line":9,"column":35}},"6":{"start":{"line":11,"column":21},"end":{"line":11,"column":78}},"7":{"start":{"line":13,"column":2},"end":{"line":44,"column":4}},"8":{"start":{"line":47,"column":43},"end":{"line":47,"column":81}},"9":{"start":{"line":49,"column":0},"end":{"line":49,"column":50}}},"fnMap":{"0":{"name":"(anonymous_7)","decl":{"start":{"line":8,"column":54},"end":{"line":8,"column":55}},"loc":{"start":{"line":8,"column":64},"end":{"line":45,"column":1}}}},"branchMap":{"0":{"loc":{"start":{"line":11,"column":24},"end":{"line":11,"column":77}},"type":"binary-expr","locations":[{"start":{"line":11,"column":24},"end":{"line":11,"column":37}},{"start":{"line":11,"column":41},"end":{"line":11,"column":53}},{"start":{"line":11,"column":57},"end":{"line":11,"column":77}}]},"1":{"loc":{"start":{"line":31,"column":11},"end":{"line":31,"column":24}},"type":"cond-expr","locations":[{"start":{"line":31,"column":15},"end":{"line":31,"column":17}},{"start":{"line":31,"column":11},"end":{"line":31,"column":24}}]},"2":{"loc":{"start":{"line":31,"column":11},"end":{"line":31,"column":17}},"type":"binary-expr","locations":[{"start":{"line":31,"column":11},"end":{"line":31,"column":17}},{"start":{"line":31,"column":11},"end":{"line":31,"column":17}}]}},"s":{"0":0,"1":0,"2":0,"3":0,"4":0,"5":0,"6":0,"7":0,"8":0,"9":0},"f":{"0":0},"b":{"0":[0,0,0],"1":[0,0],"2":[0,0]}}
,"C:\\wamp64\\www\\DWWM\\Stage Whis\\AppLogin\\client\\src\\components\\Input\\index.tsx": {"path":"C:\\wamp64\\www\\DWWM\\Stage Whis\\AppLogin\\client\\src\\components\\Input\\index.tsx","statementMap":{"0":{"start":{"line":1,"column":0},"end":{"line":1,"column":59}},"1":{"start":{"line":2,"column":0},"end":{"line":2,"column":36}},"2":{"start":{"line":16,"column":48},"end":{"line":43,"column":null}},"3":{"start":{"line":27,"column":2},"end":{"line":42,"column":null}},"4":{"start":{"line":37,"column":25},"end":{"line":37,"column":38}},"5":{"start":{"line":39,"column":27},"end":{"line":39,"column":42}},"6":{"start":{"line":46,"column":0},"end":{"line":46,"column":30}}},"fnMap":{"0":{"name":"(anonymous_7)","decl":{"start":{"line":16,"column":48},"end":{"line":16,"column":49}},"loc":{"start":{"line":27,"column":2},"end":{"line":42,"column":null}}},"1":{"name":"(anonymous_8)","decl":{"start":{"line":37,"column":14},"end":{"line":37,"column":15}},"loc":{"start":{"line":37,"column":25},"end":{"line":37,"column":38}}},"2":{"name":"(anonymous_9)","decl":{"start":{"line":39,"column":16},"end":{"line":39,"column":17}},"loc":{"start":{"line":39,"column":27},"end":{"line":39,"column":42}}}},"branchMap":{"0":{"loc":{"start":{"line":25,"column":2},"end":{"line":25,"column":19}},"type":"default-arg","locations":[{"start":{"line":25,"column":14},"end":{"line":25,"column":19}}]}},"s":{"0":4,"1":4,"2":4,"3":1728,"4":45,"5":213,"6":4},"f":{"0":1728,"1":45,"2":213},"b":{"0":[1474]}}
,"C:\\wamp64\\www\\DWWM\\Stage Whis\\AppLogin\\client\\src\\components\\Input\\input.style.ts": {"path":"C:\\wamp64\\www\\DWWM\\Stage Whis\\AppLogin\\client\\src\\components\\Input\\input.style.ts","statementMap":{"0":{"start":{"line":1,"column":0},"end":{"line":1,"column":43}},"1":{"start":{"line":3,"column":13},"end":{"line":8,"column":2}},"2":{"start":{"line":4,"column":22},"end":{"line":4,"column":54}},"3":{"start":{"line":10,"column":13},"end":{"line":16,"column":2}},"4":{"start":{"line":15,"column":32},"end":{"line":15,"column":60}},"5":{"start":{"line":18,"column":13},"end":{"line":26,"column":2}},"6":{"start":{"line":24,"column":37},"end":{"line":24,"column":97}}},"fnMap":{"0":{"name":"(anonymous_0)","decl":{"start":{"line":4,"column":11},"end":{"line":4,"column":12}},"loc":{"start":{"line":4,"column":22},"end":{"line":4,"column":54}}},"1":{"name":"(anonymous_1)","decl":{"start":{"line":15,"column":13},"end":{"line":15,"column":14}},"loc":{"start":{"line":15,"column":32},"end":{"line":15,"column":60}}},"2":{"name":"(anonymous_2)","decl":{"start":{"line":24,"column":12},"end":{"line":24,"column":13}},"loc":{"start":{"line":24,"column":37},"end":{"line":24,"column":97}}}},"branchMap":{"0":{"loc":{"start":{"line":15,"column":32},"end":{"line":15,"column":60}},"type":"cond-expr","locations":[{"start":{"line":15,"column":43},"end":{"line":15,"column":51}},{"start":{"line":15,"column":54},"end":{"line":15,"column":60}}]},"1":{"loc":{"start":{"line":24,"column":37},"end":{"line":24,"column":97}},"type":"cond-expr","locations":[{"start":{"line":24,"column":54},"end":{"line":24,"column":69}},{"start":{"line":24,"column":72},"end":{"line":24,"column":97}}]}},"s":{"0":4,"1":4,"2":1728,"3":4,"4":1728,"5":4,"6":1728},"f":{"0":1728,"1":1728,"2":1728},"b":{"0":[230,1498],"1":[230,1498]}}
,"C:\\wamp64\\www\\DWWM\\Stage Whis\\AppLogin\\client\\src\\components\\ToggleButton\\DarkmodeToggle.tsx": {"path":"C:\\wamp64\\www\\DWWM\\Stage Whis\\AppLogin\\client\\src\\components\\ToggleButton\\DarkmodeToggle.tsx","statementMap":{"0":{"start":{"line":1,"column":0},"end":{"line":1,"column":44}},"1":{"start":{"line":2,"column":0},"end":{"line":2,"column":43}},"2":{"start":{"line":3,"column":0},"end":{"line":3,"column":50}},"3":{"start":{"line":4,"column":0},"end":{"line":4,"column":52}},"4":{"start":{"line":5,"column":0},"end":{"line":5,"column":67}},"5":{"start":{"line":11,"column":60},"end":{"line":31,"column":1}},"6":{"start":{"line":12,"column":28},"end":{"line":12,"column":50}},"7":{"start":{"line":14,"column":30},"end":{"line":14,"column":56}},"8":{"start":{"line":16,"column":19},"end":{"line":19,"column":3}},"9":{"start":{"line":17,"column":4},"end":{"line":17,"column":23}},"10":{"start":{"line":18,"column":4},"end":{"line":18,"column":58}},"11":{"start":{"line":21,"column":2},"end":{"line":30,"column":4}},"12":{"start":{"line":33,"column":0},"end":{"line":33,"column":36}}},"fnMap":{"0":{"name":"(anonymous_7)","decl":{"start":{"line":11,"column":60},"end":{"line":11,"column":61}},"loc":{"start":{"line":11,"column":76},"end":{"line":31,"column":1}}},"1":{"name":"(anonymous_8)","decl":{"start":{"line":16,"column":19},"end":{"line":16,"column":22}},"loc":{"start":{"line":16,"column":24},"end":{"line":19,"column":3}}}},"branchMap":{"0":{"loc":{"start":{"line":18,"column":18},"end":{"line":18,"column":56}},"type":"cond-expr","locations":[{"start":{"line":18,"column":30},"end":{"line":18,"column":41}},{"start":{"line":18,"column":44},"end":{"line":18,"column":56}}]}},"s":{"0":0,"1":0,"2":0,"3":0,"4":0,"5":0,"6":0,"7":0,"8":0,"9":0,"10":0,"11":0,"12":0},"f":{"0":0,"1":0},"b":{"0":[0,0]}}
,"C:\\wamp64\\www\\DWWM\\Stage Whis\\AppLogin\\client\\src\\components\\ToggleButton\\LanguageToggle.tsx": {"path":"C:\\wamp64\\www\\DWWM\\Stage Whis\\AppLogin\\client\\src\\components\\ToggleButton\\LanguageToggle.tsx","statementMap":{"0":{"start":{"line":1,"column":0},"end":{"line":1,"column":44}},"1":{"start":{"line":2,"column":0},"end":{"line":2,"column":55}},"2":{"start":{"line":3,"column":0},"end":{"line":3,"column":43}},"3":{"start":{"line":4,"column":0},"end":{"line":4,"column":44}},"4":{"start":{"line":5,"column":0},"end":{"line":5,"column":44}},"5":{"start":{"line":6,"column":0},"end":{"line":6,"column":60}},"6":{"start":{"line":12,"column":60},"end":{"line":50,"column":1}},"7":{"start":{"line":13,"column":28},"end":{"line":13,"column":44}},"8":{"start":{"line":14,"column":30},"end":{"line":14,"column":56}},"9":{"start":{"line":21,"column":33},"end":{"line":33,"column":4}},"10":{"start":{"line":21,"column":86},"end":{"line":33,"column":4}},"11":{"start":{"line":22,"column":35},"end":{"line":25,"column":6}},"12":{"start":{"line":27,"column":4},"end":{"line":27,"column":70}},"13":{"start":{"line":29,"column":4},"end":{"line":32,"column":8}},"14":{"start":{"line":29,"column":26},"end":{"line":31,"column":null}},"15":{"start":{"line":35,"column":19},"end":{"line":38,"column":3}},"16":{"start":{"line":36,"column":4},"end":{"line":36,"column":23}},"17":{"start":{"line":37,"column":4},"end":{"line":37,"column":92}},"18":{"start":{"line":40,"column":2},"end":{"line":49,"column":4}},"19":{"start":{"line":52,"column":0},"end":{"line":52,"column":36}}},"fnMap":{"0":{"name":"(anonymous_14)","decl":{"start":{"line":12,"column":60},"end":{"line":12,"column":61}},"loc":{"start":{"line":12,"column":76},"end":{"line":50,"column":1}}},"1":{"name":"(anonymous_15)","decl":{"start":{"line":21,"column":33},"end":{"line":21,"column":40}},"loc":{"start":{"line":21,"column":86},"end":{"line":33,"column":4}}},"2":{"name":"(anonymous_16)","decl":{"start":{"line":21,"column":86},"end":{"line":21,"column":null}},"loc":{"start":{"line":21,"column":86},"end":{"line":33,"column":3}}},"3":{"name":"(anonymous_17)","decl":{"start":{"line":29,"column":12},"end":{"line":29,"column":13}},"loc":{"start":{"line":29,"column":26},"end":{"line":31,"column":null}}},"4":{"name":"(anonymous_18)","decl":{"start":{"line":35,"column":19},"end":{"line":35,"column":22}},"loc":{"start":{"line":35,"column":24},"end":{"line":38,"column":3}}},"5":{"name":"(anonymous_19)","decl":{"start":{"line":37,"column":82},"end":{"line":37,"column":85}},"loc":{"start":{"line":37,"column":87},"end":{"line":37,"column":90}}}},"branchMap":{"0":{"loc":{"start":{"line":27,"column":4},"end":{"line":27,"column":69}},"type":"binary-expr","locations":[{"start":{"line":27,"column":4},"end":{"line":27,"column":26}},{"start":{"line":27,"column":31},"end":{"line":27,"column":68}}]},"1":{"loc":{"start":{"line":37,"column":27},"end":{"line":37,"column":54}},"type":"cond-expr","locations":[{"start":{"line":37,"column":39},"end":{"line":37,"column":45}},{"start":{"line":37,"column":48},"end":{"line":37,"column":54}}]},"2":{"loc":{"start":{"line":37,"column":56},"end":{"line":37,"column":74}},"type":"binary-expr","locations":[{"start":{"line":37,"column":56},"end":{"line":37,"column":68}},{"start":{"line":37,"column":72},"end":{"line":37,"column":74}}]},"3":{"loc":{"start":{"line":37,"column":56},"end":{"line":37,"column":68}},"type":"cond-expr","locations":[{"start":{"line":37,"column":60},"end":{"line":37,"column":62}},{"start":{"line":37,"column":56},"end":{"line":37,"column":68}}]},"4":{"loc":{"start":{"line":37,"column":56},"end":{"line":37,"column":62}},"type":"binary-expr","locations":[{"start":{"line":37,"column":56},"end":{"line":37,"column":62}},{"start":{"line":37,"column":56},"end":{"line":37,"column":62}}]}},"s":{"0":0,"1":0,"2":0,"3":0,"4":0,"5":0,"6":0,"7":0,"8":0,"9":0,"10":0,"11":0,"12":0,"13":0,"14":0,"15":0,"16":0,"17":0,"18":0,"19":0},"f":{"0":0,"1":0,"2":0,"3":0,"4":0,"5":0},"b":{"0":[0,0],"1":[0,0],"2":[0,0],"3":[0,0],"4":[0,0]}}
,"C:\\wamp64\\www\\DWWM\\Stage Whis\\AppLogin\\client\\src\\components\\ToggleButton\\index.tsx": {"path":"C:\\wamp64\\www\\DWWM\\Stage Whis\\AppLogin\\client\\src\\components\\ToggleButton\\index.tsx","statementMap":{"0":{"start":{"line":1,"column":0},"end":{"line":1,"column":7}},"1":{"start":{"line":4,"column":9},"end":{"line":1,"column":52}},"2":{"start":{"line":2,"column":0},"end":{"line":2,"column":7}},"3":{"start":{"line":4,"column":31},"end":{"line":2,"column":52}}},"fnMap":{},"branchMap":{},"s":{"0":0,"1":0,"2":0,"3":0},"f":{},"b":{}}
,"C:\\wamp64\\www\\DWWM\\Stage Whis\\AppLogin\\client\\src\\components\\ToggleButton\\toggleButton.style.ts": {"path":"C:\\wamp64\\www\\DWWM\\Stage Whis\\AppLogin\\client\\src\\components\\ToggleButton\\toggleButton.style.ts","statementMap":{"0":{"start":{"line":1,"column":0},"end":{"line":1,"column":43}},"1":{"start":{"line":3,"column":13},"end":{"line":7,"column":2}},"2":{"start":{"line":4,"column":22},"end":{"line":4,"column":54}},"3":{"start":{"line":9,"column":13},"end":{"line":14,"column":2}},"4":{"start":{"line":16,"column":13},"end":{"line":38,"column":2}},"5":{"start":{"line":40,"column":13},"end":{"line":52,"column":2}},"6":{"start":{"line":54,"column":13},"end":{"line":58,"column":2}},"7":{"start":{"line":57,"column":32},"end":{"line":57,"column":83}},"8":{"start":{"line":60,"column":13},"end":{"line":63,"column":2}}},"fnMap":{"0":{"name":"(anonymous_0)","decl":{"start":{"line":4,"column":11},"end":{"line":4,"column":12}},"loc":{"start":{"line":4,"column":22},"end":{"line":4,"column":54}}},"1":{"name":"(anonymous_1)","decl":{"start":{"line":57,"column":12},"end":{"line":57,"column":13}},"loc":{"start":{"line":57,"column":32},"end":{"line":57,"column":83}}}},"branchMap":{"0":{"loc":{"start":{"line":57,"column":32},"end":{"line":57,"column":83}},"type":"cond-expr","locations":[{"start":{"line":57,"column":44},"end":{"line":57,"column":62}},{"start":{"line":57,"column":65},"end":{"line":57,"column":83}}]}},"s":{"0":0,"1":0,"2":0,"3":0,"4":0,"5":0,"6":0,"7":0,"8":0},"f":{"0":0,"1":0},"b":{"0":[0,0]}}
,"C:\\wamp64\\www\\DWWM\\Stage Whis\\AppLogin\\client\\src\\containers\\EditInfosForm\\form.style.ts": {"path":"C:\\wamp64\\www\\DWWM\\Stage Whis\\AppLogin\\client\\src\\containers\\EditInfosForm\\form.style.ts","statementMap":{"0":{"start":{"line":1,"column":0},"end":{"line":1,"column":43}},"1":{"start":{"line":3,"column":13},"end":{"line":13,"column":2}},"2":{"start":{"line":4,"column":33},"end":{"line":4,"column":58}},"3":{"start":{"line":8,"column":33},"end":{"line":8,"column":64}},"4":{"start":{"line":9,"column":32},"end":{"line":9,"column":117}},"5":{"start":{"line":15,"column":13},"end":{"line":20,"column":2}},"6":{"start":{"line":22,"column":13},"end":{"line":35,"column":2}},"7":{"start":{"line":32,"column":24},"end":{"line":32,"column":56}},"8":{"start":{"line":37,"column":13},"end":{"line":47,"column":2}},"9":{"start":{"line":38,"column":22},"end":{"line":38,"column":54}},"10":{"start":{"line":49,"column":13},"end":{"line":58,"column":2}},"11":{"start":{"line":50,"column":30},"end":{"line":50,"column":80}},"12":{"start":{"line":51,"column":41},"end":{"line":53,"column":25}},"13":{"start":{"line":54,"column":32},"end":{"line":54,"column":59}},"14":{"start":{"line":60,"column":13},"end":{"line":63,"column":2}},"15":{"start":{"line":65,"column":13},"end":{"line":76,"column":2}}},"fnMap":{"0":{"name":"(anonymous_0)","decl":{"start":{"line":4,"column":22},"end":{"line":4,"column":23}},"loc":{"start":{"line":4,"column":33},"end":{"line":4,"column":58}}},"1":{"name":"(anonymous_1)","decl":{"start":{"line":8,"column":17},"end":{"line":8,"column":18}},"loc":{"start":{"line":8,"column":33},"end":{"line":8,"column":64}}},"2":{"name":"(anonymous_2)","decl":{"start":{"line":9,"column":16},"end":{"line":9,"column":17}},"loc":{"start":{"line":9,"column":32},"end":{"line":9,"column":117}}},"3":{"name":"(anonymous_3)","decl":{"start":{"line":32,"column":13},"end":{"line":32,"column":14}},"loc":{"start":{"line":32,"column":24},"end":{"line":32,"column":56}}},"4":{"name":"(anonymous_4)","decl":{"start":{"line":38,"column":11},"end":{"line":38,"column":12}},"loc":{"start":{"line":38,"column":22},"end":{"line":38,"column":54}}},"5":{"name":"(anonymous_5)","decl":{"start":{"line":50,"column":11},"end":{"line":50,"column":12}},"loc":{"start":{"line":50,"column":30},"end":{"line":50,"column":80}}},"6":{"name":"(anonymous_6)","decl":{"start":{"line":51,"column":22},"end":{"line":51,"column":23}},"loc":{"start":{"line":51,"column":41},"end":{"line":53,"column":25}}},"7":{"name":"(anonymous_7)","decl":{"start":{"line":54,"column":13},"end":{"line":54,"column":14}},"loc":{"start":{"line":54,"column":32},"end":{"line":54,"column":59}}}},"branchMap":{"0":{"loc":{"start":{"line":8,"column":33},"end":{"line":8,"column":64}},"type":"cond-expr","locations":[{"start":{"line":8,"column":52},"end":{"line":8,"column":55}},{"start":{"line":8,"column":58},"end":{"line":8,"column":64}}]},"1":{"loc":{"start":{"line":9,"column":32},"end":{"line":9,"column":117}},"type":"cond-expr","locations":[{"start":{"line":9,"column":51},"end":{"line":9,"column":82}},{"start":{"line":9,"column":85},"end":{"line":9,"column":117}}]},"2":{"loc":{"start":{"line":50,"column":30},"end":{"line":50,"column":80}},"type":"cond-expr","locations":[{"start":{"line":50,"column":61},"end":{"line":50,"column":72}},{"start":{"line":50,"column":75},"end":{"line":50,"column":80}}]},"3":{"loc":{"start":{"line":51,"column":41},"end":{"line":53,"column":25}},"type":"cond-expr","locations":[{"start":{"line":52,"column":6},"end":{"line":52,"column":29}},{"start":{"line":53,"column":6},"end":{"line":53,"column":25}}]},"4":{"loc":{"start":{"line":51,"column":41},"end":{"line":51,"column":132}},"type":"binary-expr","locations":[{"start":{"line":51,"column":41},"end":{"line":51,"column":69}},{"start":{"line":51,"column":73},"end":{"line":51,"column":94}},{"start":{"line":51,"column":98},"end":{"line":51,"column":132}}]},"5":{"loc":{"start":{"line":54,"column":32},"end":{"line":54,"column":59}},"type":"cond-expr","locations":[{"start":{"line":54,"column":43},"end":{"line":54,"column":50}},{"start":{"line":54,"column":53},"end":{"line":54,"column":59}}]}},"s":{"0":1,"1":1,"2":0,"3":0,"4":0,"5":1,"6":1,"7":126,"8":1,"9":126,"10":1,"11":126,"12":126,"13":126,"14":1,"15":1},"f":{"0":0,"1":0,"2":0,"3":126,"4":126,"5":126,"6":126,"7":126},"b":{"0":[0,0],"1":[0,0],"2":[0,126],"3":[2,124],"4":[126,126,124],"5":[4,122]}}
,"C:\\wamp64\\www\\DWWM\\Stage Whis\\AppLogin\\client\\src\\containers\\EditInfosForm\\index.tsx": {"path":"C:\\wamp64\\www\\DWWM\\Stage Whis\\AppLogin\\client\\src\\containers\\EditInfosForm\\index.tsx","statementMap":{"0":{"start":{"line":1,"column":0},"end":{"line":1,"column":null}},"1":{"start":{"line":4,"column":0},"end":{"line":4,"column":47}},"2":{"start":{"line":5,"column":0},"end":{"line":5,"column":55}},"3":{"start":{"line":6,"column":0},"end":{"line":6,"column":60}},"4":{"start":{"line":8,"column":0},"end":{"line":8,"column":52}},"5":{"start":{"line":9,"column":0},"end":{"line":9,"column":35}},"6":{"start":{"line":10,"column":0},"end":{"line":10,"column":46}},"7":{"start":{"line":11,"column":0},"end":{"line":11,"column":54}},"8":{"start":{"line":13,"column":35},"end":{"line":163,"column":1}},"9":{"start":{"line":14,"column":16},"end":{"line":14,"column":32}},"10":{"start":{"line":15,"column":28},"end":{"line":15,"column":44}},"11":{"start":{"line":19,"column":6},"end":{"line":40,"column":4}},"12":{"start":{"line":42,"column":54},"end":{"line":42,"column":65}},"13":{"start":{"line":43,"column":34},"end":{"line":43,"column":54}},"14":{"start":{"line":46,"column":21},"end":{"line":51,"column":3}},"15":{"start":{"line":47,"column":31},"end":{"line":47,"column":70}},"16":{"start":{"line":48,"column":31},"end":{"line":48,"column":90}},"17":{"start":{"line":49,"column":26},"end":{"line":49,"column":69}},"18":{"start":{"line":50,"column":4},"end":{"line":50,"column":45}},"19":{"start":{"line":54,"column":23},"end":{"line":56,"column":3}},"20":{"start":{"line":55,"column":4},"end":{"line":55,"column":72}},"21":{"start":{"line":59,"column":21},"end":{"line":63,"column":3}},"22":{"start":{"line":60,"column":26},"end":{"line":60,"column":62}},"23":{"start":{"line":61,"column":4},"end":{"line":61,"column":88}},"24":{"start":{"line":62,"column":4},"end":{"line":62,"column":80}},"25":{"start":{"line":73,"column":21},"end":{"line":85,"column":6}},"26":{"start":{"line":73,"column":47},"end":{"line":85,"column":6}},"27":{"start":{"line":75,"column":6},"end":{"line":80,"column":10}},"28":{"start":{"line":75,"column":28},"end":{"line":79,"column":null}},"29":{"start":{"line":81,"column":6},"end":{"line":81,"column":22}},"30":{"start":{"line":84,"column":6},"end":{"line":84,"column":43}},"31":{"start":{"line":87,"column":23},"end":{"line":107,"column":3}},"32":{"start":{"line":88,"column":4},"end":{"line":88,"column":27}},"33":{"start":{"line":89,"column":26},"end":{"line":89,"column":31}},"34":{"start":{"line":90,"column":23},"end":{"line":96,"column":6}},"35":{"start":{"line":97,"column":4},"end":{"line":101,"column":7}},"36":{"start":{"line":98,"column":27},"end":{"line":98,"column":32}},"37":{"start":{"line":99,"column":6},"end":{"line":99,"column":103}},"38":{"start":{"line":100,"column":6},"end":{"line":100,"column":80}},"39":{"start":{"line":102,"column":4},"end":{"line":106,"column":5}},"40":{"start":{"line":103,"column":6},"end":{"line":105,"column":55}},"41":{"start":{"line":104,"column":26},"end":{"line":104,"column":45}},"42":{"start":{"line":105,"column":21},"end":{"line":105,"column":53}},"43":{"start":{"line":109,"column":2},"end":{"line":162,"column":4}},"44":{"start":{"line":165,"column":0},"end":{"line":165,"column":38}}},"fnMap":{"0":{"name":"(anonymous_7)","decl":{"start":{"line":13,"column":35},"end":{"line":13,"column":38}},"loc":{"start":{"line":13,"column":40},"end":{"line":163,"column":1}}},"1":{"name":"(anonymous_8)","decl":{"start":{"line":46,"column":21},"end":{"line":46,"column":22}},"loc":{"start":{"line":46,"column":91},"end":{"line":51,"column":3}}},"2":{"name":"(anonymous_9)","decl":{"start":{"line":54,"column":23},"end":{"line":54,"column":24}},"loc":{"start":{"line":54,"column":64},"end":{"line":56,"column":3}}},"3":{"name":"(anonymous_10)","decl":{"start":{"line":59,"column":21},"end":{"line":59,"column":22}},"loc":{"start":{"line":59,"column":65},"end":{"line":63,"column":3}}},"4":{"name":"(anonymous_11)","decl":{"start":{"line":73,"column":21},"end":{"line":73,"column":22}},"loc":{"start":{"line":73,"column":47},"end":{"line":85,"column":6}}},"5":{"name":"(anonymous_12)","decl":{"start":{"line":74,"column":10},"end":{"line":74,"column":13}},"loc":{"start":{"line":74,"column":15},"end":{"line":82,"column":5}}},"6":{"name":"(anonymous_13)","decl":{"start":{"line":75,"column":14},"end":{"line":75,"column":15}},"loc":{"start":{"line":75,"column":28},"end":{"line":79,"column":null}}},"7":{"name":"(anonymous_14)","decl":{"start":{"line":83,"column":11},"end":{"line":83,"column":14}},"loc":{"start":{"line":83,"column":16},"end":{"line":85,"column":5}}},"8":{"name":"(anonymous_15)","decl":{"start":{"line":87,"column":23},"end":{"line":87,"column":24}},"loc":{"start":{"line":87,"column":61},"end":{"line":107,"column":3}}},"9":{"name":"(anonymous_16)","decl":{"start":{"line":97,"column":39},"end":{"line":97,"column":40}},"loc":{"start":{"line":97,"column":49},"end":{"line":101,"column":5}}},"10":{"name":"(anonymous_17)","decl":{"start":{"line":104,"column":14},"end":{"line":104,"column":15}},"loc":{"start":{"line":104,"column":26},"end":{"line":104,"column":45}}},"11":{"name":"(anonymous_18)","decl":{"start":{"line":105,"column":15},"end":{"line":105,"column":18}},"loc":{"start":{"line":105,"column":21},"end":{"line":105,"column":53}}}},"branchMap":{"0":{"loc":{"start":{"line":47,"column":31},"end":{"line":47,"column":70}},"type":"cond-expr","locations":[{"start":{"line":47,"column":46},"end":{"line":47,"column":65}},{"start":{"line":47,"column":68},"end":{"line":47,"column":70}}]},"1":{"loc":{"start":{"line":48,"column":31},"end":{"line":48,"column":90}},"type":"cond-expr","locations":[{"start":{"line":48,"column":61},"end":{"line":48,"column":85}},{"start":{"line":48,"column":88},"end":{"line":48,"column":90}}]},"2":{"loc":{"start":{"line":48,"column":31},"end":{"line":48,"column":58}},"type":"binary-expr","locations":[{"start":{"line":48,"column":31},"end":{"line":48,"column":36}},{"start":{"line":48,"column":40},"end":{"line":48,"column":58}}]},"3":{"loc":{"start":{"line":49,"column":26},"end":{"line":49,"column":69}},"type":"cond-expr","locations":[{"start":{"line":49,"column":46},"end":{"line":49,"column":56}},{"start":{"line":49,"column":59},"end":{"line":49,"column":69}}]},"4":{"loc":{"start":{"line":99,"column":40},"end":{"line":99,"column":99}},"type":"cond-expr","locations":[{"start":{"line":99,"column":55},"end":{"line":99,"column":74}},{"start":{"line":99,"column":77},"end":{"line":99,"column":99}}]},"5":{"loc":{"start":{"line":100,"column":24},"end":{"line":100,"column":79}},"type":"binary-expr","locations":[{"start":{"line":100,"column":25},"end":{"line":100,"column":37}},{"start":{"line":100,"column":41},"end":{"line":100,"column":70}},{"start":{"line":100,"column":75},"end":{"line":100,"column":79}}]},"6":{"loc":{"start":{"line":102,"column":4},"end":{"line":106,"column":5}},"type":"if","locations":[{"start":{"line":102,"column":4},"end":{"line":106,"column":5}}]}},"s":{"0":1,"1":1,"2":1,"3":1,"4":1,"5":1,"6":1,"7":1,"8":1,"9":126,"10":126,"11":126,"12":126,"13":126,"14":126,"15":16,"16":16,"17":16,"18":16,"19":126,"20":34,"21":126,"22":16,"23":16,"24":16,"25":126,"26":2,"27":1,"28":0,"29":1,"30":1,"31":126,"32":3,"33":3,"34":3,"35":3,"36":15,"37":15,"38":15,"39":3,"40":2,"41":1,"42":1,"43":126,"44":1},"f":{"0":126,"1":16,"2":34,"3":16,"4":2,"5":1,"6":0,"7":1,"8":3,"9":15,"10":1,"11":1},"b":{"0":[10,6],"1":[14,2],"2":[16,16],"3":[10,6],"4":[4,11],"5":[15,11,4],"6":[2]}}
,"C:\\wamp64\\www\\DWWM\\Stage Whis\\AppLogin\\client\\src\\containers\\EditPasswordForm\\form.style.ts": {"path":"C:\\wamp64\\www\\DWWM\\Stage Whis\\AppLogin\\client\\src\\containers\\EditPasswordForm\\form.style.ts","statementMap":{"0":{"start":{"line":1,"column":0},"end":{"line":1,"column":43}},"1":{"start":{"line":3,"column":13},"end":{"line":13,"column":2}},"2":{"start":{"line":4,"column":33},"end":{"line":4,"column":58}},"3":{"start":{"line":8,"column":33},"end":{"line":8,"column":64}},"4":{"start":{"line":9,"column":32},"end":{"line":9,"column":117}},"5":{"start":{"line":15,"column":13},"end":{"line":20,"column":2}},"6":{"start":{"line":22,"column":13},"end":{"line":35,"column":2}},"7":{"start":{"line":32,"column":24},"end":{"line":32,"column":56}},"8":{"start":{"line":37,"column":13},"end":{"line":47,"column":2}},"9":{"start":{"line":38,"column":22},"end":{"line":38,"column":54}},"10":{"start":{"line":49,"column":13},"end":{"line":58,"column":2}},"11":{"start":{"line":50,"column":30},"end":{"line":50,"column":80}},"12":{"start":{"line":51,"column":41},"end":{"line":53,"column":25}},"13":{"start":{"line":54,"column":32},"end":{"line":54,"column":59}},"14":{"start":{"line":60,"column":13},"end":{"line":63,"column":2}},"15":{"start":{"line":65,"column":13},"end":{"line":76,"column":2}}},"fnMap":{"0":{"name":"(anonymous_0)","decl":{"start":{"line":4,"column":22},"end":{"line":4,"column":23}},"loc":{"start":{"line":4,"column":33},"end":{"line":4,"column":58}}},"1":{"name":"(anonymous_1)","decl":{"start":{"line":8,"column":17},"end":{"line":8,"column":18}},"loc":{"start":{"line":8,"column":33},"end":{"line":8,"column":64}}},"2":{"name":"(anonymous_2)","decl":{"start":{"line":9,"column":16},"end":{"line":9,"column":17}},"loc":{"start":{"line":9,"column":32},"end":{"line":9,"column":117}}},"3":{"name":"(anonymous_3)","decl":{"start":{"line":32,"column":13},"end":{"line":32,"column":14}},"loc":{"start":{"line":32,"column":24},"end":{"line":32,"column":56}}},"4":{"name":"(anonymous_4)","decl":{"start":{"line":38,"column":11},"end":{"line":38,"column":12}},"loc":{"start":{"line":38,"column":22},"end":{"line":38,"column":54}}},"5":{"name":"(anonymous_5)","decl":{"start":{"line":50,"column":11},"end":{"line":50,"column":12}},"loc":{"start":{"line":50,"column":30},"end":{"line":50,"column":80}}},"6":{"name":"(anonymous_6)","decl":{"start":{"line":51,"column":22},"end":{"line":51,"column":23}},"loc":{"start":{"line":51,"column":41},"end":{"line":53,"column":25}}},"7":{"name":"(anonymous_7)","decl":{"start":{"line":54,"column":13},"end":{"line":54,"column":14}},"loc":{"start":{"line":54,"column":32},"end":{"line":54,"column":59}}}},"branchMap":{"0":{"loc":{"start":{"line":8,"column":33},"end":{"line":8,"column":64}},"type":"cond-expr","locations":[{"start":{"line":8,"column":52},"end":{"line":8,"column":55}},{"start":{"line":8,"column":58},"end":{"line":8,"column":64}}]},"1":{"loc":{"start":{"line":9,"column":32},"end":{"line":9,"column":117}},"type":"cond-expr","locations":[{"start":{"line":9,"column":51},"end":{"line":9,"column":82}},{"start":{"line":9,"column":85},"end":{"line":9,"column":117}}]},"2":{"loc":{"start":{"line":50,"column":30},"end":{"line":50,"column":80}},"type":"cond-expr","locations":[{"start":{"line":50,"column":61},"end":{"line":50,"column":72}},{"start":{"line":50,"column":75},"end":{"line":50,"column":80}}]},"3":{"loc":{"start":{"line":51,"column":41},"end":{"line":53,"column":25}},"type":"cond-expr","locations":[{"start":{"line":52,"column":6},"end":{"line":52,"column":29}},{"start":{"line":53,"column":6},"end":{"line":53,"column":25}}]},"4":{"loc":{"start":{"line":51,"column":41},"end":{"line":51,"column":132}},"type":"binary-expr","locations":[{"start":{"line":51,"column":41},"end":{"line":51,"column":69}},{"start":{"line":51,"column":73},"end":{"line":51,"column":94}},{"start":{"line":51,"column":98},"end":{"line":51,"column":132}}]},"5":{"loc":{"start":{"line":54,"column":32},"end":{"line":54,"column":59}},"type":"cond-expr","locations":[{"start":{"line":54,"column":43},"end":{"line":54,"column":50}},{"start":{"line":54,"column":53},"end":{"line":54,"column":59}}]}},"s":{"0":1,"1":1,"2":0,"3":0,"4":0,"5":1,"6":1,"7":66,"8":1,"9":66,"10":1,"11":66,"12":66,"13":66,"14":1,"15":1},"f":{"0":0,"1":0,"2":0,"3":66,"4":66,"5":66,"6":66,"7":66},"b":{"0":[0,0],"1":[0,0],"2":[0,66],"3":[2,64],"4":[66,66,64],"5":[2,64]}}
,"C:\\wamp64\\www\\DWWM\\Stage Whis\\AppLogin\\client\\src\\containers\\EditPasswordForm\\index.tsx": {"path":"C:\\wamp64\\www\\DWWM\\Stage Whis\\AppLogin\\client\\src\\containers\\EditPasswordForm\\index.tsx","statementMap":{"0":{"start":{"line":1,"column":0},"end":{"line":1,"column":null}},"1":{"start":{"line":4,"column":0},"end":{"line":4,"column":47}},"2":{"start":{"line":5,"column":0},"end":{"line":5,"column":55}},"3":{"start":{"line":7,"column":0},"end":{"line":7,"column":52}},"4":{"start":{"line":8,"column":0},"end":{"line":8,"column":35}},"5":{"start":{"line":9,"column":0},"end":{"line":9,"column":46}},"6":{"start":{"line":10,"column":0},"end":{"line":10,"column":54}},"7":{"start":{"line":11,"column":0},"end":{"line":11,"column":60}},"8":{"start":{"line":13,"column":38},"end":{"line":129,"column":1}},"9":{"start":{"line":14,"column":16},"end":{"line":14,"column":32}},"10":{"start":{"line":15,"column":19},"end":{"line":15,"column":35}},"11":{"start":{"line":16,"column":34},"end":{"line":16,"column":54}},"12":{"start":{"line":17,"column":54},"end":{"line":17,"column":65}},"13":{"start":{"line":21,"column":6},"end":{"line":38,"column":4}},"14":{"start":{"line":41,"column":21},"end":{"line":46,"column":3}},"15":{"start":{"line":42,"column":31},"end":{"line":42,"column":70}},"16":{"start":{"line":43,"column":31},"end":{"line":43,"column":90}},"17":{"start":{"line":44,"column":26},"end":{"line":44,"column":69}},"18":{"start":{"line":45,"column":4},"end":{"line":45,"column":45}},"19":{"start":{"line":49,"column":23},"end":{"line":51,"column":3}},"20":{"start":{"line":50,"column":4},"end":{"line":50,"column":72}},"21":{"start":{"line":54,"column":21},"end":{"line":58,"column":3}},"22":{"start":{"line":55,"column":26},"end":{"line":55,"column":62}},"23":{"start":{"line":56,"column":4},"end":{"line":56,"column":79}},"24":{"start":{"line":57,"column":4},"end":{"line":57,"column":80}},"25":{"start":{"line":68,"column":29},"end":{"line":72,"column":6}},"26":{"start":{"line":68,"column":53},"end":{"line":72,"column":6}},"27":{"start":{"line":69,"column":16},"end":{"line":69,"column":24}},"28":{"start":{"line":71,"column":6},"end":{"line":71,"column":43}},"29":{"start":{"line":74,"column":23},"end":{"line":93,"column":3}},"30":{"start":{"line":75,"column":4},"end":{"line":75,"column":27}},"31":{"start":{"line":76,"column":26},"end":{"line":76,"column":31}},"32":{"start":{"line":77,"column":23},"end":{"line":82,"column":6}},"33":{"start":{"line":83,"column":4},"end":{"line":87,"column":7}},"34":{"start":{"line":84,"column":27},"end":{"line":84,"column":32}},"35":{"start":{"line":85,"column":6},"end":{"line":85,"column":103}},"36":{"start":{"line":86,"column":6},"end":{"line":86,"column":80}},"37":{"start":{"line":88,"column":4},"end":{"line":92,"column":5}},"38":{"start":{"line":89,"column":6},"end":{"line":91,"column":55}},"39":{"start":{"line":90,"column":26},"end":{"line":90,"column":45}},"40":{"start":{"line":91,"column":21},"end":{"line":91,"column":53}},"41":{"start":{"line":95,"column":2},"end":{"line":128,"column":4}},"42":{"start":{"line":131,"column":0},"end":{"line":131,"column":41}}},"fnMap":{"0":{"name":"(anonymous_7)","decl":{"start":{"line":13,"column":38},"end":{"line":13,"column":41}},"loc":{"start":{"line":13,"column":43},"end":{"line":129,"column":1}}},"1":{"name":"(anonymous_8)","decl":{"start":{"line":41,"column":21},"end":{"line":41,"column":22}},"loc":{"start":{"line":41,"column":91},"end":{"line":46,"column":3}}},"2":{"name":"(anonymous_9)","decl":{"start":{"line":49,"column":23},"end":{"line":49,"column":24}},"loc":{"start":{"line":49,"column":64},"end":{"line":51,"column":3}}},"3":{"name":"(anonymous_10)","decl":{"start":{"line":54,"column":21},"end":{"line":54,"column":22}},"loc":{"start":{"line":54,"column":65},"end":{"line":58,"column":3}}},"4":{"name":"(anonymous_11)","decl":{"start":{"line":68,"column":29},"end":{"line":68,"column":30}},"loc":{"start":{"line":68,"column":53},"end":{"line":72,"column":6}}},"5":{"name":"(anonymous_12)","decl":{"start":{"line":69,"column":10},"end":{"line":69,"column":13}},"loc":{"start":{"line":69,"column":16},"end":{"line":69,"column":24}}},"6":{"name":"(anonymous_13)","decl":{"start":{"line":70,"column":11},"end":{"line":70,"column":14}},"loc":{"start":{"line":70,"column":16},"end":{"line":72,"column":5}}},"7":{"name":"(anonymous_14)","decl":{"start":{"line":74,"column":23},"end":{"line":74,"column":24}},"loc":{"start":{"line":74,"column":61},"end":{"line":93,"column":3}}},"8":{"name":"(anonymous_15)","decl":{"start":{"line":83,"column":39},"end":{"line":83,"column":40}},"loc":{"start":{"line":83,"column":49},"end":{"line":87,"column":5}}},"9":{"name":"(anonymous_16)","decl":{"start":{"line":90,"column":14},"end":{"line":90,"column":15}},"loc":{"start":{"line":90,"column":26},"end":{"line":90,"column":45}}},"10":{"name":"(anonymous_17)","decl":{"start":{"line":91,"column":15},"end":{"line":91,"column":18}},"loc":{"start":{"line":91,"column":21},"end":{"line":91,"column":53}}}},"branchMap":{"0":{"loc":{"start":{"line":42,"column":31},"end":{"line":42,"column":70}},"type":"cond-expr","locations":[{"start":{"line":42,"column":46},"end":{"line":42,"column":65}},{"start":{"line":42,"column":68},"end":{"line":42,"column":70}}]},"1":{"loc":{"start":{"line":43,"column":31},"end":{"line":43,"column":90}},"type":"cond-expr","locations":[{"start":{"line":43,"column":61},"end":{"line":43,"column":85}},{"start":{"line":43,"column":88},"end":{"line":43,"column":90}}]},"2":{"loc":{"start":{"line":43,"column":31},"end":{"line":43,"column":58}},"type":"binary-expr","locations":[{"start":{"line":43,"column":31},"end":{"line":43,"column":36}},{"start":{"line":43,"column":40},"end":{"line":43,"column":58}}]},"3":{"loc":{"start":{"line":44,"column":26},"end":{"line":44,"column":69}},"type":"cond-expr","locations":[{"start":{"line":44,"column":46},"end":{"line":44,"column":56}},{"start":{"line":44,"column":59},"end":{"line":44,"column":69}}]},"4":{"loc":{"start":{"line":85,"column":40},"end":{"line":85,"column":99}},"type":"cond-expr","locations":[{"start":{"line":85,"column":55},"end":{"line":85,"column":74}},{"start":{"line":85,"column":77},"end":{"line":85,"column":99}}]},"5":{"loc":{"start":{"line":86,"column":24},"end":{"line":86,"column":79}},"type":"binary-expr","locations":[{"start":{"line":86,"column":25},"end":{"line":86,"column":37}},{"start":{"line":86,"column":41},"end":{"line":86,"column":70}},{"start":{"line":86,"column":75},"end":{"line":86,"column":79}}]},"6":{"loc":{"start":{"line":88,"column":4},"end":{"line":92,"column":5}},"type":"if","locations":[{"start":{"line":88,"column":4},"end":{"line":92,"column":5}}]}},"s":{"0":1,"1":1,"2":1,"3":1,"4":1,"5":1,"6":1,"7":1,"8":1,"9":66,"10":66,"11":66,"12":66,"13":66,"14":66,"15":6,"16":6,"17":6,"18":6,"19":66,"20":20,"21":66,"22":6,"23":6,"24":6,"25":66,"26":1,"27":1,"28":0,"29":66,"30":2,"31":2,"32":2,"33":2,"34":8,"35":8,"36":8,"37":2,"38":1,"39":1,"40":0,"41":66,"42":1},"f":{"0":66,"1":6,"2":20,"3":6,"4":1,"5":1,"6":0,"7":2,"8":8,"9":1,"10":0},"b":{"0":[2,4],"1":[4,2],"2":[6,6],"3":[2,4],"4":[2,6],"5":[8,6,2],"6":[1]}}
,"C:\\wamp64\\www\\DWWM\\Stage Whis\\AppLogin\\client\\src\\containers\\LoginForm\\form.style.ts": {"path":"C:\\wamp64\\www\\DWWM\\Stage Whis\\AppLogin\\client\\src\\containers\\LoginForm\\form.style.ts","statementMap":{"0":{"start":{"line":1,"column":0},"end":{"line":1,"column":43}},"1":{"start":{"line":3,"column":13},"end":{"line":13,"column":2}},"2":{"start":{"line":4,"column":33},"end":{"line":4,"column":58}},"3":{"start":{"line":8,"column":33},"end":{"line":8,"column":64}},"4":{"start":{"line":9,"column":32},"end":{"line":9,"column":117}},"5":{"start":{"line":15,"column":13},"end":{"line":20,"column":2}},"6":{"start":{"line":22,"column":13},"end":{"line":35,"column":2}},"7":{"start":{"line":32,"column":24},"end":{"line":32,"column":56}},"8":{"start":{"line":37,"column":13},"end":{"line":47,"column":2}},"9":{"start":{"line":38,"column":22},"end":{"line":38,"column":54}},"10":{"start":{"line":49,"column":13},"end":{"line":58,"column":2}},"11":{"start":{"line":50,"column":30},"end":{"line":50,"column":80}},"12":{"start":{"line":51,"column":41},"end":{"line":53,"column":25}},"13":{"start":{"line":54,"column":32},"end":{"line":54,"column":59}},"14":{"start":{"line":60,"column":13},"end":{"line":63,"column":2}},"15":{"start":{"line":65,"column":13},"end":{"line":76,"column":2}}},"fnMap":{"0":{"name":"(anonymous_0)","decl":{"start":{"line":4,"column":22},"end":{"line":4,"column":23}},"loc":{"start":{"line":4,"column":33},"end":{"line":4,"column":58}}},"1":{"name":"(anonymous_1)","decl":{"start":{"line":8,"column":17},"end":{"line":8,"column":18}},"loc":{"start":{"line":8,"column":33},"end":{"line":8,"column":64}}},"2":{"name":"(anonymous_2)","decl":{"start":{"line":9,"column":16},"end":{"line":9,"column":17}},"loc":{"start":{"line":9,"column":32},"end":{"line":9,"column":117}}},"3":{"name":"(anonymous_3)","decl":{"start":{"line":32,"column":13},"end":{"line":32,"column":14}},"loc":{"start":{"line":32,"column":24},"end":{"line":32,"column":56}}},"4":{"name":"(anonymous_4)","decl":{"start":{"line":38,"column":11},"end":{"line":38,"column":12}},"loc":{"start":{"line":38,"column":22},"end":{"line":38,"column":54}}},"5":{"name":"(anonymous_5)","decl":{"start":{"line":50,"column":11},"end":{"line":50,"column":12}},"loc":{"start":{"line":50,"column":30},"end":{"line":50,"column":80}}},"6":{"name":"(anonymous_6)","decl":{"start":{"line":51,"column":22},"end":{"line":51,"column":23}},"loc":{"start":{"line":51,"column":41},"end":{"line":53,"column":25}}},"7":{"name":"(anonymous_7)","decl":{"start":{"line":54,"column":13},"end":{"line":54,"column":14}},"loc":{"start":{"line":54,"column":32},"end":{"line":54,"column":59}}}},"branchMap":{"0":{"loc":{"start":{"line":8,"column":33},"end":{"line":8,"column":64}},"type":"cond-expr","locations":[{"start":{"line":8,"column":52},"end":{"line":8,"column":55}},{"start":{"line":8,"column":58},"end":{"line":8,"column":64}}]},"1":{"loc":{"start":{"line":9,"column":32},"end":{"line":9,"column":117}},"type":"cond-expr","locations":[{"start":{"line":9,"column":51},"end":{"line":9,"column":82}},{"start":{"line":9,"column":85},"end":{"line":9,"column":117}}]},"2":{"loc":{"start":{"line":50,"column":30},"end":{"line":50,"column":80}},"type":"cond-expr","locations":[{"start":{"line":50,"column":61},"end":{"line":50,"column":72}},{"start":{"line":50,"column":75},"end":{"line":50,"column":80}}]},"3":{"loc":{"start":{"line":51,"column":41},"end":{"line":53,"column":25}},"type":"cond-expr","locations":[{"start":{"line":52,"column":6},"end":{"line":52,"column":29}},{"start":{"line":53,"column":6},"end":{"line":53,"column":25}}]},"4":{"loc":{"start":{"line":51,"column":41},"end":{"line":51,"column":132}},"type":"binary-expr","locations":[{"start":{"line":51,"column":41},"end":{"line":51,"column":69}},{"start":{"line":51,"column":73},"end":{"line":51,"column":94}},{"start":{"line":51,"column":98},"end":{"line":51,"column":132}}]},"5":{"loc":{"start":{"line":54,"column":32},"end":{"line":54,"column":59}},"type":"cond-expr","locations":[{"start":{"line":54,"column":43},"end":{"line":54,"column":50}},{"start":{"line":54,"column":53},"end":{"line":54,"column":59}}]}},"s":{"0":1,"1":1,"2":254,"3":254,"4":254,"5":1,"6":1,"7":254,"8":1,"9":254,"10":1,"11":254,"12":254,"13":254,"14":1,"15":1},"f":{"0":254,"1":254,"2":254,"3":254,"4":254,"5":254,"6":254,"7":254},"b":{"0":[254,0],"1":[254,0],"2":[0,254],"3":[0,254],"4":[254,254,254],"5":[4,250]}}
,"C:\\wamp64\\www\\DWWM\\Stage Whis\\AppLogin\\client\\src\\containers\\LoginForm\\index.tsx": {"path":"C:\\wamp64\\www\\DWWM\\Stage Whis\\AppLogin\\client\\src\\containers\\LoginForm\\index.tsx","statementMap":{"0":{"start":{"line":1,"column":0},"end":{"line":1,"column":null}},"1":{"start":{"line":4,"column":0},"end":{"line":4,"column":58}},"2":{"start":{"line":5,"column":0},"end":{"line":5,"column":47}},"3":{"start":{"line":8,"column":0},"end":{"line":8,"column":60}},"4":{"start":{"line":9,"column":0},"end":{"line":9,"column":55}},"5":{"start":{"line":11,"column":0},"end":{"line":11,"column":52}},"6":{"start":{"line":12,"column":0},"end":{"line":12,"column":35}},"7":{"start":{"line":13,"column":0},"end":{"line":13,"column":46}},"8":{"start":{"line":14,"column":0},"end":{"line":14,"column":54}},"9":{"start":{"line":21,"column":56},"end":{"line":175,"column":1}},"10":{"start":{"line":25,"column":16},"end":{"line":25,"column":32}},"11":{"start":{"line":26,"column":19},"end":{"line":26,"column":32}},"12":{"start":{"line":30,"column":6},"end":{"line":39,"column":4}},"13":{"start":{"line":41,"column":54},"end":{"line":41,"column":65}},"14":{"start":{"line":42,"column":25},"end":{"line":42,"column":36}},"15":{"start":{"line":43,"column":34},"end":{"line":43,"column":54}},"16":{"start":{"line":44,"column":2},"end":{"line":46,"column":3}},"17":{"start":{"line":45,"column":4},"end":{"line":45,"column":28}},"18":{"start":{"line":48,"column":22},"end":{"line":48,"column":38}},"19":{"start":{"line":51,"column":21},"end":{"line":56,"column":3}},"20":{"start":{"line":52,"column":31},"end":{"line":52,"column":70}},"21":{"start":{"line":53,"column":31},"end":{"line":53,"column":90}},"22":{"start":{"line":54,"column":26},"end":{"line":54,"column":69}},"23":{"start":{"line":55,"column":4},"end":{"line":55,"column":45}},"24":{"start":{"line":59,"column":23},"end":{"line":61,"column":3}},"25":{"start":{"line":60,"column":4},"end":{"line":60,"column":72}},"26":{"start":{"line":64,"column":21},"end":{"line":68,"column":3}},"27":{"start":{"line":65,"column":26},"end":{"line":65,"column":62}},"28":{"start":{"line":66,"column":4},"end":{"line":66,"column":88}},"29":{"start":{"line":67,"column":4},"end":{"line":67,"column":80}},"30":{"start":{"line":87,"column":22},"end":{"line":107,"column":4}},"31":{"start":{"line":87,"column":68},"end":{"line":107,"column":4}},"32":{"start":{"line":88,"column":4},"end":{"line":106,"column":5}},"33":{"start":{"line":89,"column":23},"end":{"line":89,"column":51}},"34":{"start":{"line":90,"column":27},"end":{"line":90,"column":67}},"35":{"start":{"line":91,"column":6},"end":{"line":97,"column":9}},"36":{"start":{"line":98,"column":6},"end":{"line":98,"column":20}},"37":{"start":{"line":99,"column":22},"end":{"line":99,"column":32}},"38":{"start":{"line":100,"column":6},"end":{"line":100,"column":46}},"39":{"start":{"line":101,"column":6},"end":{"line":101,"column":101}},"40":{"start":{"line":102,"column":6},"end":{"line":102,"column":23}},"41":{"start":{"line":104,"column":34},"end":{"line":104,"column":80}},"42":{"start":{"line":105,"column":6},"end":{"line":105,"column":85}},"43":{"start":{"line":109,"column":23},"end":{"line":132,"column":3}},"44":{"start":{"line":110,"column":4},"end":{"line":110,"column":27}},"45":{"start":{"line":111,"column":26},"end":{"line":111,"column":31}},"46":{"start":{"line":112,"column":23},"end":{"line":115,"column":6}},"47":{"start":{"line":117,"column":4},"end":{"line":121,"column":7}},"48":{"start":{"line":118,"column":27},"end":{"line":118,"column":32}},"49":{"start":{"line":119,"column":6},"end":{"line":119,"column":103}},"50":{"start":{"line":120,"column":6},"end":{"line":120,"column":80}},"51":{"start":{"line":123,"column":4},"end":{"line":131,"column":5}},"52":{"start":{"line":124,"column":6},"end":{"line":130,"column":11}},"53":{"start":{"line":126,"column":10},"end":{"line":126,"column":86}},"54":{"start":{"line":129,"column":10},"end":{"line":129,"column":46}},"55":{"start":{"line":134,"column":2},"end":{"line":174,"column":4}},"56":{"start":{"line":177,"column":0},"end":{"line":177,"column":34}}},"fnMap":{"0":{"name":"(anonymous_14)","decl":{"start":{"line":21,"column":56},"end":{"line":21,"column":57}},"loc":{"start":{"line":24,"column":30},"end":{"line":175,"column":1}}},"1":{"name":"(anonymous_15)","decl":{"start":{"line":51,"column":21},"end":{"line":51,"column":22}},"loc":{"start":{"line":51,"column":91},"end":{"line":56,"column":3}}},"2":{"name":"(anonymous_16)","decl":{"start":{"line":59,"column":23},"end":{"line":59,"column":24}},"loc":{"start":{"line":59,"column":64},"end":{"line":61,"column":3}}},"3":{"name":"(anonymous_17)","decl":{"start":{"line":64,"column":21},"end":{"line":64,"column":22}},"loc":{"start":{"line":64,"column":65},"end":{"line":68,"column":3}}},"4":{"name":"(anonymous_18)","decl":{"start":{"line":87,"column":22},"end":{"line":87,"column":29}},"loc":{"start":{"line":87,"column":68},"end":{"line":107,"column":4}}},"5":{"name":"(anonymous_19)","decl":{"start":{"line":87,"column":68},"end":{"line":87,"column":null}},"loc":{"start":{"line":87,"column":68},"end":{"line":107,"column":3}}},"6":{"name":"(anonymous_20)","decl":{"start":{"line":109,"column":23},"end":{"line":109,"column":24}},"loc":{"start":{"line":109,"column":61},"end":{"line":132,"column":3}}},"7":{"name":"(anonymous_21)","decl":{"start":{"line":117,"column":39},"end":{"line":117,"column":40}},"loc":{"start":{"line":117,"column":49},"end":{"line":121,"column":5}}},"8":{"name":"(anonymous_22)","decl":{"start":{"line":125,"column":14},"end":{"line":125,"column":15}},"loc":{"start":{"line":125,"column":25},"end":{"line":127,"column":9}}},"9":{"name":"(anonymous_23)","decl":{"start":{"line":128,"column":15},"end":{"line":128,"column":16}},"loc":{"start":{"line":128,"column":23},"end":{"line":130,"column":9}}}},"branchMap":{"0":{"loc":{"start":{"line":44,"column":2},"end":{"line":46,"column":3}},"type":"if","locations":[{"start":{"line":44,"column":2},"end":{"line":46,"column":3}}]},"1":{"loc":{"start":{"line":44,"column":6},"end":{"line":44,"column":43}},"type":"binary-expr","locations":[{"start":{"line":44,"column":6},"end":{"line":44,"column":16}},{"start":{"line":44,"column":20},"end":{"line":44,"column":43}}]},"2":{"loc":{"start":{"line":52,"column":31},"end":{"line":52,"column":70}},"type":"cond-expr","locations":[{"start":{"line":52,"column":46},"end":{"line":52,"column":65}},{"start":{"line":52,"column":68},"end":{"line":52,"column":70}}]},"3":{"loc":{"start":{"line":53,"column":31},"end":{"line":53,"column":90}},"type":"cond-expr","locations":[{"start":{"line":53,"column":61},"end":{"line":53,"column":85}},{"start":{"line":53,"column":88},"end":{"line":53,"column":90}}]},"4":{"loc":{"start":{"line":53,"column":31},"end":{"line":53,"column":58}},"type":"binary-expr","locations":[{"start":{"line":53,"column":31},"end":{"line":53,"column":36}},{"start":{"line":53,"column":40},"end":{"line":53,"column":58}}]},"5":{"loc":{"start":{"line":54,"column":26},"end":{"line":54,"column":69}},"type":"cond-expr","locations":[{"start":{"line":54,"column":46},"end":{"line":54,"column":56}},{"start":{"line":54,"column":59},"end":{"line":54,"column":69}}]},"6":{"loc":{"start":{"line":104,"column":34},"end":{"line":104,"column":72}},"type":"cond-expr","locations":[{"start":{"line":104,"column":64},"end":{"line":104,"column":66}},{"start":{"line":104,"column":64},"end":{"line":104,"column":72}}]},"7":{"loc":{"start":{"line":104,"column":34},"end":{"line":104,"column":66}},"type":"binary-expr","locations":[{"start":{"line":104,"column":34},"end":{"line":104,"column":66}},{"start":{"line":104,"column":64},"end":{"line":104,"column":66}}]},"8":{"loc":{"start":{"line":105,"column":12},"end":{"line":105,"column":84}},"type":"cond-expr","locations":[{"start":{"line":105,"column":34},"end":{"line":105,"column":57}},{"start":{"line":105,"column":60},"end":{"line":105,"column":84}}]},"9":{"loc":{"start":{"line":119,"column":40},"end":{"line":119,"column":99}},"type":"cond-expr","locations":[{"start":{"line":119,"column":55},"end":{"line":119,"column":74}},{"start":{"line":119,"column":77},"end":{"line":119,"column":99}}]},"10":{"loc":{"start":{"line":120,"column":24},"end":{"line":120,"column":79}},"type":"binary-expr","locations":[{"start":{"line":120,"column":25},"end":{"line":120,"column":37}},{"start":{"line":120,"column":41},"end":{"line":120,"column":70}},{"start":{"line":120,"column":75},"end":{"line":120,"column":79}}]},"11":{"loc":{"start":{"line":123,"column":4},"end":{"line":131,"column":5}},"type":"if","locations":[{"start":{"line":123,"column":4},"end":{"line":131,"column":5}}]},"12":{"loc":{"start":{"line":126,"column":10},"end":{"line":126,"column":85}},"type":"cond-expr","locations":[{"start":{"line":126,"column":33},"end":{"line":126,"column":50}},{"start":{"line":126,"column":53},"end":{"line":126,"column":85}}]}},"s":{"0":1,"1":1,"2":1,"3":1,"4":1,"5":1,"6":1,"7":1,"8":1,"9":1,"10":254,"11":254,"12":254,"13":254,"14":254,"15":254,"16":254,"17":0,"18":254,"19":254,"20":11,"21":11,"22":11,"23":11,"24":254,"25":105,"26":254,"27":11,"28":11,"29":11,"30":254,"31":2,"32":2,"33":2,"34":1,"35":1,"36":0,"37":0,"38":0,"39":0,"40":0,"41":2,"42":2,"43":254,"44":3,"45":3,"46":3,"47":3,"48":6,"49":6,"50":6,"51":3,"52":2,"53":0,"54":2,"55":254,"56":1},"f":{"0":254,"1":11,"2":105,"3":11,"4":2,"5":2,"6":3,"7":6,"8":0,"9":2},"b":{"0":[0],"1":[254,0],"2":[3,8],"3":[5,6],"4":[11,11],"5":[3,8],"6":[1,1],"7":[2,2],"8":[1,1],"9":[2,4],"10":[6,4,2],"11":[2],"12":[0,0]}}
,"C:\\wamp64\\www\\DWWM\\Stage Whis\\AppLogin\\client\\src\\containers\\RegisterForm\\form.style.ts": {"path":"C:\\wamp64\\www\\DWWM\\Stage Whis\\AppLogin\\client\\src\\containers\\RegisterForm\\form.style.ts","statementMap":{"0":{"start":{"line":1,"column":0},"end":{"line":1,"column":43}},"1":{"start":{"line":3,"column":13},"end":{"line":13,"column":2}},"2":{"start":{"line":4,"column":33},"end":{"line":4,"column":58}},"3":{"start":{"line":8,"column":33},"end":{"line":8,"column":64}},"4":{"start":{"line":9,"column":32},"end":{"line":9,"column":117}},"5":{"start":{"line":15,"column":13},"end":{"line":20,"column":2}},"6":{"start":{"line":22,"column":13},"end":{"line":35,"column":2}},"7":{"start":{"line":32,"column":24},"end":{"line":32,"column":56}},"8":{"start":{"line":37,"column":13},"end":{"line":47,"column":2}},"9":{"start":{"line":38,"column":22},"end":{"line":38,"column":54}},"10":{"start":{"line":49,"column":13},"end":{"line":58,"column":2}},"11":{"start":{"line":50,"column":30},"end":{"line":50,"column":80}},"12":{"start":{"line":51,"column":41},"end":{"line":53,"column":25}},"13":{"start":{"line":54,"column":32},"end":{"line":54,"column":59}},"14":{"start":{"line":60,"column":13},"end":{"line":63,"column":2}},"15":{"start":{"line":65,"column":13},"end":{"line":76,"column":2}}},"fnMap":{"0":{"name":"(anonymous_0)","decl":{"start":{"line":4,"column":22},"end":{"line":4,"column":23}},"loc":{"start":{"line":4,"column":33},"end":{"line":4,"column":58}}},"1":{"name":"(anonymous_1)","decl":{"start":{"line":8,"column":17},"end":{"line":8,"column":18}},"loc":{"start":{"line":8,"column":33},"end":{"line":8,"column":64}}},"2":{"name":"(anonymous_2)","decl":{"start":{"line":9,"column":16},"end":{"line":9,"column":17}},"loc":{"start":{"line":9,"column":32},"end":{"line":9,"column":117}}},"3":{"name":"(anonymous_3)","decl":{"start":{"line":32,"column":13},"end":{"line":32,"column":14}},"loc":{"start":{"line":32,"column":24},"end":{"line":32,"column":56}}},"4":{"name":"(anonymous_4)","decl":{"start":{"line":38,"column":11},"end":{"line":38,"column":12}},"loc":{"start":{"line":38,"column":22},"end":{"line":38,"column":54}}},"5":{"name":"(anonymous_5)","decl":{"start":{"line":50,"column":11},"end":{"line":50,"column":12}},"loc":{"start":{"line":50,"column":30},"end":{"line":50,"column":80}}},"6":{"name":"(anonymous_6)","decl":{"start":{"line":51,"column":22},"end":{"line":51,"column":23}},"loc":{"start":{"line":51,"column":41},"end":{"line":53,"column":25}}},"7":{"name":"(anonymous_7)","decl":{"start":{"line":54,"column":13},"end":{"line":54,"column":14}},"loc":{"start":{"line":54,"column":32},"end":{"line":54,"column":59}}}},"branchMap":{"0":{"loc":{"start":{"line":8,"column":33},"end":{"line":8,"column":64}},"type":"cond-expr","locations":[{"start":{"line":8,"column":52},"end":{"line":8,"column":55}},{"start":{"line":8,"column":58},"end":{"line":8,"column":64}}]},"1":{"loc":{"start":{"line":9,"column":32},"end":{"line":9,"column":117}},"type":"cond-expr","locations":[{"start":{"line":9,"column":51},"end":{"line":9,"column":82}},{"start":{"line":9,"column":85},"end":{"line":9,"column":117}}]},"2":{"loc":{"start":{"line":50,"column":30},"end":{"line":50,"column":80}},"type":"cond-expr","locations":[{"start":{"line":50,"column":61},"end":{"line":50,"column":72}},{"start":{"line":50,"column":75},"end":{"line":50,"column":80}}]},"3":{"loc":{"start":{"line":51,"column":41},"end":{"line":53,"column":25}},"type":"cond-expr","locations":[{"start":{"line":52,"column":6},"end":{"line":52,"column":29}},{"start":{"line":53,"column":6},"end":{"line":53,"column":25}}]},"4":{"loc":{"start":{"line":51,"column":41},"end":{"line":51,"column":132}},"type":"binary-expr","locations":[{"start":{"line":51,"column":41},"end":{"line":51,"column":69}},{"start":{"line":51,"column":73},"end":{"line":51,"column":94}},{"start":{"line":51,"column":98},"end":{"line":51,"column":132}}]},"5":{"loc":{"start":{"line":54,"column":32},"end":{"line":54,"column":59}},"type":"cond-expr","locations":[{"start":{"line":54,"column":43},"end":{"line":54,"column":50}},{"start":{"line":54,"column":53},"end":{"line":54,"column":59}}]}},"s":{"0":1,"1":1,"2":146,"3":146,"4":146,"5":1,"6":1,"7":146,"8":1,"9":146,"10":1,"11":146,"12":146,"13":146,"14":1,"15":1},"f":{"0":146,"1":146,"2":146,"3":146,"4":146,"5":146,"6":146,"7":146},"b":{"0":[0,146],"1":[0,146],"2":[0,146],"3":[0,146],"4":[146,146,146],"5":[2,144]}}
,"C:\\wamp64\\www\\DWWM\\Stage Whis\\AppLogin\\client\\src\\containers\\RegisterForm\\index.tsx": {"path":"C:\\wamp64\\www\\DWWM\\Stage Whis\\AppLogin\\client\\src\\containers\\RegisterForm\\index.tsx","statementMap":{"0":{"start":{"line":1,"column":0},"end":{"line":1,"column":null}},"1":{"start":{"line":4,"column":0},"end":{"line":4,"column":47}},"2":{"start":{"line":5,"column":0},"end":{"line":5,"column":47}},"3":{"start":{"line":7,"column":0},"end":{"line":7,"column":55}},"4":{"start":{"line":9,"column":0},"end":{"line":9,"column":52}},"5":{"start":{"line":10,"column":0},"end":{"line":10,"column":35}},"6":{"start":{"line":11,"column":0},"end":{"line":11,"column":46}},"7":{"start":{"line":12,"column":0},"end":{"line":12,"column":54}},"8":{"start":{"line":18,"column":62},"end":{"line":167,"column":1}},"9":{"start":{"line":19,"column":16},"end":{"line":19,"column":32}},"10":{"start":{"line":20,"column":19},"end":{"line":20,"column":32}},"11":{"start":{"line":24,"column":6},"end":{"line":41,"column":4}},"12":{"start":{"line":43,"column":54},"end":{"line":43,"column":65}},"13":{"start":{"line":44,"column":34},"end":{"line":44,"column":54}},"14":{"start":{"line":47,"column":21},"end":{"line":52,"column":3}},"15":{"start":{"line":48,"column":31},"end":{"line":48,"column":70}},"16":{"start":{"line":49,"column":31},"end":{"line":49,"column":90}},"17":{"start":{"line":50,"column":26},"end":{"line":50,"column":69}},"18":{"start":{"line":51,"column":4},"end":{"line":51,"column":45}},"19":{"start":{"line":55,"column":23},"end":{"line":57,"column":3}},"20":{"start":{"line":56,"column":4},"end":{"line":56,"column":72}},"21":{"start":{"line":60,"column":21},"end":{"line":64,"column":3}},"22":{"start":{"line":61,"column":26},"end":{"line":61,"column":62}},"23":{"start":{"line":62,"column":4},"end":{"line":62,"column":88}},"24":{"start":{"line":63,"column":4},"end":{"line":63,"column":80}},"25":{"start":{"line":74,"column":29},"end":{"line":87,"column":6}},"26":{"start":{"line":74,"column":55},"end":{"line":87,"column":6}},"27":{"start":{"line":76,"column":6},"end":{"line":79,"column":7}},"28":{"start":{"line":77,"column":8},"end":{"line":77,"column":41}},"29":{"start":{"line":78,"column":8},"end":{"line":78,"column":31}},"30":{"start":{"line":80,"column":6},"end":{"line":80,"column":37}},"31":{"start":{"line":83,"column":6},"end":{"line":85,"column":7}},"32":{"start":{"line":84,"column":8},"end":{"line":84,"column":45}},"33":{"start":{"line":86,"column":6},"end":{"line":86,"column":37}},"34":{"start":{"line":89,"column":23},"end":{"line":106,"column":3}},"35":{"start":{"line":90,"column":4},"end":{"line":90,"column":27}},"36":{"start":{"line":91,"column":26},"end":{"line":91,"column":31}},"37":{"start":{"line":92,"column":23},"end":{"line":97,"column":6}},"38":{"start":{"line":98,"column":4},"end":{"line":102,"column":7}},"39":{"start":{"line":99,"column":27},"end":{"line":99,"column":32}},"40":{"start":{"line":100,"column":6},"end":{"line":100,"column":103}},"41":{"start":{"line":101,"column":6},"end":{"line":101,"column":80}},"42":{"start":{"line":103,"column":4},"end":{"line":105,"column":5}},"43":{"start":{"line":104,"column":6},"end":{"line":104,"column":89}},"44":{"start":{"line":104,"column":52},"end":{"line":104,"column":87}},"45":{"start":{"line":108,"column":2},"end":{"line":166,"column":4}},"46":{"start":{"line":169,"column":0},"end":{"line":169,"column":37}}},"fnMap":{"0":{"name":"(anonymous_7)","decl":{"start":{"line":18,"column":62},"end":{"line":18,"column":63}},"loc":{"start":{"line":18,"column":79},"end":{"line":167,"column":1}}},"1":{"name":"(anonymous_8)","decl":{"start":{"line":47,"column":21},"end":{"line":47,"column":22}},"loc":{"start":{"line":47,"column":91},"end":{"line":52,"column":3}}},"2":{"name":"(anonymous_9)","decl":{"start":{"line":55,"column":23},"end":{"line":55,"column":24}},"loc":{"start":{"line":55,"column":64},"end":{"line":57,"column":3}}},"3":{"name":"(anonymous_10)","decl":{"start":{"line":60,"column":21},"end":{"line":60,"column":22}},"loc":{"start":{"line":60,"column":65},"end":{"line":64,"column":3}}},"4":{"name":"(anonymous_11)","decl":{"start":{"line":74,"column":29},"end":{"line":74,"column":30}},"loc":{"start":{"line":74,"column":55},"end":{"line":87,"column":6}}},"5":{"name":"(anonymous_12)","decl":{"start":{"line":75,"column":10},"end":{"line":75,"column":11}},"loc":{"start":{"line":75,"column":23},"end":{"line":81,"column":5}}},"6":{"name":"(anonymous_13)","decl":{"start":{"line":82,"column":11},"end":{"line":82,"column":12}},"loc":{"start":{"line":82,"column":33},"end":{"line":87,"column":5}}},"7":{"name":"(anonymous_14)","decl":{"start":{"line":89,"column":23},"end":{"line":89,"column":24}},"loc":{"start":{"line":89,"column":61},"end":{"line":106,"column":3}}},"8":{"name":"(anonymous_15)","decl":{"start":{"line":98,"column":39},"end":{"line":98,"column":40}},"loc":{"start":{"line":98,"column":49},"end":{"line":102,"column":5}}},"9":{"name":"(anonymous_16)","decl":{"start":{"line":104,"column":43},"end":{"line":104,"column":44}},"loc":{"start":{"line":104,"column":52},"end":{"line":104,"column":87}}}},"branchMap":{"0":{"loc":{"start":{"line":48,"column":31},"end":{"line":48,"column":70}},"type":"cond-expr","locations":[{"start":{"line":48,"column":46},"end":{"line":48,"column":65}},{"start":{"line":48,"column":68},"end":{"line":48,"column":70}}]},"1":{"loc":{"start":{"line":49,"column":31},"end":{"line":49,"column":90}},"type":"cond-expr","locations":[{"start":{"line":49,"column":61},"end":{"line":49,"column":85}},{"start":{"line":49,"column":88},"end":{"line":49,"column":90}}]},"2":{"loc":{"start":{"line":49,"column":31},"end":{"line":49,"column":58}},"type":"binary-expr","locations":[{"start":{"line":49,"column":31},"end":{"line":49,"column":36}},{"start":{"line":49,"column":40},"end":{"line":49,"column":58}}]},"3":{"loc":{"start":{"line":50,"column":26},"end":{"line":50,"column":69}},"type":"cond-expr","locations":[{"start":{"line":50,"column":46},"end":{"line":50,"column":56}},{"start":{"line":50,"column":59},"end":{"line":50,"column":69}}]},"4":{"loc":{"start":{"line":76,"column":6},"end":{"line":79,"column":7}},"type":"if","locations":[{"start":{"line":76,"column":6},"end":{"line":79,"column":7}}]},"5":{"loc":{"start":{"line":83,"column":6},"end":{"line":85,"column":7}},"type":"if","locations":[{"start":{"line":83,"column":6},"end":{"line":85,"column":7}}]},"6":{"loc":{"start":{"line":83,"column":10},"end":{"line":83,"column":32}},"type":"cond-expr","locations":[{"start":{"line":83,"column":24},"end":{"line":83,"column":26}},{"start":{"line":83,"column":24},"end":{"line":83,"column":32}}]},"7":{"loc":{"start":{"line":83,"column":10},"end":{"line":83,"column":26}},"type":"binary-expr","locations":[{"start":{"line":83,"column":10},"end":{"line":83,"column":26}},{"start":{"line":83,"column":24},"end":{"line":83,"column":26}}]},"8":{"loc":{"start":{"line":100,"column":40},"end":{"line":100,"column":99}},"type":"cond-expr","locations":[{"start":{"line":100,"column":55},"end":{"line":100,"column":74}},{"start":{"line":100,"column":77},"end":{"line":100,"column":99}}]},"9":{"loc":{"start":{"line":101,"column":24},"end":{"line":101,"column":79}},"type":"binary-expr","locations":[{"start":{"line":101,"column":25},"end":{"line":101,"column":37}},{"start":{"line":101,"column":41},"end":{"line":101,"column":70}},{"start":{"line":101,"column":75},"end":{"line":101,"column":79}}]},"10":{"loc":{"start":{"line":103,"column":4},"end":{"line":105,"column":5}},"type":"if","locations":[{"start":{"line":103,"column":4},"end":{"line":105,"column":5}}]}},"s":{"0":1,"1":1,"2":1,"3":1,"4":1,"5":1,"6":1,"7":1,"8":1,"9":146,"10":146,"11":146,"12":146,"13":146,"14":146,"15":12,"16":12,"17":12,"18":12,"19":146,"20":54,"21":146,"22":12,"23":12,"24":12,"25":146,"26":1,"27":1,"28":0,"29":0,"30":1,"31":1,"32":0,"33":1,"34":146,"35":2,"36":2,"37":2,"38":2,"39":8,"40":8,"41":8,"42":2,"43":1,"44":1,"45":146,"46":1},"f":{"0":146,"1":12,"2":54,"3":12,"4":1,"5":1,"6":1,"7":2,"8":8,"9":1},"b":{"0":[4,8],"1":[8,4],"2":[12,12],"3":[4,8],"4":[0],"5":[0],"6":[1,0],"7":[1,1],"8":[4,4],"9":[8,4,4],"10":[1]}}
,"C:\\wamp64\\www\\DWWM\\Stage Whis\\AppLogin\\client\\src\\containers\\UserPage\\index.tsx": {"path":"C:\\wamp64\\www\\DWWM\\Stage Whis\\AppLogin\\client\\src\\containers\\UserPage\\index.tsx","statementMap":{"0":{"start":{"line":1,"column":0},"end":{"line":1,"column":44}},"1":{"start":{"line":2,"column":0},"end":{"line":2,"column":47}},"2":{"start":{"line":3,"column":0},"end":{"line":3,"column":39}},"3":{"start":{"line":4,"column":0},"end":{"line":4,"column":54}},"4":{"start":{"line":5,"column":0},"end":{"line":5,"column":60}},"5":{"start":{"line":14,"column":54},"end":{"line":64,"column":1}},"6":{"start":{"line":20,"column":16},"end":{"line":20,"column":32}},"7":{"start":{"line":21,"column":44},"end":{"line":21,"column":68}},"8":{"start":{"line":22,"column":2},"end":{"line":63,"column":4}},"9":{"start":{"line":34,"column":40},"end":{"line":34,"column":69}},"10":{"start":{"line":37,"column":40},"end":{"line":37,"column":72}},"11":{"start":{"line":49,"column":25},"end":{"line":49,"column":49}},"12":{"start":{"line":66,"column":0},"end":{"line":66,"column":33}}},"fnMap":{"0":{"name":"(anonymous_7)","decl":{"start":{"line":14,"column":54},"end":{"line":14,"column":55}},"loc":{"start":{"line":19,"column":29},"end":{"line":64,"column":1}}},"1":{"name":"(anonymous_8)","decl":{"start":{"line":34,"column":34},"end":{"line":34,"column":37}},"loc":{"start":{"line":34,"column":40},"end":{"line":34,"column":69}}},"2":{"name":"(anonymous_9)","decl":{"start":{"line":37,"column":34},"end":{"line":37,"column":37}},"loc":{"start":{"line":37,"column":40},"end":{"line":37,"column":72}}},"3":{"name":"(anonymous_10)","decl":{"start":{"line":49,"column":19},"end":{"line":49,"column":22}},"loc":{"start":{"line":49,"column":25},"end":{"line":49,"column":49}}}},"branchMap":{},"s":{"0":0,"1":0,"2":0,"3":0,"4":0,"5":0,"6":0,"7":0,"8":0,"9":0,"10":0,"11":0,"12":0},"f":{"0":0,"1":0,"2":0,"3":0},"b":{}}
[...]
,"C:\\wamp64\\www\\DWWM\\Stage Whis\\AppLogin\\client\\src\\pages\\Login\\index.tsx": {"path":"C:\\wamp64\\www\\DWWM\\Stage Whis\\AppLogin\\client\\src\\pages\\Login\\index.tsx","statementMap":{"0":{"start":{"line":1,"column":0},"end":{"line":1,"column":42}},"1":{"start":{"line":2,"column":0},"end":{"line":2,"column":26}},"2":{"start":{"line":3,"column":0},"end":{"line":3,"column":47}},"3":{"start":{"line":5,"column":0},"end":{"line":5,"column":60}},"4":{"start":{"line":6,"column":0},"end":{"line":6,"column":60}},"5":{"start":{"line":7,"column":0},"end":{"line":7,"column":58}},"6":{"start":{"line":9,"column":14},"end":{"line":21,"column":1}},"7":{"start":{"line":10,"column":16},"end":{"line":10,"column":32}},"8":{"start":{"line":12,"column":2},"end":{"line":20,"column":4}},"9":{"start":{"line":23,"column":0},"end":{"line":23,"column":21}}},"fnMap":{"0":{"name":"(anonymous_7)","decl":{"start":{"line":9,"column":14},"end":{"line":9,"column":15}},"loc":{"start":{"line":9,"column":71},"end":{"line":21,"column":1}}}},"branchMap":{},"s":{"0":0,"1":0,"2":0,"3":0,"4":0,"5":0,"6":0,"7":0,"8":0,"9":0},"f":{"0":0},"b":{}}
,"C:\\wamp64\\www\\DWWM\\Stage Whis\\AppLogin\\client\\src\\pages\\Logout\\index.tsx": {"path":"C:\\wamp64\\www\\DWWM\\Stage Whis\\AppLogin\\client\\src\\pages\\Logout\\index.tsx","statementMap":{"0":{"start":{"line":1,"column":0},"end":{"line":1,"column":57}},"1":{"start":{"line":2,"column":0},"end":{"line":2,"column":47}},"2":{"start":{"line":3,"column":0},"end":{"line":3,"column":47}},"3":{"start":{"line":4,"column":0},"end":{"line":4,"column":60}},"4":{"start":{"line":5,"column":0},"end":{"line":5,"column":58}},"5":{"start":{"line":6,"column":0},"end":{"line":6,"column":54}},"6":{"start":{"line":7,"column":0},"end":{"line":7,"column":49}},"7":{"start":{"line":9,"column":19},"end":{"line":40,"column":1}},"8":{"start":{"line":10,"column":16},"end":{"line":10,"column":32}},"9":{"start":{"line":11,"column":19},"end":{"line":11,"column":32}},"10":{"start":{"line":12,"column":28},"end":{"line":12,"column":44}},"11":{"start":{"line":14,"column":2},"end":{"line":30,"column":26}},"12":{"start":{"line":15,"column":25},"end":{"line":27,"column":5}},"13":{"start":{"line":16,"column":6},"end":{"line":22,"column":9}},"14":{"start":{"line":23,"column":6},"end":{"line":23,"column":84}},"15":{"start":{"line":24,"column":6},"end":{"line":26,"column":15}},"16":{"start":{"line":25,"column":8},"end":{"line":25,"column":22}},"17":{"start":{"line":29,"column":4},"end":{"line":29,"column":19}},"18":{"start":{"line":32,"column":2},"end":{"line":39,"column":4}},"19":{"start":{"line":42,"column":0},"end":{"line":42,"column":22}}},"fnMap":{"0":{"name":"(anonymous_7)","decl":{"start":{"line":9,"column":19},"end":{"line":9,"column":22}},"loc":{"start":{"line":9,"column":24},"end":{"line":40,"column":1}}},"1":{"name":"(anonymous_8)","decl":{"start":{"line":14,"column":12},"end":{"line":14,"column":15}},"loc":{"start":{"line":14,"column":17},"end":{"line":30,"column":3}}},"2":{"name":"(anonymous_9)","decl":{"start":{"line":15,"column":25},"end":{"line":15,"column":28}},"loc":{"start":{"line":15,"column":30},"end":{"line":27,"column":5}}},"3":{"name":"(anonymous_10)","decl":{"start":{"line":24,"column":17},"end":{"line":24,"column":20}},"loc":{"start":{"line":24,"column":22},"end":{"line":26,"column":7}}}},"branchMap":{},"s":{"0":0,"1":0,"2":0,"3":0,"4":0,"5":0,"6":0,"7":0,"8":0,"9":0,"10":0,"11":0,"12":0,"13":0,"14":0,"15":0,"16":0,"17":0,"18":0,"19":0},"f":{"0":0,"1":0,"2":0,"3":0},"b":{}}
,"C:\\wamp64\\www\\DWWM\\Stage Whis\\AppLogin\\client\\src\\pages\\Logout\\logout.style.ts": {"path":"C:\\wamp64\\www\\DWWM\\Stage Whis\\AppLogin\\client\\src\\pages\\Logout\\logout.style.ts","statementMap":{"0":{"start":{"line":1,"column":0},"end":{"line":1,"column":43}},"1":{"start":{"line":3,"column":28},"end":{"line":12,"column":2}},"2":{"start":{"line":14,"column":0},"end":{"line":14,"column":35}}},"fnMap":{},"branchMap":{},"s":{"0":0,"1":0,"2":0},"f":{},"b":{}}
,"C:\\wamp64\\www\\DWWM\\Stage Whis\\AppLogin\\client\\src\\pages\\UserPage\\index.tsx": {"path":"C:\\wamp64\\www\\DWWM\\Stage Whis\\AppLogin\\client\\src\\pages\\UserPage\\index.tsx","statementMap":{"0":{"start":{"line":1,"column":0},"end":{"line":1,"column":42}},"1":{"start":{"line":2,"column":0},"end":{"line":2,"column":26}},"2":{"start":{"line":3,"column":0},"end":{"line":3,"column":47}},"3":{"start":{"line":5,"column":0},"end":{"line":5,"column":58}},"4":{"start":{"line":6,"column":0},"end":{"line":6,"column":60}},"5":{"start":{"line":7,"column":0},"end":{"line":7,"column":58}},"6":{"start":{"line":8,"column":0},"end":{"line":8,"column":58}},"7":{"start":{"line":9,"column":0},"end":{"line":9,"column":54}},"8":{"start":{"line":11,"column":17},"end":{"line":33,"column":1}},"9":{"start":{"line":12,"column":16},"end":{"line":12,"column":32}},"10":{"start":{"line":13,"column":19},"end":{"line":13,"column":35}},"11":{"start":{"line":15,"column":2},"end":{"line":17,"column":3}},"12":{"start":{"line":16,"column":4},"end":{"line":16,"column":16}},"13":{"start":{"line":19,"column":2},"end":{"line":32,"column":4}},"14":{"start":{"line":35,"column":0},"end":{"line":35,"column":24}}},"fnMap":{"0":{"name":"(anonymous_7)","decl":{"start":{"line":11,"column":17},"end":{"line":11,"column":20}},"loc":{"start":{"line":11,"column":22},"end":{"line":33,"column":1}}}},"branchMap":{"0":{"loc":{"start":{"line":15,"column":2},"end":{"line":17,"column":3}},"type":"if","locations":[{"start":{"line":15,"column":2},"end":{"line":17,"column":3}}]}},"s":{"0":0,"1":0,"2":0,"3":0,"4":0,"5":0,"6":0,"7":0,"8":0,"9":0,"10":0,"11":0,"12":0,"13":0,"14":0},"f":{"0":0},"b":{"0":[0]}}
,"C:\\wamp64\\www\\DWWM\\Stage Whis\\AppLogin\\client\\src\\services\\axios.service.tsx": {"path":"C:\\wamp64\\www\\DWWM\\Stage Whis\\AppLogin\\client\\src\\services\\axios.service.tsx","statementMap":{"0":{"start":{"line":1,"column":0},"end":{"line":1,"column":45}},"1":{"start":{"line":3,"column":0},"end":{"line":3,"column":49}},"2":{"start":{"line":5,"column":21},"end":{"line":8,"column":42}},"3":{"start":{"line":5,"column":75},"end":{"line":8,"column":42}},"4":{"start":{"line":7,"column":22},"end":{"line":7,"column":30}},"5":{"start":{"line":8,"column":20},"end":{"line":8,"column":41}},"6":{"start":{"line":5,"column":13},"end":{"line":5,"column":21}},"7":{"start":{"line":10,"column":24},"end":{"line":13,"column":42}},"8":{"start":{"line":10,"column":78},"end":{"line":13,"column":42}},"9":{"start":{"line":12,"column":22},"end":{"line":12,"column":30}},"10":{"start":{"line":13,"column":20},"end":{"line":13,"column":41}},"11":{"start":{"line":10,"column":13},"end":{"line":10,"column":24}},"12":{"start":{"line":15,"column":27},"end":{"line":23,"column":2}},"13":{"start":{"line":15,"column":51},"end":{"line":23,"column":2}},"14":{"start":{"line":16,"column":18},"end":{"line":16,"column":67}},"15":{"start":{"line":17,"column":2},"end":{"line":22,"column":3}},"16":{"start":{"line":18,"column":21},"end":{"line":18,"column":67}},"17":{"start":{"line":19,"column":4},"end":{"line":19,"column":35}},"18":{"start":{"line":21,"column":4},"end":{"line":21,"column":17}},"19":{"start":{"line":15,"column":13},"end":{"line":15,"column":27}},"20":{"start":{"line":25,"column":30},"end":{"line":33,"column":2}},"21":{"start":{"line":25,"column":86},"end":{"line":33,"column":2}},"22":{"start":{"line":26,"column":16},"end":{"line":26,"column":95}},"23":{"start":{"line":27,"column":24},"end":{"line":27,"column":48}},"24":{"start":{"line":28,"column":2},"end":{"line":31,"column":3}},"25":{"start":{"line":29,"column":21},"end":{"line":29,"column":94}},"26":{"start":{"line":30,"column":4},"end":{"line":30,"column":20}},"27":{"start":{"line":32,"column":2},"end":{"line":32,"column":19}},"28":{"start":{"line":25,"column":13},"end":{"line":25,"column":30}},"29":{"start":{"line":48,"column":28},"end":{"line":56,"column":2}},"30":{"start":{"line":48,"column":63},"end":{"line":56,"column":2}},"31":{"start":{"line":49,"column":16},"end":{"line":49,"column":95}},"32":{"start":{"line":50,"column":22},"end":{"line":50,"column":44}},"33":{"start":{"line":51,"column":2},"end":{"line":54,"column":3}},"34":{"start":{"line":52,"column":35},"end":{"line":52,"column":59}},"35":{"start":{"line":53,"column":4},"end":{"line":53,"column":27}},"36":{"start":{"line":55,"column":2},"end":{"line":55,"column":15}},"37":{"start":{"line":58,"column":26},"end":{"line":64,"column":2}},"38":{"start":{"line":58,"column":93},"end":{"line":64,"column":2}},"39":{"start":{"line":59,"column":2},"end":{"line":62,"column":3}},"40":{"start":{"line":60,"column":21},"end":{"line":60,"column":69}},"41":{"start":{"line":61,"column":4},"end":{"line":61,"column":20}},"42":{"start":{"line":63,"column":2},"end":{"line":63,"column":39}},"43":{"start":{"line":58,"column":13},"end":{"line":58,"column":26}},"44":{"start":{"line":66,"column":30},"end":{"line":77,"column":2}},"45":{"start":{"line":71,"column":34},"end":{"line":77,"column":2}},"46":{"start":{"line":72,"column":2},"end":{"line":75,"column":3}},"47":{"start":{"line":73,"column":21},"end":{"line":73,"column":73}},"48":{"start":{"line":74,"column":4},"end":{"line":74,"column":20}},"49":{"start":{"line":76,"column":2},"end":{"line":76,"column":19}},"50":{"start":{"line":66,"column":13},"end":{"line":66,"column":30}}},"fnMap":{"0":{"name":"(anonymous_8)","decl":{"start":{"line":5,"column":21},"end":{"line":5,"column":22}},"loc":{"start":{"line":5,"column":75},"end":{"line":8,"column":42}}},"1":{"name":"(anonymous_9)","decl":{"start":{"line":7,"column":8},"end":{"line":7,"column":9}},"loc":{"start":{"line":7,"column":22},"end":{"line":7,"column":30}}},"2":{"name":"(anonymous_10)","decl":{"start":{"line":8,"column":9},"end":{"line":8,"column":10}},"loc":{"start":{"line":8,"column":20},"end":{"line":8,"column":41}}},"3":{"name":"(anonymous_11)","decl":{"start":{"line":10,"column":24},"end":{"line":10,"column":25}},"loc":{"start":{"line":10,"column":78},"end":{"line":13,"column":42}}},"4":{"name":"(anonymous_12)","decl":{"start":{"line":12,"column":8},"end":{"line":12,"column":9}},"loc":{"start":{"line":12,"column":22},"end":{"line":12,"column":30}}},"5":{"name":"(anonymous_13)","decl":{"start":{"line":13,"column":9},"end":{"line":13,"column":10}},"loc":{"start":{"line":13,"column":20},"end":{"line":13,"column":41}}},"6":{"name":"(anonymous_14)","decl":{"start":{"line":15,"column":27},"end":{"line":15,"column":34}},"loc":{"start":{"line":15,"column":51},"end":{"line":23,"column":2}}},"7":{"name":"(anonymous_15)","decl":{"start":{"line":15,"column":51},"end":{"line":15,"column":null}},"loc":{"start":{"line":15,"column":51},"end":{"line":23,"column":1}}},"8":{"name":"(anonymous_16)","decl":{"start":{"line":25,"column":30},"end":{"line":25,"column":37}},"loc":{"start":{"line":25,"column":86},"end":{"line":33,"column":2}}},"9":{"name":"(anonymous_17)","decl":{"start":{"line":25,"column":86},"end":{"line":25,"column":null}},"loc":{"start":{"line":25,"column":86},"end":{"line":33,"column":1}}},"10":{"name":"(anonymous_18)","decl":{"start":{"line":48,"column":28},"end":{"line":48,"column":35}},"loc":{"start":{"line":48,"column":63},"end":{"line":56,"column":2}}},"11":{"name":"(anonymous_19)","decl":{"start":{"line":48,"column":63},"end":{"line":48,"column":null}},"loc":{"start":{"line":48,"column":63},"end":{"line":56,"column":1}}},"12":{"name":"(anonymous_20)","decl":{"start":{"line":58,"column":26},"end":{"line":58,"column":33}},"loc":{"start":{"line":58,"column":93},"end":{"line":64,"column":2}}},"13":{"name":"(anonymous_21)","decl":{"start":{"line":58,"column":93},"end":{"line":58,"column":null}},"loc":{"start":{"line":58,"column":93},"end":{"line":64,"column":1}}},"14":{"name":"(anonymous_22)","decl":{"start":{"line":66,"column":30},"end":{"line":66,"column":37}},"loc":{"start":{"line":71,"column":34},"end":{"line":77,"column":2}}},"15":{"name":"(anonymous_23)","decl":{"start":{"line":71,"column":34},"end":{"line":71,"column":null}},"loc":{"start":{"line":71,"column":34},"end":{"line":77,"column":1}}}},"branchMap":{"0":{"loc":{"start":{"line":28,"column":2},"end":{"line":31,"column":3}},"type":"if","locations":[{"start":{"line":28,"column":2},"end":{"line":31,"column":3}}]},"1":{"loc":{"start":{"line":51,"column":2},"end":{"line":54,"column":3}},"type":"if","locations":[{"start":{"line":51,"column":2},"end":{"line":54,"column":3}}]},"2":{"loc":{"start":{"line":59,"column":2},"end":{"line":62,"column":3}},"type":"if","locations":[{"start":{"line":59,"column":2},"end":{"line":62,"column":3}}]},"3":{"loc":{"start":{"line":72,"column":2},"end":{"line":75,"column":3}},"type":"if","locations":[{"start":{"line":72,"column":2},"end":{"line":75,"column":3}}]}},"s":{"0":4,"1":4,"2":4,"3":5,"4":3,"5":2,"6":4,"7":4,"8":1,"9":1,"10":0,"11":4,"12":4,"13":2,"14":2,"15":2,"16":2,"17":2,"18":0,"19":4,"20":4,"21":0,"22":0,"23":0,"24":0,"25":0,"26":0,"27":0,"28":4,"29":4,"30":3,"31":3,"32":3,"33":2,"34":2,"35":2,"36":0,"37":4,"38":2,"39":2,"40":1,"41":1,"42":0,"43":4,"44":4,"45":1,"46":1,"47":1,"48":1,"49":0,"50":4},"f":{"0":5,"1":3,"2":2,"3":1,"4":1,"5":0,"6":2,"7":2,"8":0,"9":0,"10":3,"11":3,"12":2,"13":2,"14":1,"15":1},"b":{"0":[0],"1":[2],"2":[1],"3":[1]}}
,"C:\\wamp64\\www\\DWWM\\Stage Whis\\AppLogin\\client\\src\\themes\\Theme.tsx": {"path":"C:\\wamp64\\www\\DWWM\\Stage Whis\\AppLogin\\client\\src\\themes\\Theme.tsx","statementMap":{"0":{"start":{"line":1,"column":0},"end":{"line":1,"column":48}},"1":{"start":{"line":2,"column":0},"end":{"line":2,"column":46}},"2":{"start":{"line":11,"column":25},"end":{"line":13,"column":2}},"3":{"start":{"line":15,"column":13},"end":{"line":19,"column":null}},"4":{"start":{"line":22,"column":13},"end":{"line":26,"column":null}}},"fnMap":{},"branchMap":{},"s":{"0":0,"1":0,"2":0,"3":0,"4":0},"f":{},"b":{}}
,"C:\\wamp64\\www\\DWWM\\Stage Whis\\AppLogin\\client\\src\\utils\\PrivateRoutes.tsx": {"path":"C:\\wamp64\\www\\DWWM\\Stage Whis\\AppLogin\\client\\src\\utils\\PrivateRoutes.tsx","statementMap":{"0":{"start":{"line":1,"column":0},"end":{"line":1,"column":34}},"1":{"start":{"line":2,"column":0},"end":{"line":2,"column":52}},"2":{"start":{"line":8,"column":46},"end":{"line":8,"column":152}},"3":{"start":{"line":8,"column":72},"end":{"line":8,"column":151}},"4":{"start":{"line":10,"column":0},"end":{"line":10,"column":29}}},"fnMap":{"0":{"name":"(anonymous_1)","decl":{"start":{"line":8,"column":46},"end":{"line":8,"column":47}},"loc":{"start":{"line":8,"column":72},"end":{"line":8,"column":151}}}},"branchMap":{"0":{"loc":{"start":{"line":8,"column":72},"end":{"line":8,"column":151}},"type":"cond-expr","locations":[{"start":{"line":8,"column":90},"end":{"line":8,"column":100}},{"start":{"line":8,"column":103},"end":{"line":8,"column":151}}]}},"s":{"0":0,"1":0,"2":0,"3":0,"4":0},"f":{"0":0},"b":{"0":[0,0]}}
,"C:\\wamp64\\www\\DWWM\\Stage Whis\\AppLogin\\client\\src\\utils\\PublicOnlyRoutes.tsx": {"path":"C:\\wamp64\\www\\DWWM\\Stage Whis\\AppLogin\\client\\src\\utils\\PublicOnlyRoutes.tsx","statementMap":{"0":{"start":{"line":1,"column":0},"end":{"line":1,"column":34}},"1":{"start":{"line":2,"column":0},"end":{"line":2,"column":52}},"2":{"start":{"line":8,"column":52},"end":{"line":8,"column":133}},"3":{"start":{"line":8,"column":78},"end":{"line":8,"column":132}},"4":{"start":{"line":10,"column":0},"end":{"line":10,"column":32}}},"fnMap":{"0":{"name":"(anonymous_1)","decl":{"start":{"line":8,"column":52},"end":{"line":8,"column":53}},"loc":{"start":{"line":8,"column":78},"end":{"line":8,"column":132}}}},"branchMap":{"0":{"loc":{"start":{"line":8,"column":78},"end":{"line":8,"column":132}},"type":"cond-expr","locations":[{"start":{"line":8,"column":96},"end":{"line":8,"column":119}},{"start":{"line":8,"column":122},"end":{"line":8,"column":132}}]}},"s":{"0":0,"1":0,"2":0,"3":0,"4":0},"f":{"0":0},"b":{"0":[0,0]}}
,"C:\\wamp64\\www\\DWWM\\Stage Whis\\AppLogin\\client\\src\\utils\\formUtils.tsx": {"path":"C:\\wamp64\\www\\DWWM\\Stage Whis\\AppLogin\\client\\src\\utils\\formUtils.tsx","statementMap":{"0":{"start":{"line":1,"column":0},"end":{"line":1,"column":47}},"1":{"start":{"line":18,"column":27},"end":{"line":58,"column":1}},"2":{"start":{"line":19,"column":16},"end":{"line":19,"column":32}},"3":{"start":{"line":22,"column":44},"end":{"line":28,"column":4}},"4":{"start":{"line":31,"column":36},"end":{"line":40,"column":4}},"5":{"start":{"line":43,"column":44},"end":{"line":50,"column":4}},"6":{"start":{"line":53,"column":2},"end":{"line":57,"column":4}},"7":{"start":{"line":60,"column":0},"end":{"line":60,"column":34}}},"fnMap":{"0":{"name":"(anonymous_0)","decl":{"start":{"line":18,"column":27},"end":{"line":18,"column":30}},"loc":{"start":{"line":18,"column":32},"end":{"line":58,"column":1}}}},"branchMap":{},"s":{"0":4,"1":4,"2":592,"3":592,"4":592,"5":592,"6":592,"7":4},"f":{"0":592},"b":{}}
,"C:\\wamp64\\www\\DWWM\\Stage Whis\\AppLogin\\client\\src\\utils\\test-utils\\index.tsx": {"path":"C:\\wamp64\\www\\DWWM\\Stage Whis\\AppLogin\\client\\src\\utils\\test-utils\\index.tsx","statementMap":{"0":{"start":{"line":1,"column":0},"end":{"line":1,"column":65}},"1":{"start":{"line":2,"column":0},"end":{"line":2,"column":63}},"2":{"start":{"line":3,"column":0},"end":{"line":3,"column":65}},"3":{"start":{"line":4,"column":0},"end":{"line":4,"column":64}},"4":{"start":{"line":5,"column":0},"end":{"line":5,"column":49}},"5":{"start":{"line":7,"column":17},"end":{"line":13,"column":2}},"6":{"start":{"line":15,"column":24},"end":{"line":18,"column":1}},"7":{"start":{"line":16,"column":24},"end":{"line":16,"column":99}},"8":{"start":{"line":16,"column":39},"end":{"line":16,"column":76}},"9":{"start":{"line":17,"column":2},"end":{"line":17,"column":22}},"10":{"start":{"line":20,"column":24},"end":{"line":29,"column":null}},"11":{"start":{"line":21,"column":2},"end":{"line":28,"column":null}},"12":{"start":{"line":32,"column":21},"end":{"line":35,"column":57}},"13":{"start":{"line":35,"column":5},"end":{"line":35,"column":57}},"14":{"start":{"line":38,"column":25},"end":{"line":38,"column":31}},"15":{"start":{"line":37,"column":0},"end":{"line":37,"column":39}}},"fnMap":{"0":{"name":"(anonymous_7)","decl":{"start":{"line":15,"column":24},"end":{"line":15,"column":27}},"loc":{"start":{"line":15,"column":29},"end":{"line":18,"column":1}}},"1":{"name":"(anonymous_8)","decl":{"start":{"line":16,"column":32},"end":{"line":16,"column":35}},"loc":{"start":{"line":16,"column":39},"end":{"line":16,"column":76}}},"2":{"name":"(anonymous_9)","decl":{"start":{"line":16,"column":66},"end":{"line":16,"column":69}},"loc":{"start":{"line":16,"column":71},"end":{"line":16,"column":74}}},"3":{"name":"(anonymous_10)","decl":{"start":{"line":20,"column":24},"end":{"line":20,"column":25}},"loc":{"start":{"line":21,"column":2},"end":{"line":28,"column":null}}},"4":{"name":"(anonymous_11)","decl":{"start":{"line":32,"column":21},"end":{"line":32,"column":null}},"loc":{"start":{"line":35,"column":5},"end":{"line":35,"column":57}}}},"branchMap":{},"s":{"0":4,"1":4,"2":4,"3":4,"4":4,"5":4,"6":4,"7":21,"8":21,"9":21,"10":4,"11":21,"12":4,"13":21,"14":4,"15":4},"f":{"0":21,"1":21,"2":1,"3":21,"4":21},"b":{}}
}
