TN:
SF:src\App.tsx
FN:14,App
FN:16,(anonymous_15)
FN:20,(anonymous_16)
FN:21,(anonymous_17)
FN:21,(anonymous_18)
FN:27,(anonymous_19)
FNF:6
FNH:0
FNDA:0,App
FNDA:0,(anonymous_15)
FNDA:0,(anonymous_16)
FNDA:0,(anonymous_17)
FNDA:0,(anonymous_18)
FNDA:0,(anonymous_19)
DA:1,0
DA:2,0
DA:3,0
DA:4,0
DA:5,0
DA:6,0
DA:7,0
DA:8,0
DA:9,0
DA:10,0
DA:11,0
DA:12,0
DA:15,0
DA:16,0
DA:17,0
DA:20,0
DA:21,0
DA:22,0
DA:23,0
DA:24,0
DA:27,0
DA:30,0
DA:57,0
LF:23
LH:0
BRF:0
BRH:0
end_of_record
TN:
SF:src\index.tsx
FNF:0
FNH:0
DA:1,0
DA:2,0
DA:3,0
DA:5,0
DA:6,0
DA:8,0
LF:6
LH:0
BRF:0
BRH:0
end_of_record
TN:
SF:src\react-app-env.d.ts
FNF:0
FNH:0
LF:0
LH:0
BRF:0
BRH:0
end_of_record
TN:
SF:src\components\Body\body.style.ts
FN:8,(anonymous_1)
FN:15,(anonymous_2)
FNF:2
FNH:0
FNDA:0,(anonymous_1)
FNDA:0,(anonymous_2)
DA:1,0
DA:7,0
DA:8,0
DA:15,0
DA:18,0
LF:5
LH:0
BRF:0
BRH:0
end_of_record
TN:
SF:src\components\Body\index.tsx
FN:16,(anonymous_14)
FN:22,(anonymous_15)
FN:23,(anonymous_16)
FN:23,(anonymous_17)
FN:32,(anonymous_18)
FN:35,(anonymous_19)
FNF:6
FNH:0
FNDA:0,(anonymous_14)
FNDA:0,(anonymous_15)
FNDA:0,(anonymous_16)
FNDA:0,(anonymous_17)
FNDA:0,(anonymous_18)
FNDA:0,(anonymous_19)
DA:1,0
DA:2,0
DA:3,0
DA:4,0
DA:5,0
DA:6,0
DA:7,0
DA:9,0
DA:16,0
DA:17,0
DA:18,0
DA:20,0
DA:22,0
DA:23,0
DA:24,0
DA:25,0
DA:26,0
DA:32,0
DA:35,0
DA:36,0
DA:39,0
DA:48,0
LF:22
LH:0
BRDA:20,0,0,0
BRDA:20,0,1,0
BRDA:25,1,0,0
BRDA:25,1,1,0
BRDA:25,2,0,0
BRDA:25,2,1,0
BRDA:25,3,0,0
BRDA:25,3,1,0
BRF:8
BRH:0
end_of_record
TN:
SF:src\components\Footer\footer.style.ts
FN:14,(anonymous_1)
FNF:1
FNH:0
FNDA:0,(anonymous_1)
DA:1,0
DA:7,0
DA:14,0
DA:20,0
LF:4
LH:0
BRF:0
BRH:0
end_of_record
TN:
SF:src\components\Footer\index.tsx
FN:9,(anonymous_1)
FNF:1
FNH:0
FNDA:0,(anonymous_1)
DA:1,0
DA:2,0
DA:3,0
DA:4,0
DA:5,0
DA:9,0
DA:10,0
DA:11,0
DA:13,0
DA:14,0
DA:16,0
DA:24,0
LF:12
LH:0
BRDA:14,0,0,0
BRDA:14,0,1,0
BRDA:14,1,0,0
BRDA:14,1,1,0
BRF:4
BRH:0
end_of_record
TN:
SF:src\components\Header\header.style.ts
FN:4,(anonymous_0)
FN:18,(anonymous_1)
FN:35,(anonymous_2)
FN:36,(anonymous_3)
FNF:4
FNH:0
FNDA:0,(anonymous_0)
FNDA:0,(anonymous_1)
FNDA:0,(anonymous_2)
FNDA:0,(anonymous_3)
DA:1,0
DA:3,0
DA:4,0
DA:11,0
DA:17,0
DA:18,0
DA:22,0
DA:34,0
DA:35,0
DA:36,0
LF:10
LH:0
BRDA:18,0,0,0
BRDA:18,0,1,0
BRDA:35,1,0,0
BRDA:35,1,1,0
BRF:4
BRH:0
end_of_record
TN:
SF:src\components\Header\index.tsx
FN:8,(anonymous_7)
FNF:1
FNH:0
FNDA:0,(anonymous_7)
DA:1,0
DA:2,0
DA:3,0
DA:4,0
DA:8,0
DA:9,0
DA:11,0
DA:13,0
DA:47,0
DA:49,0
LF:10
LH:0
BRDA:11,0,0,0
BRDA:11,0,1,0
BRDA:11,0,2,0
BRDA:31,1,0,0
BRDA:31,1,1,0
BRDA:31,2,0,0
BRDA:31,2,1,0
BRF:7
BRH:0
end_of_record
TN:
SF:src\components\Input\index.tsx
FN:16,(anonymous_7)
FN:37,(anonymous_8)
FN:39,(anonymous_9)
FNF:3
FNH:3
FNDA:1728,(anonymous_7)
FNDA:45,(anonymous_8)
FNDA:213,(anonymous_9)
DA:1,4
DA:2,4
DA:16,4
DA:27,1728
DA:37,45
DA:39,213
DA:46,4
LF:7
LH:7
BRDA:25,0,0,1474
BRF:1
BRH:1
end_of_record
TN:
SF:src\components\Input\input.style.ts
FN:4,(anonymous_0)
FN:15,(anonymous_1)
FN:24,(anonymous_2)
FNF:3
FNH:3
FNDA:1728,(anonymous_0)
FNDA:1728,(anonymous_1)
FNDA:1728,(anonymous_2)
DA:1,4
DA:3,4
DA:4,1728
DA:10,4
DA:15,1728
DA:18,4
DA:24,1728
LF:7
LH:7
BRDA:15,0,0,230
BRDA:15,0,1,1498
BRDA:24,1,0,230
BRDA:24,1,1,1498
BRF:4
BRH:4
end_of_record
TN:
SF:src\components\ToggleButton\DarkmodeToggle.tsx
FN:11,(anonymous_7)
FN:16,(anonymous_8)
FNF:2
FNH:0
FNDA:0,(anonymous_7)
FNDA:0,(anonymous_8)
DA:1,0
DA:2,0
DA:3,0
DA:4,0
DA:5,0
DA:11,0
DA:12,0
DA:14,0
DA:16,0
DA:17,0
DA:18,0
DA:21,0
DA:33,0
LF:13
LH:0
BRDA:18,0,0,0
BRDA:18,0,1,0
BRF:2
BRH:0
end_of_record
TN:
SF:src\components\ToggleButton\LanguageToggle.tsx
FN:12,(anonymous_14)
FN:21,(anonymous_15)
FN:21,(anonymous_16)
FN:29,(anonymous_17)
FN:35,(anonymous_18)
FN:37,(anonymous_19)
FNF:6
FNH:0
FNDA:0,(anonymous_14)
FNDA:0,(anonymous_15)
FNDA:0,(anonymous_16)
FNDA:0,(anonymous_17)
FNDA:0,(anonymous_18)
FNDA:0,(anonymous_19)
DA:1,0
DA:2,0
DA:3,0
DA:4,0
DA:5,0
DA:6,0
DA:12,0
DA:13,0
DA:14,0
DA:21,0
DA:22,0
DA:27,0
DA:29,0
DA:35,0
DA:36,0
DA:37,0
DA:40,0
DA:52,0
LF:18
LH:0
BRDA:27,0,0,0
BRDA:27,0,1,0
BRDA:37,1,0,0
BRDA:37,1,1,0
BRDA:37,2,0,0
BRDA:37,2,1,0
BRDA:37,3,0,0
BRDA:37,3,1,0
BRDA:37,4,0,0
BRDA:37,4,1,0
BRF:10
BRH:0
end_of_record
TN:
SF:src\components\ToggleButton\index.tsx
FNF:0
FNH:0
DA:1,0
DA:2,0
DA:4,0
LF:3
LH:0
BRF:0
BRH:0
end_of_record
TN:
SF:src\components\ToggleButton\toggleButton.style.ts
FN:4,(anonymous_0)
FN:57,(anonymous_1)
FNF:2
FNH:0
FNDA:0,(anonymous_0)
FNDA:0,(anonymous_1)
DA:1,0
DA:3,0
DA:4,0
DA:9,0
DA:16,0
DA:40,0
DA:54,0
DA:57,0
DA:60,0
LF:9
LH:0
BRDA:57,0,0,0
BRDA:57,0,1,0
BRF:2
BRH:0
end_of_record
TN:
SF:src\containers\EditInfosForm\form.style.ts
FN:4,(anonymous_0)
FN:8,(anonymous_1)
FN:9,(anonymous_2)
FN:32,(anonymous_3)
FN:38,(anonymous_4)
FN:50,(anonymous_5)
FN:51,(anonymous_6)
FN:54,(anonymous_7)
FNF:8
FNH:5
FNDA:0,(anonymous_0)
FNDA:0,(anonymous_1)
FNDA:0,(anonymous_2)
FNDA:126,(anonymous_3)
FNDA:126,(anonymous_4)
FNDA:126,(anonymous_5)
FNDA:126,(anonymous_6)
FNDA:126,(anonymous_7)
DA:1,1
DA:3,1
DA:4,0
DA:8,0
DA:9,0
DA:15,1
DA:22,1
DA:32,126
DA:37,1
DA:38,126
DA:49,1
DA:50,126
DA:51,126
DA:54,126
DA:60,1
DA:65,1
LF:16
LH:13
BRDA:8,0,0,0
BRDA:8,0,1,0
BRDA:9,1,0,0
BRDA:9,1,1,0
BRDA:50,2,0,0
BRDA:50,2,1,126
BRDA:51,3,0,2
BRDA:51,3,1,124
BRDA:51,4,0,126
BRDA:51,4,1,126
BRDA:51,4,2,124
BRDA:54,5,0,4
BRDA:54,5,1,122
BRF:13
BRH:8
end_of_record
TN:
SF:src\containers\EditInfosForm\index.tsx
FN:13,(anonymous_7)
FN:46,(anonymous_8)
FN:54,(anonymous_9)
FN:59,(anonymous_10)
FN:73,(anonymous_11)
FN:74,(anonymous_12)
FN:75,(anonymous_13)
FN:83,(anonymous_14)
FN:87,(anonymous_15)
FN:97,(anonymous_16)
FN:104,(anonymous_17)
FN:105,(anonymous_18)
FNF:12
FNH:11
FNDA:126,(anonymous_7)
FNDA:16,(anonymous_8)
FNDA:34,(anonymous_9)
FNDA:16,(anonymous_10)
FNDA:2,(anonymous_11)
FNDA:1,(anonymous_12)
FNDA:0,(anonymous_13)
FNDA:1,(anonymous_14)
FNDA:3,(anonymous_15)
FNDA:15,(anonymous_16)
FNDA:1,(anonymous_17)
FNDA:1,(anonymous_18)
DA:1,1
DA:4,1
DA:5,1
DA:6,1
DA:8,1
DA:9,1
DA:10,1
DA:11,1
DA:13,1
DA:14,126
DA:15,126
DA:19,126
DA:42,126
DA:43,126
DA:46,126
DA:47,16
DA:48,16
DA:49,16
DA:50,16
DA:54,126
DA:55,34
DA:59,126
DA:60,16
DA:61,16
DA:62,16
DA:73,126
DA:75,1
DA:81,1
DA:84,1
DA:87,126
DA:88,3
DA:89,3
DA:90,3
DA:97,3
DA:98,15
DA:99,15
DA:100,15
DA:102,3
DA:103,2
DA:104,1
DA:105,1
DA:109,126
DA:165,1
LF:43
LH:43
BRDA:47,0,0,10
BRDA:47,0,1,6
BRDA:48,1,0,14
BRDA:48,1,1,2
BRDA:48,2,0,16
BRDA:48,2,1,16
BRDA:49,3,0,10
BRDA:49,3,1,6
BRDA:99,4,0,4
BRDA:99,4,1,11
BRDA:100,5,0,15
BRDA:100,5,1,11
BRDA:100,5,2,4
BRDA:102,6,0,2
BRF:14
BRH:14
end_of_record
TN:
SF:src\containers\EditPasswordForm\form.style.ts
FN:4,(anonymous_0)
FN:8,(anonymous_1)
FN:9,(anonymous_2)
FN:32,(anonymous_3)
FN:38,(anonymous_4)
FN:50,(anonymous_5)
FN:51,(anonymous_6)
FN:54,(anonymous_7)
FNF:8
FNH:5
FNDA:0,(anonymous_0)
FNDA:0,(anonymous_1)
FNDA:0,(anonymous_2)
FNDA:66,(anonymous_3)
FNDA:66,(anonymous_4)
FNDA:66,(anonymous_5)
FNDA:66,(anonymous_6)
FNDA:66,(anonymous_7)
DA:1,1
DA:3,1
DA:4,0
DA:8,0
DA:9,0
DA:15,1
DA:22,1
DA:32,66
DA:37,1
DA:38,66
DA:49,1
DA:50,66
DA:51,66
DA:54,66
DA:60,1
DA:65,1
LF:16
LH:13
BRDA:8,0,0,0
BRDA:8,0,1,0
BRDA:9,1,0,0
BRDA:9,1,1,0
BRDA:50,2,0,0
BRDA:50,2,1,66
BRDA:51,3,0,2
BRDA:51,3,1,64
BRDA:51,4,0,66
BRDA:51,4,1,66
BRDA:51,4,2,64
BRDA:54,5,0,2
BRDA:54,5,1,64
BRF:13
BRH:8
end_of_record
TN:
SF:src\containers\EditPasswordForm\index.tsx
FN:13,(anonymous_7)
FN:41,(anonymous_8)
FN:49,(anonymous_9)
FN:54,(anonymous_10)
FN:68,(anonymous_11)
FN:69,(anonymous_12)
FN:70,(anonymous_13)
FN:74,(anonymous_14)
FN:83,(anonymous_15)
FN:90,(anonymous_16)
FN:91,(anonymous_17)
FNF:11
FNH:9
FNDA:66,(anonymous_7)
FNDA:6,(anonymous_8)
FNDA:20,(anonymous_9)
FNDA:6,(anonymous_10)
FNDA:1,(anonymous_11)
FNDA:1,(anonymous_12)
FNDA:0,(anonymous_13)
FNDA:2,(anonymous_14)
FNDA:8,(anonymous_15)
FNDA:1,(anonymous_16)
FNDA:0,(anonymous_17)
DA:1,1
DA:4,1
DA:5,1
DA:7,1
DA:8,1
DA:9,1
DA:10,1
DA:11,1
DA:13,1
DA:14,66
DA:15,66
DA:16,66
DA:17,66
DA:21,66
DA:41,66
DA:42,6
DA:43,6
DA:44,6
DA:45,6
DA:49,66
DA:50,20
DA:54,66
DA:55,6
DA:56,6
DA:57,6
DA:68,66
DA:69,1
DA:71,0
DA:74,66
DA:75,2
DA:76,2
DA:77,2
DA:83,2
DA:84,8
DA:85,8
DA:86,8
DA:88,2
DA:89,1
DA:90,1
DA:91,0
DA:95,66
DA:131,1
LF:42
LH:40
BRDA:42,0,0,2
BRDA:42,0,1,4
BRDA:43,1,0,4
BRDA:43,1,1,2
BRDA:43,2,0,6
BRDA:43,2,1,6
BRDA:44,3,0,2
BRDA:44,3,1,4
BRDA:85,4,0,2
BRDA:85,4,1,6
BRDA:86,5,0,8
BRDA:86,5,1,6
BRDA:86,5,2,2
BRDA:88,6,0,1
BRF:14
BRH:14
end_of_record
TN:
SF:src\containers\LoginForm\form.style.ts
FN:4,(anonymous_0)
FN:8,(anonymous_1)
FN:9,(anonymous_2)
FN:32,(anonymous_3)
FN:38,(anonymous_4)
FN:50,(anonymous_5)
FN:51,(anonymous_6)
FN:54,(anonymous_7)
FNF:8
FNH:8
FNDA:254,(anonymous_0)
FNDA:254,(anonymous_1)
FNDA:254,(anonymous_2)
FNDA:254,(anonymous_3)
FNDA:254,(anonymous_4)
FNDA:254,(anonymous_5)
FNDA:254,(anonymous_6)
FNDA:254,(anonymous_7)
DA:1,1
DA:3,1
DA:4,254
DA:8,254
DA:9,254
DA:15,1
DA:22,1
DA:32,254
DA:37,1
DA:38,254
DA:49,1
DA:50,254
DA:51,254
DA:54,254
DA:60,1
DA:65,1
LF:16
LH:16
BRDA:8,0,0,254
BRDA:8,0,1,0
BRDA:9,1,0,254
BRDA:9,1,1,0
BRDA:50,2,0,0
BRDA:50,2,1,254
BRDA:51,3,0,0
BRDA:51,3,1,254
BRDA:51,4,0,254
BRDA:51,4,1,254
BRDA:51,4,2,254
BRDA:54,5,0,4
BRDA:54,5,1,250
BRF:13
BRH:9
end_of_record
TN:
SF:src\containers\LoginForm\index.tsx
FN:21,(anonymous_14)
FN:51,(anonymous_15)
FN:59,(anonymous_16)
FN:64,(anonymous_17)
FN:87,(anonymous_18)
FN:87,(anonymous_19)
FN:109,(anonymous_20)
FN:117,(anonymous_21)
FN:125,(anonymous_22)
FN:128,(anonymous_23)
FNF:10
FNH:9
FNDA:254,(anonymous_14)
FNDA:11,(anonymous_15)
FNDA:105,(anonymous_16)
FNDA:11,(anonymous_17)
FNDA:2,(anonymous_18)
FNDA:2,(anonymous_19)
FNDA:3,(anonymous_20)
FNDA:6,(anonymous_21)
FNDA:0,(anonymous_22)
FNDA:2,(anonymous_23)
DA:1,1
DA:4,1
DA:5,1
DA:8,1
DA:9,1
DA:11,1
DA:12,1
DA:13,1
DA:14,1
DA:21,1
DA:25,254
DA:26,254
DA:30,254
DA:41,254
DA:42,254
DA:43,254
DA:44,254
DA:45,0
DA:48,254
DA:51,254
DA:52,11
DA:53,11
DA:54,11
DA:55,11
DA:59,254
DA:60,105
DA:64,254
DA:65,11
DA:66,11
DA:67,11
DA:87,254
DA:88,2
DA:89,2
DA:90,1
DA:91,1
DA:98,0
DA:99,0
DA:100,0
DA:101,0
DA:102,0
DA:104,2
DA:105,2
DA:109,254
DA:110,3
DA:111,3
DA:112,3
DA:117,3
DA:118,6
DA:119,6
DA:120,6
DA:123,3
DA:124,2
DA:126,0
DA:129,2
DA:134,254
DA:177,1
LF:56
LH:49
BRDA:44,0,0,0
BRDA:44,1,0,254
BRDA:44,1,1,0
BRDA:52,2,0,3
BRDA:52,2,1,8
BRDA:53,3,0,5
BRDA:53,3,1,6
BRDA:53,4,0,11
BRDA:53,4,1,11
BRDA:54,5,0,3
BRDA:54,5,1,8
BRDA:104,6,0,1
BRDA:104,6,1,1
BRDA:104,7,0,2
BRDA:104,7,1,2
BRDA:105,8,0,1
BRDA:105,8,1,1
BRDA:119,9,0,2
BRDA:119,9,1,4
BRDA:120,10,0,6
BRDA:120,10,1,4
BRDA:120,10,2,2
BRDA:123,11,0,2
BRDA:126,12,0,0
BRDA:126,12,1,0
BRF:25
BRH:21
end_of_record
TN:
SF:src\containers\RegisterForm\form.style.ts
FN:4,(anonymous_0)
FN:8,(anonymous_1)
FN:9,(anonymous_2)
FN:32,(anonymous_3)
FN:38,(anonymous_4)
FN:50,(anonymous_5)
FN:51,(anonymous_6)
FN:54,(anonymous_7)
FNF:8
FNH:8
FNDA:146,(anonymous_0)
FNDA:146,(anonymous_1)
FNDA:146,(anonymous_2)
FNDA:146,(anonymous_3)
FNDA:146,(anonymous_4)
FNDA:146,(anonymous_5)
FNDA:146,(anonymous_6)
FNDA:146,(anonymous_7)
DA:1,1
DA:3,1
DA:4,146
DA:8,146
DA:9,146
DA:15,1
DA:22,1
DA:32,146
DA:37,1
DA:38,146
DA:49,1
DA:50,146
DA:51,146
DA:54,146
DA:60,1
DA:65,1
LF:16
LH:16
BRDA:8,0,0,0
BRDA:8,0,1,146
BRDA:9,1,0,0
BRDA:9,1,1,146
BRDA:50,2,0,0
BRDA:50,2,1,146
BRDA:51,3,0,0
BRDA:51,3,1,146
BRDA:51,4,0,146
BRDA:51,4,1,146
BRDA:51,4,2,146
BRDA:54,5,0,2
BRDA:54,5,1,144
BRF:13
BRH:9
end_of_record
TN:
SF:src\containers\RegisterForm\index.tsx
FN:18,(anonymous_7)
FN:47,(anonymous_8)
FN:55,(anonymous_9)
FN:60,(anonymous_10)
FN:74,(anonymous_11)
FN:75,(anonymous_12)
FN:82,(anonymous_13)
FN:89,(anonymous_14)
FN:98,(anonymous_15)
FN:104,(anonymous_16)
FNF:10
FNH:10
FNDA:146,(anonymous_7)
FNDA:12,(anonymous_8)
FNDA:54,(anonymous_9)
FNDA:12,(anonymous_10)
FNDA:1,(anonymous_11)
FNDA:1,(anonymous_12)
FNDA:1,(anonymous_13)
FNDA:2,(anonymous_14)
FNDA:8,(anonymous_15)
FNDA:1,(anonymous_16)
DA:1,1
DA:4,1
DA:5,1
DA:7,1
DA:9,1
DA:10,1
DA:11,1
DA:12,1
DA:18,1
DA:19,146
DA:20,146
DA:24,146
DA:43,146
DA:44,146
DA:47,146
DA:48,12
DA:49,12
DA:50,12
DA:51,12
DA:55,146
DA:56,54
DA:60,146
DA:61,12
DA:62,12
DA:63,12
DA:74,146
DA:76,1
DA:77,0
DA:78,0
DA:80,1
DA:83,1
DA:84,0
DA:86,1
DA:89,146
DA:90,2
DA:91,2
DA:92,2
DA:98,2
DA:99,8
DA:100,8
DA:101,8
DA:103,2
DA:104,1
DA:108,146
DA:169,1
LF:45
LH:42
BRDA:48,0,0,4
BRDA:48,0,1,8
BRDA:49,1,0,8
BRDA:49,1,1,4
BRDA:49,2,0,12
BRDA:49,2,1,12
BRDA:50,3,0,4
BRDA:50,3,1,8
BRDA:76,4,0,0
BRDA:83,5,0,0
BRDA:83,6,0,1
BRDA:83,6,1,0
BRDA:83,7,0,1
BRDA:83,7,1,1
BRDA:100,8,0,4
BRDA:100,8,1,4
BRDA:101,9,0,8
BRDA:101,9,1,4
BRDA:101,9,2,4
BRDA:103,10,0,1
BRF:20
BRH:17
end_of_record
TN:
SF:src\containers\UserPage\index.tsx
FN:14,(anonymous_7)
FN:34,(anonymous_8)
FN:37,(anonymous_9)
FN:49,(anonymous_10)
FNF:4
FNH:0
FNDA:0,(anonymous_7)
FNDA:0,(anonymous_8)
FNDA:0,(anonymous_9)
FNDA:0,(anonymous_10)
DA:1,0
DA:2,0
DA:3,0
DA:4,0
DA:5,0
DA:14,0
DA:20,0
DA:21,0
DA:22,0
DA:34,0
DA:37,0
DA:49,0
DA:66,0
LF:13
LH:0
BRF:0
BRH:0
end_of_record
TN:
SF:src\containers\UserPage\userPage.style.ts
FN:32,(anonymous_0)
FN:45,(anonymous_1)
FN:46,(anonymous_2)
FN:60,(anonymous_3)
FN:64,(anonymous_4)
FNF:5
FNH:0
FNDA:0,(anonymous_0)
FNDA:0,(anonymous_1)
FNDA:0,(anonymous_2)
FNDA:0,(anonymous_3)
FNDA:0,(anonymous_4)
DA:1,0
DA:3,0
DA:9,0
DA:14,0
DA:23,0
DA:32,0
DA:36,0
DA:44,0
DA:45,0
DA:46,0
DA:54,0
DA:58,0
DA:60,0
DA:63,0
DA:64,0
LF:15
LH:0
BRDA:60,0,0,0
BRDA:60,0,1,0
BRDA:64,1,0,0
BRDA:64,1,1,0
BRF:4
BRH:0
end_of_record
TN:
SF:src\context\style-context.tsx
FN:20,(anonymous_6)
FN:34,(anonymous_7)
FN:41,(anonymous_8)
FN:45,(anonymous_9)
FNF:4
FNH:3
FNDA:0,(anonymous_6)
FNDA:42,(anonymous_7)
FNDA:42,(anonymous_8)
FNDA:42,(anonymous_9)
DA:1,4
DA:18,4
DA:20,4
DA:21,0
DA:22,0
DA:23,0
DA:27,0
DA:34,4
DA:35,42
DA:38,42
DA:40,42
DA:41,42
DA:45,42
DA:46,42
DA:49,42
DA:56,4
LF:16
LH:12
BRDA:22,0,0,0
BRDA:35,1,0,42
BRDA:35,1,1,8
BRF:3
BRH:2
end_of_record
TN:
SF:src\context\user-context.tsx
FN:34,(anonymous_6)
FN:37,(anonymous_7)
FN:45,(anonymous_8)
FN:54,(anonymous_9)
FN:57,(anonymous_10)
FN:59,(anonymous_11)
FNF:6
FNH:1
FNDA:0,(anonymous_6)
FNDA:446,(anonymous_7)
FNDA:0,(anonymous_8)
FNDA:0,(anonymous_9)
FNDA:0,(anonymous_10)
FNDA:0,(anonymous_11)
DA:1,4
DA:26,4
DA:37,4
DA:38,446
DA:39,446
DA:40,0
DA:42,446
DA:45,4
DA:46,0
DA:47,0
DA:54,4
DA:55,0
DA:56,0
DA:57,0
DA:59,0
DA:60,0
DA:63,0
DA:68,4
LF:18
LH:9
BRDA:39,0,0,0
BRDA:47,1,0,0
BRDA:47,1,1,0
BRDA:47,2,0,0
BRDA:47,2,1,0
BRDA:55,3,0,0
BRDA:55,3,1,0
BRF:7
BRH:0
end_of_record
TN:
SF:src\hooks\useFormValues.ts
FN:34,(anonymous_0)
FN:59,useFormValues
FN:63,(anonymous_2)
FN:67,(anonymous_3)
FN:68,(anonymous_4)
FN:69,(anonymous_5)
FNF:6
FNH:6
FNDA:682,(anonymous_0)
FNDA:592,useFormValues
FNDA:42,(anonymous_2)
FNDA:258,(anonymous_3)
FNDA:82,(anonymous_4)
FNDA:1,(anonymous_5)
DA:1,4
DA:32,4
DA:34,4
DA:35,682
DA:37,516
DA:45,164
DA:53,2
DA:55,0
DA:60,592
DA:61,592
DA:63,42
DA:65,592
DA:67,258
DA:68,82
DA:69,1
DA:73,4
LF:16
LH:15
BRDA:35,0,0,516
BRDA:35,0,1,164
BRDA:35,0,2,2
BRDA:35,0,3,0
BRDA:59,1,0,0
BRF:5
BRH:3
end_of_record
TN:
SF:src\locale\i18n.ts
FN:27,(anonymous_8)
FN:28,(anonymous_9)
FN:28,(anonymous_10)
FNF:3
FNH:0
FNDA:0,(anonymous_8)
FNDA:0,(anonymous_9)
FNDA:0,(anonymous_10)
DA:1,0
DA:2,0
DA:3,0
DA:4,0
DA:5,0
DA:7,0
DA:28,0
DA:29,0
DA:32,0
LF:9
LH:0
BRF:0
BRH:0
end_of_record
TN:
SF:src\pages\Index\index.style.ts
FNF:0
FNH:0
DA:1,0
DA:3,0
DA:9,0
LF:3
LH:0
BRF:0
BRH:0
end_of_record
TN:
SF:src\pages\Index\index.tsx
FN:10,(anonymous_7)
FNF:1
FNH:0
FNDA:0,(anonymous_7)
DA:1,0
DA:2,0
DA:3,0
DA:4,0
DA:5,0
DA:6,0
DA:10,0
DA:11,0
DA:20,0
DA:22,0
LF:10
LH:0
BRF:0
BRH:0
end_of_record
TN:
SF:src\pages\Inscription\index.tsx
FN:9,(anonymous_7)
FNF:1
FNH:0
FNDA:0,(anonymous_7)
DA:1,0
DA:3,0
DA:5,0
DA:6,0
DA:7,0
DA:9,0
DA:10,0
DA:12,0
DA:23,0
LF:9
LH:0
BRF:0
BRH:0
end_of_record
TN:
SF:src\pages\Login\index.tsx
FN:9,(anonymous_7)
FNF:1
FNH:0
FNDA:0,(anonymous_7)
DA:1,0
DA:2,0
DA:3,0
DA:5,0
DA:6,0
DA:7,0
DA:9,0
DA:10,0
DA:12,0
DA:23,0
LF:10
LH:0
BRF:0
BRH:0
end_of_record
TN:
SF:src\pages\Logout\index.tsx
FN:9,(anonymous_7)
FN:14,(anonymous_8)
FN:15,(anonymous_9)
FN:24,(anonymous_10)
FNF:4
FNH:0
FNDA:0,(anonymous_7)
FNDA:0,(anonymous_8)
FNDA:0,(anonymous_9)
FNDA:0,(anonymous_10)
DA:1,0
DA:2,0
DA:3,0
DA:4,0
DA:5,0
DA:6,0
DA:7,0
DA:9,0
DA:10,0
DA:11,0
DA:12,0
DA:14,0
DA:15,0
DA:16,0
DA:23,0
DA:24,0
DA:25,0
DA:29,0
DA:32,0
DA:42,0
LF:20
LH:0
BRF:0
BRH:0
end_of_record
TN:
SF:src\pages\Logout\logout.style.ts
FNF:0
FNH:0
DA:1,0
DA:3,0
DA:14,0
LF:3
LH:0
BRF:0
BRH:0
end_of_record
TN:
SF:src\pages\UserPage\index.tsx
FN:11,(anonymous_7)
FNF:1
FNH:0
FNDA:0,(anonymous_7)
DA:1,0
DA:2,0
DA:3,0
DA:5,0
DA:6,0
DA:7,0
DA:8,0
DA:9,0
DA:11,0
DA:12,0
DA:13,0
DA:15,0
DA:16,0
DA:19,0
DA:35,0
LF:15
LH:0
BRDA:15,0,0,0
BRF:1
BRH:0
end_of_record
TN:
SF:src\services\axios.service.tsx
FN:5,(anonymous_8)
FN:7,(anonymous_9)
FN:8,(anonymous_10)
FN:10,(anonymous_11)
FN:12,(anonymous_12)
FN:13,(anonymous_13)
FN:15,(anonymous_14)
FN:15,(anonymous_15)
FN:25,(anonymous_16)
FN:25,(anonymous_17)
FN:48,(anonymous_18)
FN:48,(anonymous_19)
FN:58,(anonymous_20)
FN:58,(anonymous_21)
FN:66,(anonymous_22)
FN:71,(anonymous_23)
FNF:16
FNH:13
FNDA:5,(anonymous_8)
FNDA:3,(anonymous_9)
FNDA:2,(anonymous_10)
FNDA:1,(anonymous_11)
FNDA:1,(anonymous_12)
FNDA:0,(anonymous_13)
FNDA:2,(anonymous_14)
FNDA:2,(anonymous_15)
FNDA:0,(anonymous_16)
FNDA:0,(anonymous_17)
FNDA:3,(anonymous_18)
FNDA:3,(anonymous_19)
FNDA:2,(anonymous_20)
FNDA:2,(anonymous_21)
FNDA:1,(anonymous_22)
FNDA:1,(anonymous_23)
DA:1,4
DA:3,4
DA:5,5
DA:7,3
DA:8,2
DA:10,4
DA:12,1
DA:13,0
DA:15,4
DA:16,2
DA:17,2
DA:18,2
DA:19,2
DA:21,0
DA:25,4
DA:26,0
DA:27,0
DA:28,0
DA:29,0
DA:30,0
DA:32,0
DA:48,4
DA:49,3
DA:50,3
DA:51,2
DA:52,2
DA:53,2
DA:55,0
DA:58,4
DA:59,2
DA:60,1
DA:61,1
DA:63,0
DA:66,4
DA:71,1
DA:72,1
DA:73,1
DA:74,1
DA:76,0
LF:39
LH:28
BRDA:28,0,0,0
BRDA:51,1,0,2
BRDA:59,2,0,1
BRDA:72,3,0,1
BRF:4
BRH:3
end_of_record
TN:
SF:src\themes\Theme.tsx
FNF:0
FNH:0
DA:1,0
DA:2,0
DA:11,0
DA:15,0
DA:22,0
LF:5
LH:0
BRF:0
BRH:0
end_of_record
TN:
SF:src\utils\PrivateRoutes.tsx
FN:8,(anonymous_1)
FNF:1
FNH:0
FNDA:0,(anonymous_1)
DA:1,0
DA:2,0
DA:8,0
DA:10,0
LF:4
LH:0
BRDA:8,0,0,0
BRDA:8,0,1,0
BRF:2
BRH:0
end_of_record
TN:
SF:src\utils\PublicOnlyRoutes.tsx
FN:8,(anonymous_1)
FNF:1
FNH:0
FNDA:0,(anonymous_1)
DA:1,0
DA:2,0
DA:8,0
DA:10,0
LF:4
LH:0
BRDA:8,0,0,0
BRDA:8,0,1,0
BRF:2
BRH:0
end_of_record
TN:
SF:src\utils\formUtils.tsx
FN:18,(anonymous_0)
FNF:1
FNH:1
FNDA:592,(anonymous_0)
DA:1,4
DA:18,4
DA:19,592
DA:22,592
DA:31,592
DA:43,592
DA:53,592
DA:60,4
LF:8
LH:8
BRF:0
BRH:0
end_of_record
TN:
SF:src\utils\test-utils\index.tsx
FN:15,(anonymous_7)
FN:16,(anonymous_8)
FN:16,(anonymous_9)
FN:20,(anonymous_10)
FN:32,(anonymous_11)
FNF:5
FNH:5
FNDA:21,(anonymous_7)
FNDA:21,(anonymous_8)
FNDA:1,(anonymous_9)
FNDA:21,(anonymous_10)
FNDA:21,(anonymous_11)
DA:1,4
DA:2,4
DA:3,4
DA:4,4
DA:5,4
DA:7,4
DA:15,4
DA:16,21
DA:17,21
DA:20,4
DA:21,21
DA:32,4
DA:35,21
DA:37,4
DA:38,4
LF:15
LH:15
BRF:0
BRH:0
end_of_record
